#
# There is insufficient memory for the Java Runtime Environment to continue.
# Native memory allocation (malloc) failed to allocate 301328 bytes. Error detail: Chunk::new
# Possible reasons:
#   The system is out of physical RAM or swap space
#   This process is running with CompressedOops enabled, and the Java Heap may be blocking the growth of the native heap
# Possible solutions:
#   Reduce memory load on the system
#   Increase physical memory or swap space
#   Check if swap backing store is full
#   Decrease Java heap size (-Xmx/-Xms)
#   Decrease number of Java threads
#   Decrease Java thread stack sizes (-Xss)
#   Set larger code cache with -XX:ReservedCodeCacheSize=
#   JVM is running with Zero Based Compressed Oops mode in which the Java heap is
#     placed in the first 32GB address space. The Java Heap base address is the
#     maximum limit for the native heap growth. Please use -XX:HeapBaseMinAddress
#     to set the Java Heap base and to place the Java Heap above 32GB virtual address.
# This output file may be truncated or incomplete.
#
#  Out of Memory Error (arena.cpp:149), pid=4116, tid=17636
#
# JRE version: OpenJDK Runtime Environment (23.0.2+7) (build 23.0.2+7-58)
# Java VM: OpenJDK 64-Bit Server VM (23.0.2+7-58, mixed mode, sharing, tiered, compressed oops, compressed class ptrs, g1 gc, windows-amd64)
# No core dump will be written. Minidumps are not enabled by default on client versions of Windows
#

---------------  S U M M A R Y ------------

Command Line: -Dmaven.multiModuleProjectDirectory=C:\Users\MSI\Documents\versionmonsieur\pidev3A32_v1 -Djansi.passthrough=true -Dmaven.home=C:\Program Files\JetBrains\IntelliJ IDEA 2024.3.3\plugins\maven\lib\maven3 -Dclassworlds.conf=C:\Program Files\JetBrains\IntelliJ IDEA 2024.3.3\plugins\maven\lib\maven3\bin\m2.conf -Dmaven.ext.class.path=C:\Program Files\JetBrains\IntelliJ IDEA 2024.3.3\plugins\maven\lib\maven-event-listener.jar -javaagent:C:\Program Files\JetBrains\IntelliJ IDEA 2024.3.3\lib\idea_rt.jar=64131:C:\Program Files\JetBrains\IntelliJ IDEA 2024.3.3\bin -Dfile.encoding=UTF-8 -Dsun.stdout.encoding=UTF-8 -Dsun.stderr.encoding=UTF-8 org.codehaus.classworlds.Launcher -Didea.version=2024.3.3 org.openjfx:javafx-maven-plugin:0.0.8:run

Host: Intel(R) Core(TM) i7-10750H CPU @ 2.60GHz, 12 cores, 15G,  Windows 10 , 64 bit Build 19041 (10.0.19041.5438)
Time: Tue Feb 18 12:03:58 2025 Afr. centrale Ouest elapsed time: 2.043307 seconds (0d 0h 0m 2s)

---------------  T H R E A D  ---------------

Current thread (0x000002a2a37cc620):  JavaThread "C2 CompilerThread2" daemon [_thread_in_native, id=17636, stack(0x000000c0b0000000,0x000000c0b0100000) (1024K)]


Current CompileTask:
C2:2043 3742 %     4       java.io.WinNTFileSystem::normalize @ 58 (224 bytes)

Stack: [0x000000c0b0000000,0x000000c0b0100000]
Native frames: (J=compiled Java code, j=interpreted, Vv=VM code, C=native code)
V  [jvm.dll+0x6e0b99]  (no source info available)
V  [jvm.dll+0x87e2b3]  (no source info available)
V  [jvm.dll+0x88073e]  (no source info available)
V  [jvm.dll+0x880e13]  (no source info available)
V  [jvm.dll+0x27b006]  (no source info available)
V  [jvm.dll+0xbc06f]  (no source info available)
V  [jvm.dll+0xbc2cb]  (no source info available)
V  [jvm.dll+0x3b3c5c]  (no source info available)
V  [jvm.dll+0x38a55b]  (no source info available)
V  [jvm.dll+0x3899ca]  (no source info available)
V  [jvm.dll+0x244ba1]  (no source info available)
V  [jvm.dll+0x243eff]  (no source info available)
V  [jvm.dll+0x1c34b0]  (no source info available)
V  [jvm.dll+0x253df1]  (no source info available)
V  [jvm.dll+0x2520aa]  (no source info available)
V  [jvm.dll+0x3ee226]  (no source info available)
V  [jvm.dll+0x8254cb]  (no source info available)
V  [jvm.dll+0x6df345]  (no source info available)
C  [ucrtbase.dll+0x21bb2]  (no source info available)
C  [KERNEL32.DLL+0x17374]  (no source info available)
C  [ntdll.dll+0x4cc91]  (no source info available)

Lock stack of current Java thread (top to bottom):


---------------  P R O C E S S  ---------------

Threads class SMR info:
_java_thread_list=0x000002a2a431bfd0, length=15, elements={
0x000002a23dd9e540, 0x000002a25d6dfce0, 0x000002a25d6e0db0, 0x000002a25d6e4b40,
0x000002a25d6e59b0, 0x000002a25d6e6bd0, 0x000002a25d6e78b0, 0x000002a25d6e9ab0,
0x000002a25d6ea970, 0x000002a25d7f0ff0, 0x000002a25d8a1810, 0x000002a25d9c3a90,
0x000002a25d9c5110, 0x000002a2a37cc620, 0x000002a2a462c2d0
}

Java Threads: ( => current thread )
  0x000002a23dd9e540 JavaThread "main"                              [_thread_in_vm, id=5400, stack(0x000000c0aec00000,0x000000c0aed00000) (1024K)]
  0x000002a25d6dfce0 JavaThread "Reference Handler"          daemon [_thread_blocked, id=9852, stack(0x000000c0af400000,0x000000c0af500000) (1024K)]
  0x000002a25d6e0db0 JavaThread "Finalizer"                  daemon [_thread_blocked, id=10356, stack(0x000000c0af500000,0x000000c0af600000) (1024K)]
  0x000002a25d6e4b40 JavaThread "Signal Dispatcher"          daemon [_thread_blocked, id=10252, stack(0x000000c0af600000,0x000000c0af700000) (1024K)]
  0x000002a25d6e59b0 JavaThread "Attach Listener"            daemon [_thread_blocked, id=9628, stack(0x000000c0af700000,0x000000c0af800000) (1024K)]
  0x000002a25d6e6bd0 JavaThread "Service Thread"             daemon [_thread_blocked, id=10196, stack(0x000000c0af800000,0x000000c0af900000) (1024K)]
  0x000002a25d6e78b0 JavaThread "Monitor Deflation Thread"   daemon [_thread_blocked, id=11044, stack(0x000000c0af900000,0x000000c0afa00000) (1024K)]
  0x000002a25d6e9ab0 JavaThread "C2 CompilerThread0"         daemon [_thread_in_native, id=10952, stack(0x000000c0afa00000,0x000000c0afb00000) (1024K)]
  0x000002a25d6ea970 JavaThread "C1 CompilerThread0"         daemon [_thread_blocked, id=10352, stack(0x000000c0afb00000,0x000000c0afc00000) (1024K)]
  0x000002a25d7f0ff0 JavaThread "Common-Cleaner"             daemon [_thread_blocked, id=10660, stack(0x000000c0afc00000,0x000000c0afd00000) (1024K)]
  0x000002a25d8a1810 JavaThread "C2 CompilerThread1"         daemon [_thread_in_native, id=9148, stack(0x000000c0afd00000,0x000000c0afe00000) (1024K)]
  0x000002a25d9c3a90 JavaThread "Monitor Ctrl-Break"         daemon [_thread_in_native, id=2388, stack(0x000000c0afe00000,0x000000c0aff00000) (1024K)]
  0x000002a25d9c5110 JavaThread "Notification Thread"        daemon [_thread_blocked, id=2980, stack(0x000000c0aff00000,0x000000c0b0000000) (1024K)]
=>0x000002a2a37cc620 JavaThread "C2 CompilerThread2"         daemon [_thread_in_native, id=17636, stack(0x000000c0b0000000,0x000000c0b0100000) (1024K)]
  0x000002a2a462c2d0 JavaThread "Thread-1"                   daemon [_thread_blocked, id=8972, stack(0x000000c0b0a00000,0x000000c0b0b00000) (1024K)]
Total: 15

Other Threads:
  0x000002a25d6c5860 VMThread "VM Thread"                           [id=10288, stack(0x000000c0af300000,0x000000c0af400000) (1024K)]
  0x000002a25d6b50d0 WatcherThread "VM Periodic Task Thread"        [id=10300, stack(0x000000c0af200000,0x000000c0af300000) (1024K)]
  0x000002a23de0afc0 WorkerThread "GC Thread#0"                     [id=7368, stack(0x000000c0aed00000,0x000000c0aee00000) (1024K)]
  0x000002a2a3832780 WorkerThread "GC Thread#1"                     [id=11596, stack(0x000000c0b0100000,0x000000c0b0200000) (1024K)]
  0x000002a2a3832b30 WorkerThread "GC Thread#2"                     [id=19344, stack(0x000000c0b0200000,0x000000c0b0300000) (1024K)]
  0x000002a2a3832ee0 WorkerThread "GC Thread#3"                     [id=16648, stack(0x000000c0b0300000,0x000000c0b0400000) (1024K)]
  0x000002a2a3833290 WorkerThread "GC Thread#4"                     [id=13516, stack(0x000000c0b0400000,0x000000c0b0500000) (1024K)]
  0x000002a2a3cb26a0 WorkerThread "GC Thread#5"                     [id=8612, stack(0x000000c0b0500000,0x000000c0b0600000) (1024K)]
  0x000002a2a3f9cd40 WorkerThread "GC Thread#6"                     [id=10056, stack(0x000000c0b0600000,0x000000c0b0700000) (1024K)]
  0x000002a2a3f9e970 WorkerThread "GC Thread#7"                     [id=9208, stack(0x000000c0b0700000,0x000000c0b0800000) (1024K)]
  0x000002a2a3c5d780 WorkerThread "GC Thread#8"                     [id=9812, stack(0x000000c0b0800000,0x000000c0b0900000) (1024K)]
  0x000002a2a4225d60 WorkerThread "GC Thread#9"                     [id=19372, stack(0x000000c0b0900000,0x000000c0b0a00000) (1024K)]
  0x000002a23de1fd60 ConcurrentGCThread "G1 Main Marker"            [id=4016, stack(0x000000c0aee00000,0x000000c0aef00000) (1024K)]
  0x000002a23de20f20 WorkerThread "G1 Conc#0"                       [id=10192, stack(0x000000c0aef00000,0x000000c0af000000) (1024K)]
  0x000002a25d5875b0 ConcurrentGCThread "G1 Refine#0"               [id=7848, stack(0x000000c0af000000,0x000000c0af100000) (1024K)]
  0x000002a25d588ef0 ConcurrentGCThread "G1 Service"                [id=10092, stack(0x000000c0af100000,0x000000c0af200000) (1024K)]
Total: 16

Threads with active compile tasks:
C2 CompilerThread0  2122 3758   !   4       java.util.zip.InflaterInputStream::read (129 bytes)
C2 CompilerThread1  2122 3801       4       java.lang.invoke.MethodType::makeImpl (109 bytes)
C2 CompilerThread2  2122 3742 %     4       java.io.WinNTFileSystem::normalize @ 58 (224 bytes)
Total: 3

VM state: not at safepoint (normal execution)

VM Mutex/Monitor currently owned by a thread: None

Heap address: 0x0000000702c00000, size: 4052 MB, Compressed Oops mode: Zero based, Oop shift amount: 3

CDS archive(s) mapped at: [0x000002a25e000000-0x000002a25ed70000-0x000002a25ed70000), size 14090240, SharedBaseAddress: 0x000002a25e000000, ArchiveRelocationMode: 1.
Compressed class space mapped at: 0x000002a25f000000-0x000002a29f000000, reserved size: 1073741824
Narrow klass base: 0x000002a25e000000, Narrow klass shift: 0, Narrow klass range: 0x41000000

GC Precious Log:
 CardTable entry size: 512
 Card Set container configuration: InlinePtr #cards 4 size 8 Array Of Cards #cards 16 size 48 Howl #buckets 8 coarsen threshold 3686 Howl Bitmap #cards 512 size 80 coarsen threshold 460 Card regions per heap region 1 cards per card region 4096
 CPUs: 12 total, 12 available
 Memory: 16205M
 Large Page Support: Disabled
 NUMA Support: Disabled
 Compressed Oops: Enabled (Zero based)
 Heap Region Size: 2M
 Heap Min Capacity: 8M
 Heap Initial Capacity: 254M
 Heap Max Capacity: 4052M
 Pre-touch: Disabled
 Parallel Workers: 10
 Concurrent Workers: 3
 Concurrent Refinement Workers: 10
 Periodic GC: Disabled

Heap:
 garbage-first heap   total reserved 4149248K, committed 260096K, used 64232K [0x0000000702c00000, 0x0000000800000000)
  region size 2048K, 31 young (63488K), 1 survivors (2048K)
 Metaspace       used 17079K, committed 17344K, reserved 1114112K
  class space    used 2101K, committed 2240K, reserved 1048576K

Heap Regions: E=young(eden), S=young(survivor), O=old, HS=humongous(starts), HC=humongous(continues), CS=collection set, F=free, TAMS=top-at-mark-start, PB=parsable bottom
|   0|0x0000000702c00000, 0x0000000702e00000, 0x0000000702e00000|100%| O|  |TAMS 0x0000000702c00000| PB 0x0000000702c00000| Untracked |  0
|   1|0x0000000702e00000, 0x0000000702fb6520, 0x0000000703000000| 85%| O|  |TAMS 0x0000000702e00000| PB 0x0000000702e00000| Untracked |  0
|   2|0x0000000703000000, 0x0000000703000000, 0x0000000703200000|  0%| F|  |TAMS 0x0000000703000000| PB 0x0000000703000000| Untracked |  0
|   3|0x0000000703200000, 0x0000000703200000, 0x0000000703400000|  0%| F|  |TAMS 0x0000000703200000| PB 0x0000000703200000| Untracked |  0
|   4|0x0000000703400000, 0x0000000703400000, 0x0000000703600000|  0%| F|  |TAMS 0x0000000703400000| PB 0x0000000703400000| Untracked |  0
|   5|0x0000000703600000, 0x0000000703600000, 0x0000000703800000|  0%| F|  |TAMS 0x0000000703600000| PB 0x0000000703600000| Untracked |  0
|   6|0x0000000703800000, 0x0000000703800000, 0x0000000703a00000|  0%| F|  |TAMS 0x0000000703800000| PB 0x0000000703800000| Untracked |  0
|   7|0x0000000703a00000, 0x0000000703a00000, 0x0000000703c00000|  0%| F|  |TAMS 0x0000000703a00000| PB 0x0000000703a00000| Untracked |  0
|   8|0x0000000703c00000, 0x0000000703c00000, 0x0000000703e00000|  0%| F|  |TAMS 0x0000000703c00000| PB 0x0000000703c00000| Untracked |  0
|   9|0x0000000703e00000, 0x0000000703e00000, 0x0000000704000000|  0%| F|  |TAMS 0x0000000703e00000| PB 0x0000000703e00000| Untracked |  0
|  10|0x0000000704000000, 0x0000000704000000, 0x0000000704200000|  0%| F|  |TAMS 0x0000000704000000| PB 0x0000000704000000| Untracked |  0
|  11|0x0000000704200000, 0x0000000704200000, 0x0000000704400000|  0%| F|  |TAMS 0x0000000704200000| PB 0x0000000704200000| Untracked |  0
|  12|0x0000000704400000, 0x0000000704400000, 0x0000000704600000|  0%| F|  |TAMS 0x0000000704400000| PB 0x0000000704400000| Untracked |  0
|  13|0x0000000704600000, 0x0000000704600000, 0x0000000704800000|  0%| F|  |TAMS 0x0000000704600000| PB 0x0000000704600000| Untracked |  0
|  14|0x0000000704800000, 0x0000000704800000, 0x0000000704a00000|  0%| F|  |TAMS 0x0000000704800000| PB 0x0000000704800000| Untracked |  0
|  15|0x0000000704a00000, 0x0000000704a00000, 0x0000000704c00000|  0%| F|  |TAMS 0x0000000704a00000| PB 0x0000000704a00000| Untracked |  0
|  16|0x0000000704c00000, 0x0000000704c00000, 0x0000000704e00000|  0%| F|  |TAMS 0x0000000704c00000| PB 0x0000000704c00000| Untracked |  0
|  17|0x0000000704e00000, 0x0000000704e00000, 0x0000000705000000|  0%| F|  |TAMS 0x0000000704e00000| PB 0x0000000704e00000| Untracked |  0
|  18|0x0000000705000000, 0x0000000705000000, 0x0000000705200000|  0%| F|  |TAMS 0x0000000705000000| PB 0x0000000705000000| Untracked |  0
|  19|0x0000000705200000, 0x0000000705200000, 0x0000000705400000|  0%| F|  |TAMS 0x0000000705200000| PB 0x0000000705200000| Untracked |  0
|  20|0x0000000705400000, 0x0000000705400000, 0x0000000705600000|  0%| F|  |TAMS 0x0000000705400000| PB 0x0000000705400000| Untracked |  0
|  21|0x0000000705600000, 0x0000000705600000, 0x0000000705800000|  0%| F|  |TAMS 0x0000000705600000| PB 0x0000000705600000| Untracked |  0
|  22|0x0000000705800000, 0x0000000705800000, 0x0000000705a00000|  0%| F|  |TAMS 0x0000000705800000| PB 0x0000000705800000| Untracked |  0
|  23|0x0000000705a00000, 0x0000000705a00000, 0x0000000705c00000|  0%| F|  |TAMS 0x0000000705a00000| PB 0x0000000705a00000| Untracked |  0
|  24|0x0000000705c00000, 0x0000000705c00000, 0x0000000705e00000|  0%| F|  |TAMS 0x0000000705c00000| PB 0x0000000705c00000| Untracked |  0
|  25|0x0000000705e00000, 0x0000000705e00000, 0x0000000706000000|  0%| F|  |TAMS 0x0000000705e00000| PB 0x0000000705e00000| Untracked |  0
|  26|0x0000000706000000, 0x0000000706000000, 0x0000000706200000|  0%| F|  |TAMS 0x0000000706000000| PB 0x0000000706000000| Untracked |  0
|  27|0x0000000706200000, 0x0000000706200000, 0x0000000706400000|  0%| F|  |TAMS 0x0000000706200000| PB 0x0000000706200000| Untracked |  0
|  28|0x0000000706400000, 0x0000000706400000, 0x0000000706600000|  0%| F|  |TAMS 0x0000000706400000| PB 0x0000000706400000| Untracked |  0
|  29|0x0000000706600000, 0x0000000706600000, 0x0000000706800000|  0%| F|  |TAMS 0x0000000706600000| PB 0x0000000706600000| Untracked |  0
|  30|0x0000000706800000, 0x0000000706800000, 0x0000000706a00000|  0%| F|  |TAMS 0x0000000706800000| PB 0x0000000706800000| Untracked |  0
|  31|0x0000000706a00000, 0x0000000706a00000, 0x0000000706c00000|  0%| F|  |TAMS 0x0000000706a00000| PB 0x0000000706a00000| Untracked |  0
|  32|0x0000000706c00000, 0x0000000706c00000, 0x0000000706e00000|  0%| F|  |TAMS 0x0000000706c00000| PB 0x0000000706c00000| Untracked |  0
|  33|0x0000000706e00000, 0x0000000706e00000, 0x0000000707000000|  0%| F|  |TAMS 0x0000000706e00000| PB 0x0000000706e00000| Untracked |  0
|  34|0x0000000707000000, 0x0000000707000000, 0x0000000707200000|  0%| F|  |TAMS 0x0000000707000000| PB 0x0000000707000000| Untracked |  0
|  35|0x0000000707200000, 0x0000000707200000, 0x0000000707400000|  0%| F|  |TAMS 0x0000000707200000| PB 0x0000000707200000| Untracked |  0
|  36|0x0000000707400000, 0x0000000707400000, 0x0000000707600000|  0%| F|  |TAMS 0x0000000707400000| PB 0x0000000707400000| Untracked |  0
|  37|0x0000000707600000, 0x0000000707600000, 0x0000000707800000|  0%| F|  |TAMS 0x0000000707600000| PB 0x0000000707600000| Untracked |  0
|  38|0x0000000707800000, 0x0000000707800000, 0x0000000707a00000|  0%| F|  |TAMS 0x0000000707800000| PB 0x0000000707800000| Untracked |  0
|  39|0x0000000707a00000, 0x0000000707a00000, 0x0000000707c00000|  0%| F|  |TAMS 0x0000000707a00000| PB 0x0000000707a00000| Untracked |  0
|  40|0x0000000707c00000, 0x0000000707c00000, 0x0000000707e00000|  0%| F|  |TAMS 0x0000000707c00000| PB 0x0000000707c00000| Untracked |  0
|  41|0x0000000707e00000, 0x0000000707e00000, 0x0000000708000000|  0%| F|  |TAMS 0x0000000707e00000| PB 0x0000000707e00000| Untracked |  0
|  42|0x0000000708000000, 0x0000000708000000, 0x0000000708200000|  0%| F|  |TAMS 0x0000000708000000| PB 0x0000000708000000| Untracked |  0
|  43|0x0000000708200000, 0x0000000708200000, 0x0000000708400000|  0%| F|  |TAMS 0x0000000708200000| PB 0x0000000708200000| Untracked |  0
|  44|0x0000000708400000, 0x0000000708400000, 0x0000000708600000|  0%| F|  |TAMS 0x0000000708400000| PB 0x0000000708400000| Untracked |  0
|  45|0x0000000708600000, 0x0000000708600000, 0x0000000708800000|  0%| F|  |TAMS 0x0000000708600000| PB 0x0000000708600000| Untracked |  0
|  46|0x0000000708800000, 0x0000000708800000, 0x0000000708a00000|  0%| F|  |TAMS 0x0000000708800000| PB 0x0000000708800000| Untracked |  0
|  47|0x0000000708a00000, 0x0000000708a00000, 0x0000000708c00000|  0%| F|  |TAMS 0x0000000708a00000| PB 0x0000000708a00000| Untracked |  0
|  48|0x0000000708c00000, 0x0000000708c00000, 0x0000000708e00000|  0%| F|  |TAMS 0x0000000708c00000| PB 0x0000000708c00000| Untracked |  0
|  49|0x0000000708e00000, 0x0000000708e00000, 0x0000000709000000|  0%| F|  |TAMS 0x0000000708e00000| PB 0x0000000708e00000| Untracked |  0
|  50|0x0000000709000000, 0x0000000709000000, 0x0000000709200000|  0%| F|  |TAMS 0x0000000709000000| PB 0x0000000709000000| Untracked |  0
|  51|0x0000000709200000, 0x0000000709200000, 0x0000000709400000|  0%| F|  |TAMS 0x0000000709200000| PB 0x0000000709200000| Untracked |  0
|  52|0x0000000709400000, 0x0000000709400000, 0x0000000709600000|  0%| F|  |TAMS 0x0000000709400000| PB 0x0000000709400000| Untracked |  0
|  53|0x0000000709600000, 0x0000000709600000, 0x0000000709800000|  0%| F|  |TAMS 0x0000000709600000| PB 0x0000000709600000| Untracked |  0
|  54|0x0000000709800000, 0x0000000709800000, 0x0000000709a00000|  0%| F|  |TAMS 0x0000000709800000| PB 0x0000000709800000| Untracked |  0
|  55|0x0000000709a00000, 0x0000000709a00000, 0x0000000709c00000|  0%| F|  |TAMS 0x0000000709a00000| PB 0x0000000709a00000| Untracked |  0
|  56|0x0000000709c00000, 0x0000000709c00000, 0x0000000709e00000|  0%| F|  |TAMS 0x0000000709c00000| PB 0x0000000709c00000| Untracked |  0
|  57|0x0000000709e00000, 0x0000000709e00000, 0x000000070a000000|  0%| F|  |TAMS 0x0000000709e00000| PB 0x0000000709e00000| Untracked |  0
|  58|0x000000070a000000, 0x000000070a000000, 0x000000070a200000|  0%| F|  |TAMS 0x000000070a000000| PB 0x000000070a000000| Untracked |  0
|  59|0x000000070a200000, 0x000000070a200000, 0x000000070a400000|  0%| F|  |TAMS 0x000000070a200000| PB 0x000000070a200000| Untracked |  0
|  60|0x000000070a400000, 0x000000070a400000, 0x000000070a600000|  0%| F|  |TAMS 0x000000070a400000| PB 0x000000070a400000| Untracked |  0
|  61|0x000000070a600000, 0x000000070a600000, 0x000000070a800000|  0%| F|  |TAMS 0x000000070a600000| PB 0x000000070a600000| Untracked |  0
|  62|0x000000070a800000, 0x000000070a800000, 0x000000070aa00000|  0%| F|  |TAMS 0x000000070a800000| PB 0x000000070a800000| Untracked |  0
|  63|0x000000070aa00000, 0x000000070aa00000, 0x000000070ac00000|  0%| F|  |TAMS 0x000000070aa00000| PB 0x000000070aa00000| Untracked |  0
|  64|0x000000070ac00000, 0x000000070ac00000, 0x000000070ae00000|  0%| F|  |TAMS 0x000000070ac00000| PB 0x000000070ac00000| Untracked |  0
|  65|0x000000070ae00000, 0x000000070ae00000, 0x000000070b000000|  0%| F|  |TAMS 0x000000070ae00000| PB 0x000000070ae00000| Untracked |  0
|  66|0x000000070b000000, 0x000000070b000000, 0x000000070b200000|  0%| F|  |TAMS 0x000000070b000000| PB 0x000000070b000000| Untracked |  0
|  67|0x000000070b200000, 0x000000070b200000, 0x000000070b400000|  0%| F|  |TAMS 0x000000070b200000| PB 0x000000070b200000| Untracked |  0
|  68|0x000000070b400000, 0x000000070b400000, 0x000000070b600000|  0%| F|  |TAMS 0x000000070b400000| PB 0x000000070b400000| Untracked |  0
|  69|0x000000070b600000, 0x000000070b600000, 0x000000070b800000|  0%| F|  |TAMS 0x000000070b600000| PB 0x000000070b600000| Untracked |  0
|  70|0x000000070b800000, 0x000000070b800000, 0x000000070ba00000|  0%| F|  |TAMS 0x000000070b800000| PB 0x000000070b800000| Untracked |  0
|  71|0x000000070ba00000, 0x000000070ba00000, 0x000000070bc00000|  0%| F|  |TAMS 0x000000070ba00000| PB 0x000000070ba00000| Untracked |  0
|  72|0x000000070bc00000, 0x000000070bc00000, 0x000000070be00000|  0%| F|  |TAMS 0x000000070bc00000| PB 0x000000070bc00000| Untracked |  0
|  73|0x000000070be00000, 0x000000070be00000, 0x000000070c000000|  0%| F|  |TAMS 0x000000070be00000| PB 0x000000070be00000| Untracked |  0
|  74|0x000000070c000000, 0x000000070c000000, 0x000000070c200000|  0%| F|  |TAMS 0x000000070c000000| PB 0x000000070c000000| Untracked |  0
|  75|0x000000070c200000, 0x000000070c200000, 0x000000070c400000|  0%| F|  |TAMS 0x000000070c200000| PB 0x000000070c200000| Untracked |  0
|  76|0x000000070c400000, 0x000000070c400000, 0x000000070c600000|  0%| F|  |TAMS 0x000000070c400000| PB 0x000000070c400000| Untracked |  0
|  77|0x000000070c600000, 0x000000070c600000, 0x000000070c800000|  0%| F|  |TAMS 0x000000070c600000| PB 0x000000070c600000| Untracked |  0
|  78|0x000000070c800000, 0x000000070c800000, 0x000000070ca00000|  0%| F|  |TAMS 0x000000070c800000| PB 0x000000070c800000| Untracked |  0
|  79|0x000000070ca00000, 0x000000070ca00000, 0x000000070cc00000|  0%| F|  |TAMS 0x000000070ca00000| PB 0x000000070ca00000| Untracked |  0
|  80|0x000000070cc00000, 0x000000070cc00000, 0x000000070ce00000|  0%| F|  |TAMS 0x000000070cc00000| PB 0x000000070cc00000| Untracked |  0
|  81|0x000000070ce00000, 0x000000070ce00000, 0x000000070d000000|  0%| F|  |TAMS 0x000000070ce00000| PB 0x000000070ce00000| Untracked |  0
|  82|0x000000070d000000, 0x000000070d000000, 0x000000070d200000|  0%| F|  |TAMS 0x000000070d000000| PB 0x000000070d000000| Untracked |  0
|  83|0x000000070d200000, 0x000000070d200000, 0x000000070d400000|  0%| F|  |TAMS 0x000000070d200000| PB 0x000000070d200000| Untracked |  0
|  84|0x000000070d400000, 0x000000070d400000, 0x000000070d600000|  0%| F|  |TAMS 0x000000070d400000| PB 0x000000070d400000| Untracked |  0
|  85|0x000000070d600000, 0x000000070d600000, 0x000000070d800000|  0%| F|  |TAMS 0x000000070d600000| PB 0x000000070d600000| Untracked |  0
|  86|0x000000070d800000, 0x000000070d800000, 0x000000070da00000|  0%| F|  |TAMS 0x000000070d800000| PB 0x000000070d800000| Untracked |  0
|  87|0x000000070da00000, 0x000000070da00000, 0x000000070dc00000|  0%| F|  |TAMS 0x000000070da00000| PB 0x000000070da00000| Untracked |  0
|  88|0x000000070dc00000, 0x000000070dc00000, 0x000000070de00000|  0%| F|  |TAMS 0x000000070dc00000| PB 0x000000070dc00000| Untracked |  0
|  89|0x000000070de00000, 0x000000070de00000, 0x000000070e000000|  0%| F|  |TAMS 0x000000070de00000| PB 0x000000070de00000| Untracked |  0
|  90|0x000000070e000000, 0x000000070e000000, 0x000000070e200000|  0%| F|  |TAMS 0x000000070e000000| PB 0x000000070e000000| Untracked |  0
|  91|0x000000070e200000, 0x000000070e200000, 0x000000070e400000|  0%| F|  |TAMS 0x000000070e200000| PB 0x000000070e200000| Untracked |  0
|  92|0x000000070e400000, 0x000000070e400000, 0x000000070e600000|  0%| F|  |TAMS 0x000000070e400000| PB 0x000000070e400000| Untracked |  0
|  93|0x000000070e600000, 0x000000070e600000, 0x000000070e800000|  0%| F|  |TAMS 0x000000070e600000| PB 0x000000070e600000| Untracked |  0
|  94|0x000000070e800000, 0x000000070e800000, 0x000000070ea00000|  0%| F|  |TAMS 0x000000070e800000| PB 0x000000070e800000| Untracked |  0
|  95|0x000000070ea00000, 0x000000070ea00000, 0x000000070ec00000|  0%| F|  |TAMS 0x000000070ea00000| PB 0x000000070ea00000| Untracked |  0
|  96|0x000000070ec00000, 0x000000070edd83f8, 0x000000070ee00000| 92%| E|  |TAMS 0x000000070ec00000| PB 0x000000070ec00000| Complete |  0
|  97|0x000000070ee00000, 0x000000070f000000, 0x000000070f000000|100%| E|CS|TAMS 0x000000070ee00000| PB 0x000000070ee00000| Complete |  0
|  98|0x000000070f000000, 0x000000070f200000, 0x000000070f200000|100%| E|CS|TAMS 0x000000070f000000| PB 0x000000070f000000| Complete |  0
|  99|0x000000070f200000, 0x000000070f400000, 0x000000070f400000|100%| E|CS|TAMS 0x000000070f200000| PB 0x000000070f200000| Complete |  0
| 100|0x000000070f400000, 0x000000070f600000, 0x000000070f600000|100%| E|CS|TAMS 0x000000070f400000| PB 0x000000070f400000| Complete |  0
| 101|0x000000070f600000, 0x000000070f800000, 0x000000070f800000|100%| E|CS|TAMS 0x000000070f600000| PB 0x000000070f600000| Complete |  0
| 102|0x000000070f800000, 0x000000070fa00000, 0x000000070fa00000|100%| E|CS|TAMS 0x000000070f800000| PB 0x000000070f800000| Complete |  0
| 103|0x000000070fa00000, 0x000000070fc00000, 0x000000070fc00000|100%| E|CS|TAMS 0x000000070fa00000| PB 0x000000070fa00000| Complete |  0
| 104|0x000000070fc00000, 0x000000070fe00000, 0x000000070fe00000|100%| E|CS|TAMS 0x000000070fc00000| PB 0x000000070fc00000| Complete |  0
| 105|0x000000070fe00000, 0x0000000710000000, 0x0000000710000000|100%| E|CS|TAMS 0x000000070fe00000| PB 0x000000070fe00000| Complete |  0
| 106|0x0000000710000000, 0x0000000710200000, 0x0000000710200000|100%| E|CS|TAMS 0x0000000710000000| PB 0x0000000710000000| Complete |  0
| 107|0x0000000710200000, 0x0000000710400000, 0x0000000710400000|100%| E|CS|TAMS 0x0000000710200000| PB 0x0000000710200000| Complete |  0
| 108|0x0000000710400000, 0x0000000710600000, 0x0000000710600000|100%| E|CS|TAMS 0x0000000710400000| PB 0x0000000710400000| Complete |  0
| 109|0x0000000710600000, 0x0000000710800000, 0x0000000710800000|100%| E|CS|TAMS 0x0000000710600000| PB 0x0000000710600000| Complete |  0
| 110|0x0000000710800000, 0x0000000710a00000, 0x0000000710a00000|100%| E|CS|TAMS 0x0000000710800000| PB 0x0000000710800000| Complete |  0
| 111|0x0000000710a00000, 0x0000000710c00000, 0x0000000710c00000|100%| E|CS|TAMS 0x0000000710a00000| PB 0x0000000710a00000| Complete |  0
| 112|0x0000000710c00000, 0x0000000710e00000, 0x0000000710e00000|100%| E|CS|TAMS 0x0000000710c00000| PB 0x0000000710c00000| Complete |  0
| 113|0x0000000710e00000, 0x0000000711000000, 0x0000000711000000|100%| E|CS|TAMS 0x0000000710e00000| PB 0x0000000710e00000| Complete |  0
| 114|0x0000000711000000, 0x0000000711200000, 0x0000000711200000|100%| E|CS|TAMS 0x0000000711000000| PB 0x0000000711000000| Complete |  0
| 115|0x0000000711200000, 0x0000000711303e90, 0x0000000711400000| 50%| S|CS|TAMS 0x0000000711200000| PB 0x0000000711200000| Complete |  0
| 116|0x0000000711400000, 0x0000000711600000, 0x0000000711600000|100%| E|CS|TAMS 0x0000000711400000| PB 0x0000000711400000| Complete |  0
| 117|0x0000000711600000, 0x0000000711800000, 0x0000000711800000|100%| E|CS|TAMS 0x0000000711600000| PB 0x0000000711600000| Complete |  0
| 118|0x0000000711800000, 0x0000000711a00000, 0x0000000711a00000|100%| E|CS|TAMS 0x0000000711800000| PB 0x0000000711800000| Complete |  0
| 119|0x0000000711a00000, 0x0000000711c00000, 0x0000000711c00000|100%| E|CS|TAMS 0x0000000711a00000| PB 0x0000000711a00000| Complete |  0
| 120|0x0000000711c00000, 0x0000000711e00000, 0x0000000711e00000|100%| E|CS|TAMS 0x0000000711c00000| PB 0x0000000711c00000| Complete |  0
| 121|0x0000000711e00000, 0x0000000712000000, 0x0000000712000000|100%| E|CS|TAMS 0x0000000711e00000| PB 0x0000000711e00000| Complete |  0
| 122|0x0000000712000000, 0x0000000712200000, 0x0000000712200000|100%| E|CS|TAMS 0x0000000712000000| PB 0x0000000712000000| Complete |  0
| 123|0x0000000712200000, 0x0000000712400000, 0x0000000712400000|100%| E|CS|TAMS 0x0000000712200000| PB 0x0000000712200000| Complete |  0
| 124|0x0000000712400000, 0x0000000712600000, 0x0000000712600000|100%| E|CS|TAMS 0x0000000712400000| PB 0x0000000712400000| Complete |  0
| 125|0x0000000712600000, 0x0000000712800000, 0x0000000712800000|100%| E|CS|TAMS 0x0000000712600000| PB 0x0000000712600000| Complete |  0
| 126|0x0000000712800000, 0x0000000712a00000, 0x0000000712a00000|100%| E|CS|TAMS 0x0000000712800000| PB 0x0000000712800000| Complete |  0

Card table byte_map: [0x000002a256330000,0x000002a256b20000] _byte_map_base: 0x000002a252b1a000

Marking Bits: (CMBitMap*) 0x000002a23de0b5e0
 Bits: [0x000002a256b20000, 0x000002a25aa70000)

Polling page: 0x000002a23bba0000

Metaspace:

Usage:
  Non-class:     14.63 MB used.
      Class:      2.05 MB used.
       Both:     16.68 MB used.

Virtual space:
  Non-class space:       64.00 MB reserved,      14.75 MB ( 23%) committed,  1 nodes.
      Class space:        1.00 GB reserved,       2.19 MB ( <1%) committed,  1 nodes.
             Both:        1.06 GB reserved,      16.94 MB (  2%) committed. 

Chunk freelists:
   Non-Class:  416.00 KB
       Class:  13.79 MB
        Both:  14.19 MB

MaxMetaspaceSize: unlimited
CompressedClassSpaceSize: 1.00 GB
Initial GC threshold: 21.00 MB
Current GC threshold: 21.00 MB
CDS: on
 - commit_granule_bytes: 65536.
 - commit_granule_words: 8192.
 - virtual_space_node_default_size: 8388608.
 - enlarge_chunks_in_place: 1.
 - use_allocation_guard: 0.


Internal statistics:

num_allocs_failed_limit: 0.
num_arena_births: 178.
num_arena_deaths: 0.
num_vsnodes_births: 2.
num_vsnodes_deaths: 0.
num_space_committed: 271.
num_space_uncommitted: 0.
num_chunks_returned_to_freelist: 0.
num_chunks_taken_from_freelist: 736.
num_chunk_merges: 0.
num_chunk_splits: 514.
num_chunks_enlarged: 412.
num_inconsistent_stats: 0.

CodeHeap 'non-profiled nmethods': size=120064Kb used=1352Kb max_used=1352Kb free=118711Kb
 bounds [0x000002a24dfa0000, 0x000002a24e210000, 0x000002a2554e0000]
CodeHeap 'profiled nmethods': size=120000Kb used=5801Kb max_used=5801Kb free=114198Kb
 bounds [0x000002a2464e0000, 0x000002a246a90000, 0x000002a24da10000]
CodeHeap 'non-nmethods': size=5696Kb used=1435Kb max_used=1475Kb free=4260Kb
 bounds [0x000002a24da10000, 0x000002a24dc80000, 0x000002a24dfa0000]
CodeCache: size=245760Kb, used=8588Kb, max_used=8628Kb, free=237169Kb
 total_blobs=4374, nmethods=3843, adapters=435, full_count=0
Compilation: enabled, stopped_count=0, restarted_count=0

Compilation events (20 events):
Event: 2.029 Thread 0x000002a25d6ea970 nmethod 3748 0x000002a24e0ee988 code [0x000002a24e0eeaa0, 0x000002a24e0eeb70]
Event: 2.029 Thread 0x000002a25d6ea970 3750       1       org.eclipse.aether.resolution.ArtifactRequest::getRequestContext (5 bytes)
Event: 2.029 Thread 0x000002a25d6ea970 nmethod 3750 0x000002a24e0eec88 code [0x000002a24e0eeda0, 0x000002a24e0eee70]
Event: 2.029 Thread 0x000002a25d6e9ab0 nmethod 3749 0x000002a24e0eef88 code [0x000002a24e0ef080, 0x000002a24e0ef108]
Event: 2.030 Thread 0x000002a25d6ea970 3751       1       org.eclipse.aether.repository.LocalArtifactResult::getRequest (5 bytes)
Event: 2.030 Thread 0x000002a25d6ea970 nmethod 3751 0x000002a24e0ef288 code [0x000002a24e0ef3a0, 0x000002a24e0ef470]
Event: 2.030 Thread 0x000002a25d6ea970 3752       1       org.eclipse.aether.repository.LocalArtifactResult::getRepository (5 bytes)
Event: 2.030 Thread 0x000002a25d6ea970 nmethod 3752 0x000002a24e0ef588 code [0x000002a24e0ef6a0, 0x000002a24e0ef770]
Event: 2.030 Thread 0x000002a25d6ea970 3753       1       org.eclipse.aether.RepositoryEvent::getSession (5 bytes)
Event: 2.030 Thread 0x000002a25d6ea970 nmethod 3753 0x000002a24e0ef888 code [0x000002a24e0ef9a0, 0x000002a24e0efa70]
Event: 2.034 Thread 0x000002a25d8a1810 3754       4       java.lang.String::endsWith (15 bytes)
Event: 2.034 Thread 0x000002a25d6ea970 3756       3       java.util.zip.ZipFile$Source::getMetaVersion (221 bytes)
Event: 2.035 Thread 0x000002a25d6ea970 nmethod 3756 0x000002a246a4fe88 code [0x000002a246a50000, 0x000002a246a506b8]
Event: 2.035 Thread 0x000002a25d6ea970 3757   !   3       sun.nio.fs.WindowsPath::initOffsets (153 bytes)
Event: 2.035 Thread 0x000002a25d6e9ab0 3758   !   4       java.util.zip.InflaterInputStream::read (129 bytes)
Event: 2.038 Thread 0x000002a25d6ea970 nmethod 3757 0x000002a246a50708 code [0x000002a246a50a60, 0x000002a246a52e28]
Event: 2.038 Thread 0x000002a25d6ea970 3759       3       org.codehaus.plexus.classworlds.realm.Entry::matches (282 bytes)
Event: 2.039 Thread 0x000002a25d8a1810 nmethod 3754 0x000002a24e0efb88 code [0x000002a24e0efca0, 0x000002a24e0effc0]
Event: 2.041 Thread 0x000002a25d6ea970 nmethod 3759 0x000002a246a52f88 code [0x000002a246a53580, 0x000002a246a56a08]
Event: 2.041 Thread 0x000002a25d6ea970 3760       3       com.google.common.collect.ImmutableSet$Builder::add (31 bytes)

GC Heap History (4 events):
Event: 0.635 GC heap before
{Heap before GC invocations=0 (full 0):
 garbage-first heap   total reserved 4149248K, committed 260096K, used 24576K [0x0000000702c00000, 0x0000000800000000)
  region size 2048K, 12 young (24576K), 0 survivors (0K)
 Metaspace       used 6289K, committed 6464K, reserved 1114112K
  class space    used 763K, committed 832K, reserved 1048576K
}
Event: 0.640 GC heap after
{Heap after GC invocations=1 (full 0):
 garbage-first heap   total reserved 4149248K, committed 260096K, used 4109K [0x0000000702c00000, 0x0000000800000000)
  region size 2048K, 2 young (4096K), 2 survivors (4096K)
 Metaspace       used 6289K, committed 6464K, reserved 1114112K
  class space    used 763K, committed 832K, reserved 1048576K
}
Event: 0.954 GC heap before
{Heap before GC invocations=1 (full 0):
 garbage-first heap   total reserved 4149248K, committed 260096K, used 26637K [0x0000000702c00000, 0x0000000800000000)
  region size 2048K, 13 young (26624K), 2 survivors (4096K)
 Metaspace       used 8431K, committed 8576K, reserved 1114112K
  class space    used 1026K, committed 1088K, reserved 1048576K
}
Event: 0.957 GC heap after
{Heap after GC invocations=2 (full 0):
 garbage-first heap   total reserved 4149248K, committed 260096K, used 4840K [0x0000000702c00000, 0x0000000800000000)
  region size 2048K, 1 young (2048K), 1 survivors (2048K)
 Metaspace       used 8431K, committed 8576K, reserved 1114112K
  class space    used 1026K, committed 1088K, reserved 1048576K
}

Dll operation events (12 events):
Event: 0.005 Loaded shared library C:\Users\MSI\.jdks\openjdk-23.0.2\bin\java.dll
Event: 0.026 Loaded shared library C:\Users\MSI\.jdks\openjdk-23.0.2\bin\jsvml.dll
Event: 0.058 Loaded shared library C:\Users\MSI\.jdks\openjdk-23.0.2\bin\zip.dll
Event: 0.061 Loaded shared library C:\Users\MSI\.jdks\openjdk-23.0.2\bin\instrument.dll
Event: 0.064 Loaded shared library C:\Users\MSI\.jdks\openjdk-23.0.2\bin\net.dll
Event: 0.066 Loaded shared library C:\Users\MSI\.jdks\openjdk-23.0.2\bin\nio.dll
Event: 0.068 Loaded shared library C:\Users\MSI\.jdks\openjdk-23.0.2\bin\zip.dll
Event: 0.079 Loaded shared library C:\Program Files\JetBrains\IntelliJ IDEA 2024.3.3\bin\breakgen64.dll
Event: 0.087 Loaded shared library C:\Users\MSI\.jdks\openjdk-23.0.2\bin\extnet.dll
Event: 0.174 Loaded shared library C:\Users\MSI\.jdks\openjdk-23.0.2\bin\jimage.dll
Event: 0.227 Loaded shared library C:\Users\MSI\AppData\Local\Temp\jansi-2.4.1-18458621ea21b258-jansi.dll
Event: 0.238 Loaded shared library C:\Users\MSI\.jdks\openjdk-23.0.2\bin\verify.dll

Deoptimization events (20 events):
Event: 1.988 Thread 0x000002a23dd9e540 Uncommon trap: trap_request=0xffffffde fr.pc=0x000002a24e020994 relative=0x0000000000000154
Event: 1.988 Thread 0x000002a23dd9e540 Uncommon trap: reason=class_check action=maybe_recompile pc=0x000002a24e020994 method=java.nio.charset.CharsetDecoder.decode(Ljava/nio/ByteBuffer;Ljava/nio/CharBuffer;Z)Ljava/nio/charset/CoderResult; @ 57 c2
Event: 1.988 Thread 0x000002a23dd9e540 DEOPT PACKING pc=0x000002a24e020994 sp=0x000000c0aecfbfa0
Event: 1.988 Thread 0x000002a23dd9e540 DEOPT UNPACKING pc=0x000002a24da64402 sp=0x000000c0aecfbf28 mode 2
Event: 1.988 Thread 0x000002a23dd9e540 Uncommon trap: trap_request=0xffffffde fr.pc=0x000002a24e020994 relative=0x0000000000000154
Event: 1.988 Thread 0x000002a23dd9e540 Uncommon trap: reason=class_check action=maybe_recompile pc=0x000002a24e020994 method=java.nio.charset.CharsetDecoder.decode(Ljava/nio/ByteBuffer;Ljava/nio/CharBuffer;Z)Ljava/nio/charset/CoderResult; @ 57 c2
Event: 1.988 Thread 0x000002a23dd9e540 DEOPT PACKING pc=0x000002a24e020994 sp=0x000000c0aecfbe00
Event: 1.988 Thread 0x000002a23dd9e540 DEOPT UNPACKING pc=0x000002a24da64402 sp=0x000000c0aecfbd88 mode 2
Event: 1.988 Thread 0x000002a23dd9e540 Uncommon trap: trap_request=0xffffffde fr.pc=0x000002a24e020994 relative=0x0000000000000154
Event: 1.988 Thread 0x000002a23dd9e540 Uncommon trap: reason=class_check action=maybe_recompile pc=0x000002a24e020994 method=java.nio.charset.CharsetDecoder.decode(Ljava/nio/ByteBuffer;Ljava/nio/CharBuffer;Z)Ljava/nio/charset/CoderResult; @ 57 c2
Event: 1.988 Thread 0x000002a23dd9e540 DEOPT PACKING pc=0x000002a24e020994 sp=0x000000c0aecfbe00
Event: 1.988 Thread 0x000002a23dd9e540 DEOPT UNPACKING pc=0x000002a24da64402 sp=0x000000c0aecfbd88 mode 2
Event: 1.998 Thread 0x000002a23dd9e540 Uncommon trap: trap_request=0xffffffcc fr.pc=0x000002a24e0e3044 relative=0x0000000000000204
Event: 1.998 Thread 0x000002a23dd9e540 Uncommon trap: reason=intrinsic_or_type_checked_inlining action=make_not_entrant pc=0x000002a24e0e3044 method=java.util.Arrays.copyOf([Ljava/lang/Object;ILjava/lang/Class;)[Ljava/lang/Object; @ 35 c2
Event: 1.998 Thread 0x000002a23dd9e540 DEOPT PACKING pc=0x000002a24e0e3044 sp=0x000000c0aecfbfe0
Event: 1.998 Thread 0x000002a23dd9e540 DEOPT UNPACKING pc=0x000002a24da64402 sp=0x000000c0aecfbf70 mode 2
Event: 2.037 Thread 0x000002a23dd9e540 Uncommon trap: trap_request=0xffffff45 fr.pc=0x000002a24dfeaf3c relative=0x000000000000009c
Event: 2.037 Thread 0x000002a23dd9e540 Uncommon trap: reason=unstable_if action=reinterpret pc=0x000002a24dfeaf3c method=sun.net.www.ParseUtil.firstEncodeIndex(Ljava/lang/String;)I @ 51 c2
Event: 2.037 Thread 0x000002a23dd9e540 DEOPT PACKING pc=0x000002a24dfeaf3c sp=0x000000c0aecfcf70
Event: 2.037 Thread 0x000002a23dd9e540 DEOPT UNPACKING pc=0x000002a24da64402 sp=0x000000c0aecfcef8 mode 2

Classes loaded (20 events):
Event: 1.622 Loading class java/nio/file/AccessMode
Event: 1.622 Loading class java/nio/file/AccessMode done
Event: 1.622 Loading class sun/nio/fs/WindowsFileSystemProvider$1
Event: 1.622 Loading class sun/nio/fs/WindowsFileSystemProvider$1 done
Event: 1.623 Loading class sun/nio/ch/FileLockImpl
Event: 1.623 Loading class sun/nio/ch/FileLockImpl done
Event: 1.623 Loading class sun/nio/ch/FileLockTable
Event: 1.624 Loading class sun/nio/ch/FileLockTable done
Event: 1.624 Loading class sun/nio/ch/FileKey
Event: 1.624 Loading class sun/nio/ch/FileKey done
Event: 1.624 Loading class sun/nio/ch/FileLockTable$FileLockReference
Event: 1.624 Loading class sun/nio/ch/FileLockTable$FileLockReference done
Event: 1.624 Loading class java/util/AbstractMap$2
Event: 1.625 Loading class java/util/AbstractMap$2 done
Event: 1.625 Loading class java/util/AbstractMap$ValueIterator
Event: 1.625 Loading class java/util/AbstractMap$ValueIterator done
Event: 1.632 Loading class java/util/stream/Streams$RangeIntSpliterator
Event: 1.633 Loading class java/util/stream/Streams$RangeIntSpliterator done
Event: 1.987 Loading class sun/nio/cs/ISO_8859_1$Decoder
Event: 1.987 Loading class sun/nio/cs/ISO_8859_1$Decoder done

Classes unloaded (0 events):
No events

Classes redefined (0 events):
No events

Internal exceptions (20 events):
Event: 1.181 Thread 0x000002a23dd9e540 Exception <a 'java/lang/NoSuchMethodError'{0x0000000711b0aeb0}: 'java.lang.Object java.lang.invoke.DirectMethodHandle$Holder.invokeSpecial(java.lang.Object, java.lang.Object, java.lang.Object, java.lang.Object, long)'> (0x0000000711b0aeb0) 
thrown [s\open\src\hotspot\share\interpreter\linkResolver.cpp, line 796]
Event: 1.181 Thread 0x000002a23dd9e540 Exception <a 'java/lang/NoSuchMethodError'{0x0000000711b16cf8}: 'java.lang.Object java.lang.invoke.DirectMethodHandle$Holder.invokeSpecial(java.lang.Object, java.lang.Object, java.lang.Object, int, java.lang.Object)'> (0x0000000711b16cf8) 
thrown [s\open\src\hotspot\share\interpreter\linkResolver.cpp, line 796]
Event: 1.184 Thread 0x000002a23dd9e540 Implicit null exception at 0x000002a24e034ac0 to 0x000002a24e034c50
Event: 1.185 Thread 0x000002a23dd9e540 Exception <a 'java/lang/NoSuchMethodError'{0x0000000711b3ff98}: 'java.lang.Object java.lang.invoke.Invokers$Holder.invokeExact_MT(java.lang.Object, int, java.lang.Object)'> (0x0000000711b3ff98) 
thrown [s\open\src\hotspot\share\interpreter\linkResolver.cpp, line 796]
Event: 1.347 Thread 0x000002a23dd9e540 Exception <a 'java/lang/NoSuchMethodError'{0x0000000710e342a0}: 'void java.lang.invoke.Invokers$Holder.invokeExact_MT(java.lang.Object, java.lang.Object, java.lang.Object, java.lang.Object)'> (0x0000000710e342a0) 
thrown [s\open\src\hotspot\share\interpreter\linkResolver.cpp, line 796]
Event: 1.363 Thread 0x000002a23dd9e540 Exception <a 'java/lang/NoClassDefFoundError'{0x0000000710ec8e50}: com/google/inject/servlet/ServletModuleTargetVisitor> (0x0000000710ec8e50) 
thrown [s\open\src\hotspot\share\classfile\systemDictionary.cpp, line 302]
Event: 1.410 Thread 0x000002a23dd9e540 Exception <a 'java/lang/NoSuchMethodError'{0x0000000710d7bb10}: 'void java.lang.invoke.DirectMethodHandle$Holder.invokeVirtual(java.lang.Object, java.lang.Object)'> (0x0000000710d7bb10) 
thrown [s\open\src\hotspot\share\interpreter\linkResolver.cpp, line 796]
Event: 1.449 Thread 0x000002a23dd9e540 Exception <a 'java/lang/NoSuchMethodError'{0x0000000710a0b2b0}: 'java.lang.Object java.lang.invoke.DirectMethodHandle$Holder.invokeStaticInit(java.lang.Object, int, int, int, int)'> (0x0000000710a0b2b0) 
thrown [s\open\src\hotspot\share\interpreter\linkResolver.cpp, line 796]
Event: 1.547 Thread 0x000002a23dd9e540 Exception <a 'java/lang/NoSuchMethodError'{0x000000071073acf0}: 'void java.lang.invoke.DirectMethodHandle$Holder.invokeSpecial(java.lang.Object, java.lang.Object, java.lang.Object, java.lang.Object, java.lang.Object)'> (0x000000071073acf0) 
thrown [s\open\src\hotspot\share\interpreter\linkResolver.cpp, line 796]
Event: 1.550 Thread 0x000002a23dd9e540 Exception <a 'java/lang/NoSuchMethodError'{0x0000000710755420}: 'java.lang.Object java.lang.invoke.DirectMethodHandle$Holder.invokeVirtual(java.lang.Object, java.lang.Object, java.lang.Object)'> (0x0000000710755420) 
thrown [s\open\src\hotspot\share\interpreter\linkResolver.cpp, line 796]
Event: 1.551 Thread 0x000002a23dd9e540 Exception <a 'java/lang/NoSuchMethodError'{0x0000000710762888}: 'void java.lang.invoke.DirectMethodHandle$Holder.invokeSpecial(java.lang.Object, java.lang.Object, java.lang.Object, java.lang.Object, java.lang.Object, java.lang.Object)'> (0x0000000710762888) 
thrown [s\open\src\hotspot\share\interpreter\linkResolver.cpp, line 796]
Event: 1.585 Thread 0x000002a23dd9e540 Exception <a 'java/lang/NoSuchMethodError'{0x00000007104ffe38}: 'void java.lang.invoke.DirectMethodHandle$Holder.invokeVirtual(java.lang.Object, java.lang.Object, int)'> (0x00000007104ffe38) 
thrown [s\open\src\hotspot\share\interpreter\linkResolver.cpp, line 796]
Event: 1.585 Thread 0x000002a23dd9e540 Exception <a 'java/lang/NoSuchMethodError'{0x0000000710503c50}: 'void java.lang.invoke.DirectMethodHandle$Holder.invokeSpecial(java.lang.Object, java.lang.Object, java.lang.Object, int)'> (0x0000000710503c50) 
thrown [s\open\src\hotspot\share\interpreter\linkResolver.cpp, line 796]
Event: 1.585 Thread 0x000002a23dd9e540 Exception <a 'java/lang/NoSuchMethodError'{0x0000000710507338}: 'void java.lang.invoke.DelegatingMethodHandle$Holder.reinvoke_L(java.lang.Object, java.lang.Object, int)'> (0x0000000710507338) 
thrown [s\open\src\hotspot\share\interpreter\linkResolver.cpp, line 796]
Event: 1.738 Thread 0x000002a23dd9e540 Implicit null exception at 0x000002a24e0982d5 to 0x000002a24e099bf0
Event: 1.738 Thread 0x000002a23dd9e540 Implicit null exception at 0x000002a24e0a3a8d to 0x000002a24e0a3cb8
Event: 1.738 Thread 0x000002a23dd9e540 Implicit null exception at 0x000002a24e0b0c00 to 0x000002a24e0b14d0
Event: 1.822 Thread 0x000002a23dd9e540 Implicit null exception at 0x000002a24e08cd0d to 0x000002a24e08cf2c
Event: 1.822 Thread 0x000002a23dd9e540 Implicit null exception at 0x000002a24e0b5220 to 0x000002a24e0b52a2
Event: 1.841 Thread 0x000002a23dd9e540 Exception <a 'java/lang/NoSuchMethodError'{0x000000070f91bd00}: 'java.lang.Object java.lang.invoke.DirectMethodHandle$Holder.newInvokeSpecial(java.lang.Object, java.lang.Object, java.lang.Object, java.lang.Object, java.lang.Object, java.lang.Object, java.lang.Object)'> (0x000000070f91bd00) 
thrown [s\open\src\hotspot\share\interpreter\linkResolver.cpp, line 796]

VM Operations (20 events):
Event: 1.163 Executing VM operation: HandshakeAllThreads (Deoptimize)
Event: 1.163 Executing VM operation: HandshakeAllThreads (Deoptimize) done
Event: 1.214 Executing VM operation: HandshakeAllThreads (Deoptimize)
Event: 1.214 Executing VM operation: HandshakeAllThreads (Deoptimize) done
Event: 1.215 Executing VM operation: HandshakeAllThreads (Deoptimize)
Event: 1.215 Executing VM operation: HandshakeAllThreads (Deoptimize) done
Event: 1.252 Executing VM operation: HandshakeAllThreads (Deoptimize)
Event: 1.252 Executing VM operation: HandshakeAllThreads (Deoptimize) done
Event: 1.343 Executing VM operation: HandshakeAllThreads (Deoptimize)
Event: 1.343 Executing VM operation: HandshakeAllThreads (Deoptimize) done
Event: 1.418 Executing VM operation: HandshakeAllThreads (Deoptimize)
Event: 1.418 Executing VM operation: HandshakeAllThreads (Deoptimize) done
Event: 1.458 Executing VM operation: HandshakeAllThreads (Deoptimize)
Event: 1.458 Executing VM operation: HandshakeAllThreads (Deoptimize) done
Event: 1.483 Executing VM operation: HandshakeAllThreads (Deoptimize)
Event: 1.483 Executing VM operation: HandshakeAllThreads (Deoptimize) done
Event: 1.497 Executing VM operation: HandshakeAllThreads (Deoptimize)
Event: 1.497 Executing VM operation: HandshakeAllThreads (Deoptimize) done
Event: 1.520 Executing VM operation: HandshakeAllThreads (Deoptimize)
Event: 1.520 Executing VM operation: HandshakeAllThreads (Deoptimize) done

Memory protections (0 events):
No events

Nmethod flushes (0 events):
No events

Events (17 events):
Event: 0.016 Thread 0x000002a23dd9e540 Thread added: 0x000002a23dd9e540
Event: 0.025 Thread 0x000002a23dd9e540 Thread added: 0x000002a25d6dfce0
Event: 0.025 Thread 0x000002a23dd9e540 Thread added: 0x000002a25d6e0db0
Event: 0.025 Thread 0x000002a23dd9e540 Thread added: 0x000002a25d6e4b40
Event: 0.025 Thread 0x000002a23dd9e540 Thread added: 0x000002a25d6e59b0
Event: 0.025 Thread 0x000002a23dd9e540 Thread added: 0x000002a25d6e6bd0
Event: 0.025 Thread 0x000002a23dd9e540 Thread added: 0x000002a25d6e78b0
Event: 0.025 Thread 0x000002a23dd9e540 Thread added: 0x000002a25d6e9ab0
Event: 0.025 Thread 0x000002a23dd9e540 Thread added: 0x000002a25d6ea970
Event: 0.042 Thread 0x000002a23dd9e540 Thread added: 0x000002a25d7f0ff0
Event: 0.055 Thread 0x000002a25d6ea970 Thread added: 0x000002a25d8a1810
Event: 0.079 Thread 0x000002a23dd9e540 Thread added: 0x000002a25d9c3a90
Event: 0.079 Thread 0x000002a23dd9e540 Thread added: 0x000002a25d9c5110
Event: 0.172 Thread 0x000002a23dd9e540 Thread added: 0x000002a2a3129820
Event: 0.192 Thread 0x000002a2a3129820 Thread exited: 0x000002a2a3129820
Event: 0.607 Thread 0x000002a25d6ea970 Thread added: 0x000002a2a37cc620
Event: 1.496 Thread 0x000002a23dd9e540 Thread added: 0x000002a2a462c2d0


Dynamic libraries:
0x00007ff7588e0000 - 0x00007ff7588ee000 	C:\Users\MSI\.jdks\openjdk-23.0.2\bin\java.exe
0x00007ffca09d0000 - 0x00007ffca0bc8000 	C:\WINDOWS\SYSTEM32\ntdll.dll
0x00007ffc9ee40000 - 0x00007ffc9ef02000 	C:\WINDOWS\System32\KERNEL32.DLL
0x00007ffc9e4a0000 - 0x00007ffc9e79f000 	C:\WINDOWS\System32\KERNELBASE.dll
0x00007ffc9e180000 - 0x00007ffc9e280000 	C:\WINDOWS\System32\ucrtbase.dll
0x00007ffc774c0000 - 0x00007ffc774db000 	C:\Users\MSI\.jdks\openjdk-23.0.2\bin\VCRUNTIME140.dll
0x00007ffc77530000 - 0x00007ffc77547000 	C:\Users\MSI\.jdks\openjdk-23.0.2\bin\jli.dll
0x00007ffc9eff0000 - 0x00007ffc9f18d000 	C:\WINDOWS\System32\USER32.dll
0x00007ffc9e070000 - 0x00007ffc9e092000 	C:\WINDOWS\System32\win32u.dll
0x00007ffc894f0000 - 0x00007ffc8978a000 	C:\WINDOWS\WinSxS\amd64_microsoft.windows.common-controls_6595b64144ccf1df_6.0.19041.4355_none_60b8b9eb71f62e16\COMCTL32.dll
0x00007ffca0820000 - 0x00007ffca084b000 	C:\WINDOWS\System32\GDI32.dll
0x00007ffca08f0000 - 0x00007ffca098e000 	C:\WINDOWS\System32\msvcrt.dll
0x00007ffc9e840000 - 0x00007ffc9e95a000 	C:\WINDOWS\System32\gdi32full.dll
0x00007ffc9e7a0000 - 0x00007ffc9e83d000 	C:\WINDOWS\System32\msvcp_win.dll
0x00007ffca06d0000 - 0x00007ffca06ff000 	C:\WINDOWS\System32\IMM32.DLL
0x00007ffc94dc0000 - 0x00007ffc94dcc000 	C:\Users\MSI\.jdks\openjdk-23.0.2\bin\vcruntime140_1.dll
0x00007ffc04670000 - 0x00007ffc046fe000 	C:\Users\MSI\.jdks\openjdk-23.0.2\bin\msvcp140.dll
0x00007ffbfaf70000 - 0x00007ffbfbcc0000 	C:\Users\MSI\.jdks\openjdk-23.0.2\bin\server\jvm.dll
0x00007ffca0020000 - 0x00007ffca00cf000 	C:\WINDOWS\System32\ADVAPI32.dll
0x00007ffca0850000 - 0x00007ffca08ef000 	C:\WINDOWS\System32\sechost.dll
0x00007ffc9f270000 - 0x00007ffc9f393000 	C:\WINDOWS\System32\RPCRT4.dll
0x00007ffc9e0a0000 - 0x00007ffc9e0c7000 	C:\WINDOWS\System32\bcrypt.dll
0x00007ffca00d0000 - 0x00007ffca013b000 	C:\WINDOWS\System32\WS2_32.dll
0x00007ffc9d5b0000 - 0x00007ffc9d5fb000 	C:\WINDOWS\SYSTEM32\POWRPROF.dll
0x00007ffc8c2e0000 - 0x00007ffc8c307000 	C:\WINDOWS\SYSTEM32\WINMM.dll
0x00007ffc9a3f0000 - 0x00007ffc9a3fa000 	C:\WINDOWS\SYSTEM32\VERSION.dll
0x00007ffc9d470000 - 0x00007ffc9d482000 	C:\WINDOWS\SYSTEM32\UMPDC.dll
0x00007ffc9bef0000 - 0x00007ffc9bf02000 	C:\WINDOWS\SYSTEM32\kernel.appcore.dll
0x00007ffc89490000 - 0x00007ffc8949a000 	C:\Users\MSI\.jdks\openjdk-23.0.2\bin\jimage.dll
0x00007ffc8b970000 - 0x00007ffc8bb54000 	C:\WINDOWS\SYSTEM32\DBGHELP.DLL
0x00007ffc78a80000 - 0x00007ffc78ab4000 	C:\WINDOWS\SYSTEM32\dbgcore.DLL
0x00007ffc9e960000 - 0x00007ffc9e9e2000 	C:\WINDOWS\System32\bcryptPrimitives.dll
0x00007ffc84fe0000 - 0x00007ffc84fef000 	C:\Users\MSI\.jdks\openjdk-23.0.2\bin\instrument.dll
0x00007ffc6e240000 - 0x00007ffc6e25e000 	C:\Users\MSI\.jdks\openjdk-23.0.2\bin\java.dll
0x00007ffc9fef0000 - 0x00007ffca001b000 	C:\WINDOWS\System32\ole32.dll
0x00007ffc9fb90000 - 0x00007ffc9fee5000 	C:\WINDOWS\System32\combase.dll
0x00007ffc9f3b0000 - 0x00007ffc9fb1d000 	C:\WINDOWS\System32\SHELL32.dll
0x00007ffc9c0f0000 - 0x00007ffc9c894000 	C:\WINDOWS\SYSTEM32\windows.storage.dll
0x00007ffc9daa0000 - 0x00007ffc9dacf000 	C:\WINDOWS\SYSTEM32\Wldp.dll
0x00007ffc9ebc0000 - 0x00007ffc9ec8d000 	C:\WINDOWS\System32\OLEAUT32.dll
0x00007ffc9e9f0000 - 0x00007ffc9ea9d000 	C:\WINDOWS\System32\SHCORE.dll
0x00007ffca0670000 - 0x00007ffca06c5000 	C:\WINDOWS\System32\shlwapi.dll
0x00007ffc9dfa0000 - 0x00007ffc9dfc4000 	C:\WINDOWS\SYSTEM32\profapi.dll
0x00007ffbfe470000 - 0x00007ffbfe547000 	C:\Users\MSI\.jdks\openjdk-23.0.2\bin\jsvml.dll
0x00007ffc6c4b0000 - 0x00007ffc6c4c7000 	C:\Users\MSI\.jdks\openjdk-23.0.2\bin\zip.dll
0x00007ffc84630000 - 0x00007ffc84640000 	C:\Users\MSI\.jdks\openjdk-23.0.2\bin\net.dll
0x00007ffc9d800000 - 0x00007ffc9d86c000 	C:\WINDOWS\system32\mswsock.dll
0x00007ffc6c310000 - 0x00007ffc6c326000 	C:\Users\MSI\.jdks\openjdk-23.0.2\bin\nio.dll
0x00007ffc6c2f0000 - 0x00007ffc6c30a000 	C:\Program Files\JetBrains\IntelliJ IDEA 2024.3.3\bin\breakgen64.dll
0x00007ffc78bc0000 - 0x00007ffc78bc9000 	C:\Users\MSI\.jdks\openjdk-23.0.2\bin\extnet.dll
0x00007ffc79450000 - 0x00007ffc79474000 	C:\Users\MSI\AppData\Local\Temp\jansi-2.4.1-18458621ea21b258-jansi.dll
0x00007ffc77c40000 - 0x00007ffc77c50000 	C:\Users\MSI\.jdks\openjdk-23.0.2\bin\verify.dll

dbghelp: loaded successfully - version: 4.0.5 - missing functions: none
symbol engine: initialized successfully - sym options: 0x614 - pdb path: .;C:\Users\MSI\.jdks\openjdk-23.0.2\bin;C:\WINDOWS\SYSTEM32;C:\WINDOWS\WinSxS\amd64_microsoft.windows.common-controls_6595b64144ccf1df_6.0.19041.4355_none_60b8b9eb71f62e16;C:\Users\MSI\.jdks\openjdk-23.0.2\bin\server;C:\Program Files\JetBrains\IntelliJ IDEA 2024.3.3\bin;C:\Users\MSI\AppData\Local\Temp

VM Arguments:
jvm_args: -Dmaven.multiModuleProjectDirectory=C:\Users\MSI\Documents\versionmonsieur\pidev3A32_v1 -Djansi.passthrough=true -Dmaven.home=C:\Program Files\JetBrains\IntelliJ IDEA 2024.3.3\plugins\maven\lib\maven3 -Dclassworlds.conf=C:\Program Files\JetBrains\IntelliJ IDEA 2024.3.3\plugins\maven\lib\maven3\bin\m2.conf -Dmaven.ext.class.path=C:\Program Files\JetBrains\IntelliJ IDEA 2024.3.3\plugins\maven\lib\maven-event-listener.jar -javaagent:C:\Program Files\JetBrains\IntelliJ IDEA 2024.3.3\lib\idea_rt.jar=64131:C:\Program Files\JetBrains\IntelliJ IDEA 2024.3.3\bin -Dfile.encoding=UTF-8 -Dsun.stdout.encoding=UTF-8 -Dsun.stderr.encoding=UTF-8 
java_command: org.codehaus.classworlds.Launcher -Didea.version=2024.3.3 org.openjfx:javafx-maven-plugin:0.0.8:run
java_class_path (initial): C:\Program Files\JetBrains\IntelliJ IDEA 2024.3.3\plugins\maven\lib\maven3\boot\plexus-classworlds-2.8.0.jar;C:\Program Files\JetBrains\IntelliJ IDEA 2024.3.3\plugins\maven\lib\maven3\boot\plexus-classworlds.license
Launcher Type: SUN_STANDARD

[Global flags]
     intx CICompilerCount                          = 4                                         {product} {ergonomic}
     uint ConcGCThreads                            = 3                                         {product} {ergonomic}
     uint G1ConcRefinementThreads                  = 10                                        {product} {ergonomic}
   size_t G1HeapRegionSize                         = 2097152                                   {product} {ergonomic}
   size_t InitialHeapSize                          = 266338304                                 {product} {ergonomic}
   size_t MarkStackSize                            = 4194304                                   {product} {ergonomic}
   size_t MarkStackSizeMax                         = 536870912                                 {product} {ergonomic}
   size_t MaxHeapSize                              = 4248829952                                {product} {ergonomic}
   size_t MaxNewSize                               = 2548039680                                {product} {ergonomic}
   size_t MinHeapDeltaBytes                        = 2097152                                   {product} {ergonomic}
   size_t MinHeapSize                              = 8388608                                   {product} {ergonomic}
    uintx NonNMethodCodeHeapSize                   = 5832704                                {pd product} {ergonomic}
    uintx NonProfiledCodeHeapSize                  = 122945536                              {pd product} {ergonomic}
    uintx ProfiledCodeHeapSize                     = 122880000                              {pd product} {ergonomic}
    uintx ReservedCodeCacheSize                    = 251658240                              {pd product} {ergonomic}
     bool SegmentedCodeCache                       = true                                      {product} {ergonomic}
   size_t SoftMaxHeapSize                          = 4248829952                             {manageable} {ergonomic}
     bool UseCompressedOops                        = true                           {product lp64_product} {ergonomic}
     bool UseG1GC                                  = true                                      {product} {ergonomic}
     bool UseLargePagesIndividualAllocation        = false                                  {pd product} {ergonomic}

Logging:
Log output configuration:
 #0: stdout all=warning uptime,level,tags foldmultilines=false
 #1: stderr all=off uptime,level,tags foldmultilines=false

Environment Variables:
JAVA_HOME=C:\Program Files\Java\jdk-17
PATH=C:\oraclexe\app\oracle\product\11.2.0\server\bin;;C:\wamp64\bin\php\php8.2.0;C:\Program Files\Common Files\Oracle\Java\javapath;C:\oraclexe\app\oracle\product\11.2.0\server\bin;C:\Users\MSI\Desktop\Java\jdk1.8.0_311;C:\Program Files\Java\jdk-11.0.17;C:\Program Files\Java\jdk-17;C:\Windows;C:\Windows\System32\WindowsPowerShell\v1.0\;C:\Windows\System32\OpenSSH\;C:\Program Files (x86)\NVIDIA Corporation\PhysX\Common;C:\WINDOWS\system32;C:\WINDOWS;C:\WINDOWS\System32\Wbem;C:\WINDOWS\System32\WindowsPowerShell\v1.0\;C:\WINDOWS\System32\OpenSSH\;C:\Program Files (x86)\Microsoft SQL Server\160\Tools\Binn\;C:\Program Files\Microsoft SQL Server\160\Tools\Binn\;C:\Program Files\Microsoft SQL Server\Client SDK\ODBC\170\Tools\Binn\;C:\Program Files\Microsoft SQL Server\160\DTS\Binn\;C:\composer;C:\Program Files\FlutterFlow\flutterflow.exe;C:\Program Files\Git\cmd;C:\Users\MSI\AppData\Local\Programs\Python\Launcher\;C:\Users\MSI\scoop\shims;C:\Users\MSI\Desktop\javafx-sdk-21.0.2;C:\Users\MSI\Desktop\jdk-20;C:\Users\MSI\Desktop\Java\jdk-17.0.2;C:\Users\MSI\AppData\Local\Microsoft\WindowsApps;C:\Program Files\JetBrains\IntelliJ IDEA Community Edition 2023.3.4\bin;;C:\Program Files\JetBrains\IntelliJ IDEA 2024.3.3\bin;;C:\Users\MSI\AppData\Local\Programs\Microsoft VS Code\bin;C:\Users\MSI\AppData\Roaming\Composer\vendor\bin;C:\Users\MSI\AppData\Local\GitHubDesktop\bin
USERNAME=MSI
OS=Windows_NT
PROCESSOR_IDENTIFIER=Intel64 Family 6 Model 165 Stepping 2, GenuineIntel
TMP=C:\Users\MSI\AppData\Local\Temp
TEMP=C:\Users\MSI\AppData\Local\Temp




Periodic native trim disabled

---------------  S Y S T E M  ---------------

OS:
 Windows 10 , 64 bit Build 19041 (10.0.19041.5438)
OS uptime: 0 days 1:07 hours

CPU: total 12 (initial active 12) (6 cores per cpu, 2 threads per core) family 6 model 165 stepping 2 microcode 0xe2, cx8, cmov, fxsr, ht, mmx, 3dnowpref, sse, sse2, sse3, ssse3, sse4.1, sse4.2, popcnt, lzcnt, tsc, tscinvbit, avx, avx2, aes, erms, clmul, bmi1, bmi2, adx, fma, vzeroupper, clflush, clflushopt, rdtscp, f16c, pku
Processor Information for the first 12 processors :
  Max Mhz: 2592, Current Mhz: 2592, Mhz Limit: 2592

Memory: 4k page, system-wide physical 16205M (600M free)
TotalPageFile size 28331M (AvailPageFile size 0M)
current process WorkingSet (physical memory assigned to process): 156M, peak: 156M
current process commit charge ("private bytes"): 393M, peak: 393M

vm_info: OpenJDK 64-Bit Server VM (23.0.2+7-58) for windows-amd64 JRE (23.0.2+7-58), built on 2024-11-29T09:34:55Z with MS VC++ 17.6 (VS2022)

END.
