#
# There is insufficient memory for the Java Runtime Environment to continue.
# Native memory allocation (malloc) failed to allocate 896736 bytes. Error detail: Chunk::new
# Possible reasons:
#   The system is out of physical RAM or swap space
#   This process is running with CompressedOops enabled, and the Java Heap may be blocking the growth of the native heap
# Possible solutions:
#   Reduce memory load on the system
#   Increase physical memory or swap space
#   Check if swap backing store is full
#   Decrease Java heap size (-Xmx/-Xms)
#   Decrease number of Java threads
#   Decrease Java thread stack sizes (-Xss)
#   Set larger code cache with -XX:ReservedCodeCacheSize=
#   JVM is running with Zero Based Compressed Oops mode in which the Java heap is
#     placed in the first 32GB address space. The Java Heap base address is the
#     maximum limit for the native heap growth. Please use -XX:HeapBaseMinAddress
#     to set the Java Heap base and to place the Java Heap above 32GB virtual address.
# This output file may be truncated or incomplete.
#
#  Out of Memory Error (arena.cpp:149), pid=19936, tid=20052
#
# JRE version: OpenJDK Runtime Environment (23.0.2+7) (build 23.0.2+7-58)
# Java VM: OpenJDK 64-Bit Server VM (23.0.2+7-58, mixed mode, sharing, tiered, compressed oops, compressed class ptrs, g1 gc, windows-amd64)
# No core dump will be written. Minidumps are not enabled by default on client versions of Windows
#

---------------  S U M M A R Y ------------

Command Line: -Dmaven.multiModuleProjectDirectory=C:\Users\MSI\Documents\versionmonsieur\pidev3A32_v1 -Djansi.passthrough=true -Dmaven.home=C:\Program Files\JetBrains\IntelliJ IDEA 2024.3.3\plugins\maven\lib\maven3 -Dclassworlds.conf=C:\Program Files\JetBrains\IntelliJ IDEA 2024.3.3\plugins\maven\lib\maven3\bin\m2.conf -Dmaven.ext.class.path=C:\Program Files\JetBrains\IntelliJ IDEA 2024.3.3\plugins\maven\lib\maven-event-listener.jar -javaagent:C:\Program Files\JetBrains\IntelliJ IDEA 2024.3.3\lib\idea_rt.jar=64236:C:\Program Files\JetBrains\IntelliJ IDEA 2024.3.3\bin -Dfile.encoding=UTF-8 -Dsun.stdout.encoding=UTF-8 -Dsun.stderr.encoding=UTF-8 org.codehaus.classworlds.Launcher -Didea.version=2024.3.3 org.openjfx:javafx-maven-plugin:0.0.8:run

Host: Intel(R) Core(TM) i7-10750H CPU @ 2.60GHz, 12 cores, 15G,  Windows 10 , 64 bit Build 19041 (10.0.19041.5438)
Time: Tue Feb 18 12:04:43 2025 Afr. centrale Ouest elapsed time: 2.096422 seconds (0d 0h 0m 2s)

---------------  T H R E A D  ---------------

Current thread (0x000001e40410d650):  JavaThread "C2 CompilerThread0" daemon [_thread_in_native, id=20052, stack(0x00000075bb800000,0x00000075bb900000) (1024K)]


Current CompileTask:
C2:2096 3725       4       org.codehaus.plexus.util.xml.Xpp3Dom::<init> (125 bytes)

Stack: [0x00000075bb800000,0x00000075bb900000]
Native frames: (J=compiled Java code, j=interpreted, Vv=VM code, C=native code)
V  [jvm.dll+0x6e0b99]  (no source info available)
V  [jvm.dll+0x87e2b3]  (no source info available)
V  [jvm.dll+0x88073e]  (no source info available)
V  [jvm.dll+0x880e13]  (no source info available)
V  [jvm.dll+0x27b006]  (no source info available)
V  [jvm.dll+0xbc06f]  (no source info available)
V  [jvm.dll+0xbc2cb]  (no source info available)
V  [jvm.dll+0x3b3c5c]  (no source info available)
V  [jvm.dll+0x38a55b]  (no source info available)
V  [jvm.dll+0x3899ca]  (no source info available)
V  [jvm.dll+0x244ba1]  (no source info available)
V  [jvm.dll+0x243eff]  (no source info available)
V  [jvm.dll+0x1c34b0]  (no source info available)
V  [jvm.dll+0x253df1]  (no source info available)
V  [jvm.dll+0x2520aa]  (no source info available)
V  [jvm.dll+0x3ee226]  (no source info available)
V  [jvm.dll+0x8254cb]  (no source info available)
V  [jvm.dll+0x6df345]  (no source info available)
C  [ucrtbase.dll+0x21bb2]  (no source info available)
C  [KERNEL32.DLL+0x17374]  (no source info available)
C  [ntdll.dll+0x4cc91]  (no source info available)

Lock stack of current Java thread (top to bottom):


---------------  P R O C E S S  ---------------

Threads class SMR info:
_java_thread_list=0x000001e44aa428c0, length=15, elements={
0x000001e462413d80, 0x000001e404105e80, 0x000001e404106da0, 0x000001e40410acd0,
0x000001e40410b730, 0x000001e40410c190, 0x000001e40410cbf0, 0x000001e40410d650,
0x000001e40410ea50, 0x000001e404247190, 0x000001e4043760a0, 0x000001e4043f6280,
0x000001e4043f68f0, 0x000001e44a279990, 0x000001e44aa6f470
}

Java Threads: ( => current thread )
  0x000001e462413d80 JavaThread "main"                              [_thread_in_vm, id=19992, stack(0x00000075baa00000,0x00000075bab00000) (1024K)]
  0x000001e404105e80 JavaThread "Reference Handler"          daemon [_thread_blocked, id=20028, stack(0x00000075bb200000,0x00000075bb300000) (1024K)]
  0x000001e404106da0 JavaThread "Finalizer"                  daemon [_thread_blocked, id=20032, stack(0x00000075bb300000,0x00000075bb400000) (1024K)]
  0x000001e40410acd0 JavaThread "Signal Dispatcher"          daemon [_thread_blocked, id=20036, stack(0x00000075bb400000,0x00000075bb500000) (1024K)]
  0x000001e40410b730 JavaThread "Attach Listener"            daemon [_thread_blocked, id=20040, stack(0x00000075bb500000,0x00000075bb600000) (1024K)]
  0x000001e40410c190 JavaThread "Service Thread"             daemon [_thread_blocked, id=20044, stack(0x00000075bb600000,0x00000075bb700000) (1024K)]
  0x000001e40410cbf0 JavaThread "Monitor Deflation Thread"   daemon [_thread_blocked, id=20048, stack(0x00000075bb700000,0x00000075bb800000) (1024K)]
=>0x000001e40410d650 JavaThread "C2 CompilerThread0"         daemon [_thread_in_native, id=20052, stack(0x00000075bb800000,0x00000075bb900000) (1024K)]
  0x000001e40410ea50 JavaThread "C1 CompilerThread0"         daemon [_thread_in_vm, id=20056, stack(0x00000075bb900000,0x00000075bba00000) (1024K)]
  0x000001e404247190 JavaThread "Common-Cleaner"             daemon [_thread_blocked, id=20060, stack(0x00000075bba00000,0x00000075bbb00000) (1024K)]
  0x000001e4043760a0 JavaThread "C2 CompilerThread1"         daemon [_thread_in_native, id=20080, stack(0x00000075bbb00000,0x00000075bbc00000) (1024K)]
  0x000001e4043f6280 JavaThread "Monitor Ctrl-Break"         daemon [_thread_in_native, id=20084, stack(0x00000075bbc00000,0x00000075bbd00000) (1024K)]
  0x000001e4043f68f0 JavaThread "Notification Thread"        daemon [_thread_blocked, id=20088, stack(0x00000075bbd00000,0x00000075bbe00000) (1024K)]
  0x000001e44a279990 JavaThread "C2 CompilerThread2"         daemon [_thread_in_native, id=20124, stack(0x00000075bbe00000,0x00000075bbf00000) (1024K)]
  0x000001e44aa6f470 JavaThread "Thread-1"                   daemon [_thread_blocked, id=20208, stack(0x00000075bc800000,0x00000075bc900000) (1024K)]
Total: 15

Other Threads:
  0x000001e4040e8f30 VMThread "VM Thread"                           [id=20020, stack(0x00000075bb100000,0x00000075bb200000) (1024K)]
  0x000001e4040d7af0 WatcherThread "VM Periodic Task Thread"        [id=20016, stack(0x00000075bb000000,0x00000075bb100000) (1024K)]
  0x000001e46473d0c0 WorkerThread "GC Thread#0"                     [id=19996, stack(0x00000075bab00000,0x00000075bac00000) (1024K)]
  0x000001e44a5b5140 WorkerThread "GC Thread#1"                     [id=20136, stack(0x00000075bbf00000,0x00000075bc000000) (1024K)]
  0x000001e44a5b54f0 WorkerThread "GC Thread#2"                     [id=20140, stack(0x00000075bc000000,0x00000075bc100000) (1024K)]
  0x000001e44a46f650 WorkerThread "GC Thread#3"                     [id=20144, stack(0x00000075bc100000,0x00000075bc200000) (1024K)]
  0x000001e44a46fe10 WorkerThread "GC Thread#4"                     [id=20148, stack(0x00000075bc200000,0x00000075bc300000) (1024K)]
  0x000001e44a470640 WorkerThread "GC Thread#5"                     [id=20152, stack(0x00000075bc300000,0x00000075bc400000) (1024K)]
  0x000001e44a51a4c0 WorkerThread "GC Thread#6"                     [id=20156, stack(0x00000075bc400000,0x00000075bc500000) (1024K)]
  0x000001e44a4e9450 WorkerThread "GC Thread#7"                     [id=20160, stack(0x00000075bc500000,0x00000075bc600000) (1024K)]
  0x000001e44a4eaa70 WorkerThread "GC Thread#8"                     [id=20164, stack(0x00000075bc600000,0x00000075bc700000) (1024K)]
  0x000001e44a10b120 WorkerThread "GC Thread#9"                     [id=20196, stack(0x00000075bc700000,0x00000075bc800000) (1024K)]
  0x000001e464751e60 ConcurrentGCThread "G1 Main Marker"            [id=20000, stack(0x00000075bac00000,0x00000075bad00000) (1024K)]
  0x000001e464753020 WorkerThread "G1 Conc#0"                       [id=20004, stack(0x00000075bad00000,0x00000075bae00000) (1024K)]
  0x000001e46479e550 ConcurrentGCThread "G1 Refine#0"               [id=20008, stack(0x00000075bae00000,0x00000075baf00000) (1024K)]
  0x000001e403fa8b20 ConcurrentGCThread "G1 Service"                [id=20012, stack(0x00000075baf00000,0x00000075bb000000) (1024K)]
Total: 16

Threads with active compile tasks:
C2 CompilerThread0  2163 3725       4       org.codehaus.plexus.util.xml.Xpp3Dom::<init> (125 bytes)
C2 CompilerThread1  2163 3847   !   4       java.io.BufferedInputStream::read (69 bytes)
C2 CompilerThread2  2163 3838       4       java.util.Collections$SetFromMap::remove (19 bytes)
Total: 3

VM state: not at safepoint (normal execution)

VM Mutex/Monitor currently owned by a thread: None

Heap address: 0x0000000702c00000, size: 4052 MB, Compressed Oops mode: Zero based, Oop shift amount: 3

CDS archive(s) mapped at: [0x000001e405000000-0x000001e405d70000-0x000001e405d70000), size 14090240, SharedBaseAddress: 0x000001e405000000, ArchiveRelocationMode: 1.
Compressed class space mapped at: 0x000001e406000000-0x000001e446000000, reserved size: 1073741824
Narrow klass base: 0x000001e405000000, Narrow klass shift: 0, Narrow klass range: 0x41000000

GC Precious Log:
 CardTable entry size: 512
 Card Set container configuration: InlinePtr #cards 4 size 8 Array Of Cards #cards 16 size 48 Howl #buckets 8 coarsen threshold 3686 Howl Bitmap #cards 512 size 80 coarsen threshold 460 Card regions per heap region 1 cards per card region 4096
 CPUs: 12 total, 12 available
 Memory: 16205M
 Large Page Support: Disabled
 NUMA Support: Disabled
 Compressed Oops: Enabled (Zero based)
 Heap Region Size: 2M
 Heap Min Capacity: 8M
 Heap Initial Capacity: 254M
 Heap Max Capacity: 4052M
 Pre-touch: Disabled
 Parallel Workers: 10
 Concurrent Workers: 3
 Concurrent Refinement Workers: 10
 Periodic GC: Disabled

Heap:
 garbage-first heap   total reserved 4149248K, committed 260096K, used 64399K [0x0000000702c00000, 0x0000000800000000)
  region size 2048K, 31 young (63488K), 1 survivors (2048K)
 Metaspace       used 17054K, committed 17344K, reserved 1114112K
  class space    used 2101K, committed 2240K, reserved 1048576K

Heap Regions: E=young(eden), S=young(survivor), O=old, HS=humongous(starts), HC=humongous(continues), CS=collection set, F=free, TAMS=top-at-mark-start, PB=parsable bottom
|   0|0x0000000702c00000, 0x0000000702e00000, 0x0000000702e00000|100%| O|  |TAMS 0x0000000702c00000| PB 0x0000000702c00000| Untracked |  0
|   1|0x0000000702e00000, 0x0000000702fc8348, 0x0000000703000000| 89%| O|  |TAMS 0x0000000702e00000| PB 0x0000000702e00000| Untracked |  0
|   2|0x0000000703000000, 0x0000000703000000, 0x0000000703200000|  0%| F|  |TAMS 0x0000000703000000| PB 0x0000000703000000| Untracked |  0
|   3|0x0000000703200000, 0x0000000703200000, 0x0000000703400000|  0%| F|  |TAMS 0x0000000703200000| PB 0x0000000703200000| Untracked |  0
|   4|0x0000000703400000, 0x0000000703400000, 0x0000000703600000|  0%| F|  |TAMS 0x0000000703400000| PB 0x0000000703400000| Untracked |  0
|   5|0x0000000703600000, 0x0000000703600000, 0x0000000703800000|  0%| F|  |TAMS 0x0000000703600000| PB 0x0000000703600000| Untracked |  0
|   6|0x0000000703800000, 0x0000000703800000, 0x0000000703a00000|  0%| F|  |TAMS 0x0000000703800000| PB 0x0000000703800000| Untracked |  0
|   7|0x0000000703a00000, 0x0000000703a00000, 0x0000000703c00000|  0%| F|  |TAMS 0x0000000703a00000| PB 0x0000000703a00000| Untracked |  0
|   8|0x0000000703c00000, 0x0000000703c00000, 0x0000000703e00000|  0%| F|  |TAMS 0x0000000703c00000| PB 0x0000000703c00000| Untracked |  0
|   9|0x0000000703e00000, 0x0000000703e00000, 0x0000000704000000|  0%| F|  |TAMS 0x0000000703e00000| PB 0x0000000703e00000| Untracked |  0
|  10|0x0000000704000000, 0x0000000704000000, 0x0000000704200000|  0%| F|  |TAMS 0x0000000704000000| PB 0x0000000704000000| Untracked |  0
|  11|0x0000000704200000, 0x0000000704200000, 0x0000000704400000|  0%| F|  |TAMS 0x0000000704200000| PB 0x0000000704200000| Untracked |  0
|  12|0x0000000704400000, 0x0000000704400000, 0x0000000704600000|  0%| F|  |TAMS 0x0000000704400000| PB 0x0000000704400000| Untracked |  0
|  13|0x0000000704600000, 0x0000000704600000, 0x0000000704800000|  0%| F|  |TAMS 0x0000000704600000| PB 0x0000000704600000| Untracked |  0
|  14|0x0000000704800000, 0x0000000704800000, 0x0000000704a00000|  0%| F|  |TAMS 0x0000000704800000| PB 0x0000000704800000| Untracked |  0
|  15|0x0000000704a00000, 0x0000000704a00000, 0x0000000704c00000|  0%| F|  |TAMS 0x0000000704a00000| PB 0x0000000704a00000| Untracked |  0
|  16|0x0000000704c00000, 0x0000000704c00000, 0x0000000704e00000|  0%| F|  |TAMS 0x0000000704c00000| PB 0x0000000704c00000| Untracked |  0
|  17|0x0000000704e00000, 0x0000000704e00000, 0x0000000705000000|  0%| F|  |TAMS 0x0000000704e00000| PB 0x0000000704e00000| Untracked |  0
|  18|0x0000000705000000, 0x0000000705000000, 0x0000000705200000|  0%| F|  |TAMS 0x0000000705000000| PB 0x0000000705000000| Untracked |  0
|  19|0x0000000705200000, 0x0000000705200000, 0x0000000705400000|  0%| F|  |TAMS 0x0000000705200000| PB 0x0000000705200000| Untracked |  0
|  20|0x0000000705400000, 0x0000000705400000, 0x0000000705600000|  0%| F|  |TAMS 0x0000000705400000| PB 0x0000000705400000| Untracked |  0
|  21|0x0000000705600000, 0x0000000705600000, 0x0000000705800000|  0%| F|  |TAMS 0x0000000705600000| PB 0x0000000705600000| Untracked |  0
|  22|0x0000000705800000, 0x0000000705800000, 0x0000000705a00000|  0%| F|  |TAMS 0x0000000705800000| PB 0x0000000705800000| Untracked |  0
|  23|0x0000000705a00000, 0x0000000705a00000, 0x0000000705c00000|  0%| F|  |TAMS 0x0000000705a00000| PB 0x0000000705a00000| Untracked |  0
|  24|0x0000000705c00000, 0x0000000705c00000, 0x0000000705e00000|  0%| F|  |TAMS 0x0000000705c00000| PB 0x0000000705c00000| Untracked |  0
|  25|0x0000000705e00000, 0x0000000705e00000, 0x0000000706000000|  0%| F|  |TAMS 0x0000000705e00000| PB 0x0000000705e00000| Untracked |  0
|  26|0x0000000706000000, 0x0000000706000000, 0x0000000706200000|  0%| F|  |TAMS 0x0000000706000000| PB 0x0000000706000000| Untracked |  0
|  27|0x0000000706200000, 0x0000000706200000, 0x0000000706400000|  0%| F|  |TAMS 0x0000000706200000| PB 0x0000000706200000| Untracked |  0
|  28|0x0000000706400000, 0x0000000706400000, 0x0000000706600000|  0%| F|  |TAMS 0x0000000706400000| PB 0x0000000706400000| Untracked |  0
|  29|0x0000000706600000, 0x0000000706600000, 0x0000000706800000|  0%| F|  |TAMS 0x0000000706600000| PB 0x0000000706600000| Untracked |  0
|  30|0x0000000706800000, 0x0000000706800000, 0x0000000706a00000|  0%| F|  |TAMS 0x0000000706800000| PB 0x0000000706800000| Untracked |  0
|  31|0x0000000706a00000, 0x0000000706a00000, 0x0000000706c00000|  0%| F|  |TAMS 0x0000000706a00000| PB 0x0000000706a00000| Untracked |  0
|  32|0x0000000706c00000, 0x0000000706c00000, 0x0000000706e00000|  0%| F|  |TAMS 0x0000000706c00000| PB 0x0000000706c00000| Untracked |  0
|  33|0x0000000706e00000, 0x0000000706e00000, 0x0000000707000000|  0%| F|  |TAMS 0x0000000706e00000| PB 0x0000000706e00000| Untracked |  0
|  34|0x0000000707000000, 0x0000000707000000, 0x0000000707200000|  0%| F|  |TAMS 0x0000000707000000| PB 0x0000000707000000| Untracked |  0
|  35|0x0000000707200000, 0x0000000707200000, 0x0000000707400000|  0%| F|  |TAMS 0x0000000707200000| PB 0x0000000707200000| Untracked |  0
|  36|0x0000000707400000, 0x0000000707400000, 0x0000000707600000|  0%| F|  |TAMS 0x0000000707400000| PB 0x0000000707400000| Untracked |  0
|  37|0x0000000707600000, 0x0000000707600000, 0x0000000707800000|  0%| F|  |TAMS 0x0000000707600000| PB 0x0000000707600000| Untracked |  0
|  38|0x0000000707800000, 0x0000000707800000, 0x0000000707a00000|  0%| F|  |TAMS 0x0000000707800000| PB 0x0000000707800000| Untracked |  0
|  39|0x0000000707a00000, 0x0000000707a00000, 0x0000000707c00000|  0%| F|  |TAMS 0x0000000707a00000| PB 0x0000000707a00000| Untracked |  0
|  40|0x0000000707c00000, 0x0000000707c00000, 0x0000000707e00000|  0%| F|  |TAMS 0x0000000707c00000| PB 0x0000000707c00000| Untracked |  0
|  41|0x0000000707e00000, 0x0000000707e00000, 0x0000000708000000|  0%| F|  |TAMS 0x0000000707e00000| PB 0x0000000707e00000| Untracked |  0
|  42|0x0000000708000000, 0x0000000708000000, 0x0000000708200000|  0%| F|  |TAMS 0x0000000708000000| PB 0x0000000708000000| Untracked |  0
|  43|0x0000000708200000, 0x0000000708200000, 0x0000000708400000|  0%| F|  |TAMS 0x0000000708200000| PB 0x0000000708200000| Untracked |  0
|  44|0x0000000708400000, 0x0000000708400000, 0x0000000708600000|  0%| F|  |TAMS 0x0000000708400000| PB 0x0000000708400000| Untracked |  0
|  45|0x0000000708600000, 0x0000000708600000, 0x0000000708800000|  0%| F|  |TAMS 0x0000000708600000| PB 0x0000000708600000| Untracked |  0
|  46|0x0000000708800000, 0x0000000708800000, 0x0000000708a00000|  0%| F|  |TAMS 0x0000000708800000| PB 0x0000000708800000| Untracked |  0
|  47|0x0000000708a00000, 0x0000000708a00000, 0x0000000708c00000|  0%| F|  |TAMS 0x0000000708a00000| PB 0x0000000708a00000| Untracked |  0
|  48|0x0000000708c00000, 0x0000000708c00000, 0x0000000708e00000|  0%| F|  |TAMS 0x0000000708c00000| PB 0x0000000708c00000| Untracked |  0
|  49|0x0000000708e00000, 0x0000000708e00000, 0x0000000709000000|  0%| F|  |TAMS 0x0000000708e00000| PB 0x0000000708e00000| Untracked |  0
|  50|0x0000000709000000, 0x0000000709000000, 0x0000000709200000|  0%| F|  |TAMS 0x0000000709000000| PB 0x0000000709000000| Untracked |  0
|  51|0x0000000709200000, 0x0000000709200000, 0x0000000709400000|  0%| F|  |TAMS 0x0000000709200000| PB 0x0000000709200000| Untracked |  0
|  52|0x0000000709400000, 0x0000000709400000, 0x0000000709600000|  0%| F|  |TAMS 0x0000000709400000| PB 0x0000000709400000| Untracked |  0
|  53|0x0000000709600000, 0x0000000709600000, 0x0000000709800000|  0%| F|  |TAMS 0x0000000709600000| PB 0x0000000709600000| Untracked |  0
|  54|0x0000000709800000, 0x0000000709800000, 0x0000000709a00000|  0%| F|  |TAMS 0x0000000709800000| PB 0x0000000709800000| Untracked |  0
|  55|0x0000000709a00000, 0x0000000709a00000, 0x0000000709c00000|  0%| F|  |TAMS 0x0000000709a00000| PB 0x0000000709a00000| Untracked |  0
|  56|0x0000000709c00000, 0x0000000709c00000, 0x0000000709e00000|  0%| F|  |TAMS 0x0000000709c00000| PB 0x0000000709c00000| Untracked |  0
|  57|0x0000000709e00000, 0x0000000709e00000, 0x000000070a000000|  0%| F|  |TAMS 0x0000000709e00000| PB 0x0000000709e00000| Untracked |  0
|  58|0x000000070a000000, 0x000000070a000000, 0x000000070a200000|  0%| F|  |TAMS 0x000000070a000000| PB 0x000000070a000000| Untracked |  0
|  59|0x000000070a200000, 0x000000070a200000, 0x000000070a400000|  0%| F|  |TAMS 0x000000070a200000| PB 0x000000070a200000| Untracked |  0
|  60|0x000000070a400000, 0x000000070a400000, 0x000000070a600000|  0%| F|  |TAMS 0x000000070a400000| PB 0x000000070a400000| Untracked |  0
|  61|0x000000070a600000, 0x000000070a600000, 0x000000070a800000|  0%| F|  |TAMS 0x000000070a600000| PB 0x000000070a600000| Untracked |  0
|  62|0x000000070a800000, 0x000000070a800000, 0x000000070aa00000|  0%| F|  |TAMS 0x000000070a800000| PB 0x000000070a800000| Untracked |  0
|  63|0x000000070aa00000, 0x000000070aa00000, 0x000000070ac00000|  0%| F|  |TAMS 0x000000070aa00000| PB 0x000000070aa00000| Untracked |  0
|  64|0x000000070ac00000, 0x000000070ac00000, 0x000000070ae00000|  0%| F|  |TAMS 0x000000070ac00000| PB 0x000000070ac00000| Untracked |  0
|  65|0x000000070ae00000, 0x000000070ae00000, 0x000000070b000000|  0%| F|  |TAMS 0x000000070ae00000| PB 0x000000070ae00000| Untracked |  0
|  66|0x000000070b000000, 0x000000070b000000, 0x000000070b200000|  0%| F|  |TAMS 0x000000070b000000| PB 0x000000070b000000| Untracked |  0
|  67|0x000000070b200000, 0x000000070b200000, 0x000000070b400000|  0%| F|  |TAMS 0x000000070b200000| PB 0x000000070b200000| Untracked |  0
|  68|0x000000070b400000, 0x000000070b400000, 0x000000070b600000|  0%| F|  |TAMS 0x000000070b400000| PB 0x000000070b400000| Untracked |  0
|  69|0x000000070b600000, 0x000000070b600000, 0x000000070b800000|  0%| F|  |TAMS 0x000000070b600000| PB 0x000000070b600000| Untracked |  0
|  70|0x000000070b800000, 0x000000070b800000, 0x000000070ba00000|  0%| F|  |TAMS 0x000000070b800000| PB 0x000000070b800000| Untracked |  0
|  71|0x000000070ba00000, 0x000000070ba00000, 0x000000070bc00000|  0%| F|  |TAMS 0x000000070ba00000| PB 0x000000070ba00000| Untracked |  0
|  72|0x000000070bc00000, 0x000000070bc00000, 0x000000070be00000|  0%| F|  |TAMS 0x000000070bc00000| PB 0x000000070bc00000| Untracked |  0
|  73|0x000000070be00000, 0x000000070be00000, 0x000000070c000000|  0%| F|  |TAMS 0x000000070be00000| PB 0x000000070be00000| Untracked |  0
|  74|0x000000070c000000, 0x000000070c000000, 0x000000070c200000|  0%| F|  |TAMS 0x000000070c000000| PB 0x000000070c000000| Untracked |  0
|  75|0x000000070c200000, 0x000000070c200000, 0x000000070c400000|  0%| F|  |TAMS 0x000000070c200000| PB 0x000000070c200000| Untracked |  0
|  76|0x000000070c400000, 0x000000070c400000, 0x000000070c600000|  0%| F|  |TAMS 0x000000070c400000| PB 0x000000070c400000| Untracked |  0
|  77|0x000000070c600000, 0x000000070c600000, 0x000000070c800000|  0%| F|  |TAMS 0x000000070c600000| PB 0x000000070c600000| Untracked |  0
|  78|0x000000070c800000, 0x000000070c800000, 0x000000070ca00000|  0%| F|  |TAMS 0x000000070c800000| PB 0x000000070c800000| Untracked |  0
|  79|0x000000070ca00000, 0x000000070ca00000, 0x000000070cc00000|  0%| F|  |TAMS 0x000000070ca00000| PB 0x000000070ca00000| Untracked |  0
|  80|0x000000070cc00000, 0x000000070cc00000, 0x000000070ce00000|  0%| F|  |TAMS 0x000000070cc00000| PB 0x000000070cc00000| Untracked |  0
|  81|0x000000070ce00000, 0x000000070ce00000, 0x000000070d000000|  0%| F|  |TAMS 0x000000070ce00000| PB 0x000000070ce00000| Untracked |  0
|  82|0x000000070d000000, 0x000000070d000000, 0x000000070d200000|  0%| F|  |TAMS 0x000000070d000000| PB 0x000000070d000000| Untracked |  0
|  83|0x000000070d200000, 0x000000070d200000, 0x000000070d400000|  0%| F|  |TAMS 0x000000070d200000| PB 0x000000070d200000| Untracked |  0
|  84|0x000000070d400000, 0x000000070d400000, 0x000000070d600000|  0%| F|  |TAMS 0x000000070d400000| PB 0x000000070d400000| Untracked |  0
|  85|0x000000070d600000, 0x000000070d600000, 0x000000070d800000|  0%| F|  |TAMS 0x000000070d600000| PB 0x000000070d600000| Untracked |  0
|  86|0x000000070d800000, 0x000000070d800000, 0x000000070da00000|  0%| F|  |TAMS 0x000000070d800000| PB 0x000000070d800000| Untracked |  0
|  87|0x000000070da00000, 0x000000070da00000, 0x000000070dc00000|  0%| F|  |TAMS 0x000000070da00000| PB 0x000000070da00000| Untracked |  0
|  88|0x000000070dc00000, 0x000000070dc00000, 0x000000070de00000|  0%| F|  |TAMS 0x000000070dc00000| PB 0x000000070dc00000| Untracked |  0
|  89|0x000000070de00000, 0x000000070de00000, 0x000000070e000000|  0%| F|  |TAMS 0x000000070de00000| PB 0x000000070de00000| Untracked |  0
|  90|0x000000070e000000, 0x000000070e000000, 0x000000070e200000|  0%| F|  |TAMS 0x000000070e000000| PB 0x000000070e000000| Untracked |  0
|  91|0x000000070e200000, 0x000000070e200000, 0x000000070e400000|  0%| F|  |TAMS 0x000000070e200000| PB 0x000000070e200000| Untracked |  0
|  92|0x000000070e400000, 0x000000070e400000, 0x000000070e600000|  0%| F|  |TAMS 0x000000070e400000| PB 0x000000070e400000| Untracked |  0
|  93|0x000000070e600000, 0x000000070e600000, 0x000000070e800000|  0%| F|  |TAMS 0x000000070e600000| PB 0x000000070e600000| Untracked |  0
|  94|0x000000070e800000, 0x000000070e800000, 0x000000070ea00000|  0%| F|  |TAMS 0x000000070e800000| PB 0x000000070e800000| Untracked |  0
|  95|0x000000070ea00000, 0x000000070ea00000, 0x000000070ec00000|  0%| F|  |TAMS 0x000000070ea00000| PB 0x000000070ea00000| Untracked |  0
|  96|0x000000070ec00000, 0x000000070ecec2f0, 0x000000070ee00000| 46%| E|  |TAMS 0x000000070ec00000| PB 0x000000070ec00000| Complete |  0
|  97|0x000000070ee00000, 0x000000070f000000, 0x000000070f000000|100%| E|CS|TAMS 0x000000070ee00000| PB 0x000000070ee00000| Complete |  0
|  98|0x000000070f000000, 0x000000070f200000, 0x000000070f200000|100%| E|CS|TAMS 0x000000070f000000| PB 0x000000070f000000| Complete |  0
|  99|0x000000070f200000, 0x000000070f400000, 0x000000070f400000|100%| E|CS|TAMS 0x000000070f200000| PB 0x000000070f200000| Complete |  0
| 100|0x000000070f400000, 0x000000070f600000, 0x000000070f600000|100%| E|CS|TAMS 0x000000070f400000| PB 0x000000070f400000| Complete |  0
| 101|0x000000070f600000, 0x000000070f800000, 0x000000070f800000|100%| E|CS|TAMS 0x000000070f600000| PB 0x000000070f600000| Complete |  0
| 102|0x000000070f800000, 0x000000070fa00000, 0x000000070fa00000|100%| E|CS|TAMS 0x000000070f800000| PB 0x000000070f800000| Complete |  0
| 103|0x000000070fa00000, 0x000000070fc00000, 0x000000070fc00000|100%| E|CS|TAMS 0x000000070fa00000| PB 0x000000070fa00000| Complete |  0
| 104|0x000000070fc00000, 0x000000070fe00000, 0x000000070fe00000|100%| E|CS|TAMS 0x000000070fc00000| PB 0x000000070fc00000| Complete |  0
| 105|0x000000070fe00000, 0x0000000710000000, 0x0000000710000000|100%| E|CS|TAMS 0x000000070fe00000| PB 0x000000070fe00000| Complete |  0
| 106|0x0000000710000000, 0x0000000710200000, 0x0000000710200000|100%| E|CS|TAMS 0x0000000710000000| PB 0x0000000710000000| Complete |  0
| 107|0x0000000710200000, 0x0000000710400000, 0x0000000710400000|100%| E|CS|TAMS 0x0000000710200000| PB 0x0000000710200000| Complete |  0
| 108|0x0000000710400000, 0x0000000710600000, 0x0000000710600000|100%| E|CS|TAMS 0x0000000710400000| PB 0x0000000710400000| Complete |  0
| 109|0x0000000710600000, 0x0000000710800000, 0x0000000710800000|100%| E|CS|TAMS 0x0000000710600000| PB 0x0000000710600000| Complete |  0
| 110|0x0000000710800000, 0x0000000710a00000, 0x0000000710a00000|100%| E|CS|TAMS 0x0000000710800000| PB 0x0000000710800000| Complete |  0
| 111|0x0000000710a00000, 0x0000000710c00000, 0x0000000710c00000|100%| E|CS|TAMS 0x0000000710a00000| PB 0x0000000710a00000| Complete |  0
| 112|0x0000000710c00000, 0x0000000710e00000, 0x0000000710e00000|100%| E|CS|TAMS 0x0000000710c00000| PB 0x0000000710c00000| Complete |  0
| 113|0x0000000710e00000, 0x0000000711000000, 0x0000000711000000|100%| E|CS|TAMS 0x0000000710e00000| PB 0x0000000710e00000| Complete |  0
| 114|0x0000000711000000, 0x0000000711200000, 0x0000000711200000|100%| E|CS|TAMS 0x0000000711000000| PB 0x0000000711000000| Complete |  0
| 115|0x0000000711200000, 0x000000071131bac0, 0x0000000711400000| 55%| S|CS|TAMS 0x0000000711200000| PB 0x0000000711200000| Complete |  0
| 116|0x0000000711400000, 0x0000000711600000, 0x0000000711600000|100%| E|CS|TAMS 0x0000000711400000| PB 0x0000000711400000| Complete |  0
| 117|0x0000000711600000, 0x0000000711800000, 0x0000000711800000|100%| E|CS|TAMS 0x0000000711600000| PB 0x0000000711600000| Complete |  0
| 118|0x0000000711800000, 0x0000000711a00000, 0x0000000711a00000|100%| E|CS|TAMS 0x0000000711800000| PB 0x0000000711800000| Complete |  0
| 119|0x0000000711a00000, 0x0000000711c00000, 0x0000000711c00000|100%| E|CS|TAMS 0x0000000711a00000| PB 0x0000000711a00000| Complete |  0
| 120|0x0000000711c00000, 0x0000000711e00000, 0x0000000711e00000|100%| E|CS|TAMS 0x0000000711c00000| PB 0x0000000711c00000| Complete |  0
| 121|0x0000000711e00000, 0x0000000712000000, 0x0000000712000000|100%| E|CS|TAMS 0x0000000711e00000| PB 0x0000000711e00000| Complete |  0
| 122|0x0000000712000000, 0x0000000712200000, 0x0000000712200000|100%| E|CS|TAMS 0x0000000712000000| PB 0x0000000712000000| Complete |  0
| 123|0x0000000712200000, 0x0000000712400000, 0x0000000712400000|100%| E|CS|TAMS 0x0000000712200000| PB 0x0000000712200000| Complete |  0
| 124|0x0000000712400000, 0x0000000712600000, 0x0000000712600000|100%| E|CS|TAMS 0x0000000712400000| PB 0x0000000712400000| Complete |  0
| 125|0x0000000712600000, 0x0000000712800000, 0x0000000712800000|100%| E|CS|TAMS 0x0000000712600000| PB 0x0000000712600000| Complete |  0
| 126|0x0000000712800000, 0x0000000712a00000, 0x0000000712a00000|100%| E|CS|TAMS 0x0000000712800000| PB 0x0000000712800000| Complete |  0

Card table byte_map: [0x000001e47cc70000,0x000001e47d460000] _byte_map_base: 0x000001e47945a000

Marking Bits: (CMBitMap*) 0x000001e46473d6e0
 Bits: [0x000001e400000000, 0x000001e403f50000)

Polling page: 0x000001e4623d0000

Metaspace:

Usage:
  Non-class:     14.60 MB used.
      Class:      2.05 MB used.
       Both:     16.66 MB used.

Virtual space:
  Non-class space:       64.00 MB reserved,      14.75 MB ( 23%) committed,  1 nodes.
      Class space:        1.00 GB reserved,       2.19 MB ( <1%) committed,  1 nodes.
             Both:        1.06 GB reserved,      16.94 MB (  2%) committed. 

Chunk freelists:
   Non-Class:  400.00 KB
       Class:  13.79 MB
        Both:  14.18 MB

MaxMetaspaceSize: unlimited
CompressedClassSpaceSize: 1.00 GB
Initial GC threshold: 21.00 MB
Current GC threshold: 21.00 MB
CDS: on
 - commit_granule_bytes: 65536.
 - commit_granule_words: 8192.
 - virtual_space_node_default_size: 8388608.
 - enlarge_chunks_in_place: 1.
 - use_allocation_guard: 0.


Internal statistics:

num_allocs_failed_limit: 0.
num_arena_births: 178.
num_arena_deaths: 0.
num_vsnodes_births: 2.
num_vsnodes_deaths: 0.
num_space_committed: 271.
num_space_uncommitted: 0.
num_chunks_returned_to_freelist: 0.
num_chunks_taken_from_freelist: 741.
num_chunk_merges: 0.
num_chunk_splits: 515.
num_chunks_enlarged: 408.
num_inconsistent_stats: 0.

CodeHeap 'non-profiled nmethods': size=120064Kb used=1360Kb max_used=1360Kb free=118704Kb
 bounds [0x000001e4748d0000, 0x000001e474b40000, 0x000001e47be10000]
CodeHeap 'profiled nmethods': size=120000Kb used=5788Kb max_used=5788Kb free=114211Kb
 bounds [0x000001e46ce10000, 0x000001e46d3c0000, 0x000001e474340000]
CodeHeap 'non-nmethods': size=5696Kb used=1433Kb max_used=1474Kb free=4262Kb
 bounds [0x000001e474340000, 0x000001e4745b0000, 0x000001e4748d0000]
CodeCache: size=245760Kb, used=8581Kb, max_used=8622Kb, free=237177Kb
 total_blobs=4393, nmethods=3863, adapters=435, full_count=0
Compilation: enabled, stopped_count=0, restarted_count=0

Compilation events (20 events):
Event: 2.087 Thread 0x000001e40410ea50 3769       3       java.util.WeakHashMap::isEmpty (13 bytes)
Event: 2.087 Thread 0x000001e40410ea50 nmethod 3769 0x000001e46d382688 code [0x000001e46d3827c0, 0x000001e46d382a70]
Event: 2.087 Thread 0x000001e40410ea50 3770       3       java.util.WeakHashMap::size (18 bytes)
Event: 2.087 Thread 0x000001e40410ea50 nmethod 3770 0x000001e46d382b08 code [0x000001e46d382c40, 0x000001e46d382de8]
Event: 2.089 Thread 0x000001e40410ea50 3771       3       java.net.URLConnection::<init> (62 bytes)
Event: 2.090 Thread 0x000001e40410ea50 nmethod 3771 0x000001e46d382e08 code [0x000001e46d382f80, 0x000001e46d383448]
Event: 2.090 Thread 0x000001e4043760a0 nmethod 3734 0x000001e474a1c308 code [0x000001e474a1c440, 0x000001e474a1c8f8]
Event: 2.090 Thread 0x000001e40410ea50 3772       3       java.net.URLConnection::getDefaultUseCaches (27 bytes)
Event: 2.090 Thread 0x000001e40410ea50 nmethod 3772 0x000001e46d383508 code [0x000001e46d383660, 0x000001e46d383920]
Event: 2.091 Thread 0x000001e40410ea50 3773   !   3       java.net.URL::getURLStreamHandler (191 bytes)
Event: 2.091 Thread 0x000001e40410ea50 nmethod 3773 0x000001e46d383988 code [0x000001e46d383ba0, 0x000001e46d3849d8]
Event: 2.091 Thread 0x000001e40410ea50 3774       3       java.lang.CharacterDataLatin1::equalsIgnoreCase (63 bytes)
Event: 2.092 Thread 0x000001e40410ea50 nmethod 3774 0x000001e46d384a08 code [0x000001e46d384b40, 0x000001e46d384df0]
Event: 2.092 Thread 0x000001e40410ea50 3775       3       java.lang.String::regionMatches (150 bytes)
Event: 2.092 Thread 0x000001e40410ea50 nmethod 3775 0x000001e46d384e08 code [0x000001e46d384fe0, 0x000001e46d3857a0]
Event: 2.094 Thread 0x000001e40410ea50 3776       3       java.io.FileDescriptor::<init> (17 bytes)
Event: 2.094 Thread 0x000001e40410ea50 nmethod 3776 0x000001e46d385808 code [0x000001e46d385920, 0x000001e46d385a98]
Event: 2.094 Thread 0x000001e40410ea50 3777   !   3       java.net.URL::<init> (543 bytes)
Event: 2.094 Thread 0x000001e4043760a0 3778       4       java.util.Objects::checkFromIndexSize (8 bytes)
Event: 2.095 Thread 0x000001e4043760a0 nmethod 3778 0x000001e474a1c988 code [0x000001e474a1ca80, 0x000001e474a1cb40]

GC Heap History (4 events):
Event: 0.764 GC heap before
{Heap before GC invocations=0 (full 0):
 garbage-first heap   total reserved 4149248K, committed 260096K, used 24576K [0x0000000702c00000, 0x0000000800000000)
  region size 2048K, 12 young (24576K), 0 survivors (0K)
 Metaspace       used 6306K, committed 6528K, reserved 1114112K
  class space    used 764K, committed 832K, reserved 1048576K
}
Event: 0.769 GC heap after
{Heap after GC invocations=1 (full 0):
 garbage-first heap   total reserved 4149248K, committed 260096K, used 4135K [0x0000000702c00000, 0x0000000800000000)
  region size 2048K, 2 young (4096K), 2 survivors (4096K)
 Metaspace       used 6306K, committed 6528K, reserved 1114112K
  class space    used 764K, committed 832K, reserved 1048576K
}
Event: 1.117 GC heap before
{Heap before GC invocations=1 (full 0):
 garbage-first heap   total reserved 4149248K, committed 260096K, used 24615K [0x0000000702c00000, 0x0000000800000000)
  region size 2048K, 13 young (26624K), 2 survivors (4096K)
 Metaspace       used 8468K, committed 8640K, reserved 1114112K
  class space    used 1026K, committed 1088K, reserved 1048576K
}
Event: 1.121 GC heap after
{Heap after GC invocations=2 (full 0):
 garbage-first heap   total reserved 4149248K, committed 260096K, used 5007K [0x0000000702c00000, 0x0000000800000000)
  region size 2048K, 1 young (2048K), 1 survivors (2048K)
 Metaspace       used 8468K, committed 8640K, reserved 1114112K
  class space    used 1026K, committed 1088K, reserved 1048576K
}

Dll operation events (12 events):
Event: 0.009 Loaded shared library C:\Users\MSI\.jdks\openjdk-23.0.2\bin\java.dll
Event: 0.043 Loaded shared library C:\Users\MSI\.jdks\openjdk-23.0.2\bin\jsvml.dll
Event: 0.096 Loaded shared library C:\Users\MSI\.jdks\openjdk-23.0.2\bin\zip.dll
Event: 0.101 Loaded shared library C:\Users\MSI\.jdks\openjdk-23.0.2\bin\instrument.dll
Event: 0.107 Loaded shared library C:\Users\MSI\.jdks\openjdk-23.0.2\bin\net.dll
Event: 0.110 Loaded shared library C:\Users\MSI\.jdks\openjdk-23.0.2\bin\nio.dll
Event: 0.115 Loaded shared library C:\Users\MSI\.jdks\openjdk-23.0.2\bin\zip.dll
Event: 0.139 Loaded shared library C:\Program Files\JetBrains\IntelliJ IDEA 2024.3.3\bin\breakgen64.dll
Event: 0.152 Loaded shared library C:\Users\MSI\.jdks\openjdk-23.0.2\bin\extnet.dll
Event: 0.271 Loaded shared library C:\Users\MSI\.jdks\openjdk-23.0.2\bin\jimage.dll
Event: 0.329 Loaded shared library C:\Users\MSI\AppData\Local\Temp\jansi-2.4.1-dd020e6cd082168f-jansi.dll
Event: 0.341 Loaded shared library C:\Users\MSI\.jdks\openjdk-23.0.2\bin\verify.dll

Deoptimization events (20 events):
Event: 2.041 Thread 0x000001e462413d80 Uncommon trap: trap_request=0xffffffde fr.pc=0x000001e4749550c4 relative=0x0000000000000164
Event: 2.041 Thread 0x000001e462413d80 Uncommon trap: reason=class_check action=maybe_recompile pc=0x000001e4749550c4 method=java.nio.charset.CharsetDecoder.decode(Ljava/nio/ByteBuffer;Ljava/nio/CharBuffer;Z)Ljava/nio/charset/CoderResult; @ 57 c2
Event: 2.041 Thread 0x000001e462413d80 DEOPT PACKING pc=0x000001e4749550c4 sp=0x00000075baafc170
Event: 2.041 Thread 0x000001e462413d80 DEOPT UNPACKING pc=0x000001e474394402 sp=0x00000075baafc0f8 mode 2
Event: 2.041 Thread 0x000001e462413d80 Uncommon trap: trap_request=0xffffffde fr.pc=0x000001e4749550c4 relative=0x0000000000000164
Event: 2.041 Thread 0x000001e462413d80 Uncommon trap: reason=class_check action=maybe_recompile pc=0x000001e4749550c4 method=java.nio.charset.CharsetDecoder.decode(Ljava/nio/ByteBuffer;Ljava/nio/CharBuffer;Z)Ljava/nio/charset/CoderResult; @ 57 c2
Event: 2.041 Thread 0x000001e462413d80 DEOPT PACKING pc=0x000001e4749550c4 sp=0x00000075baafbfd0
Event: 2.041 Thread 0x000001e462413d80 DEOPT UNPACKING pc=0x000001e474394402 sp=0x00000075baafbf58 mode 2
Event: 2.041 Thread 0x000001e462413d80 Uncommon trap: trap_request=0xffffffde fr.pc=0x000001e4749550c4 relative=0x0000000000000164
Event: 2.041 Thread 0x000001e462413d80 Uncommon trap: reason=class_check action=maybe_recompile pc=0x000001e4749550c4 method=java.nio.charset.CharsetDecoder.decode(Ljava/nio/ByteBuffer;Ljava/nio/CharBuffer;Z)Ljava/nio/charset/CoderResult; @ 57 c2
Event: 2.041 Thread 0x000001e462413d80 DEOPT PACKING pc=0x000001e4749550c4 sp=0x00000075baafbfd0
Event: 2.041 Thread 0x000001e462413d80 DEOPT UNPACKING pc=0x000001e474394402 sp=0x00000075baafbf58 mode 2
Event: 2.079 Thread 0x000001e462413d80 Uncommon trap: trap_request=0xffffff45 fr.pc=0x000001e474918a3c relative=0x000000000000009c
Event: 2.079 Thread 0x000001e462413d80 Uncommon trap: reason=unstable_if action=reinterpret pc=0x000001e474918a3c method=sun.net.www.ParseUtil.firstEncodeIndex(Ljava/lang/String;)I @ 51 c2
Event: 2.079 Thread 0x000001e462413d80 DEOPT PACKING pc=0x000001e474918a3c sp=0x00000075baafd1f0
Event: 2.079 Thread 0x000001e462413d80 DEOPT UNPACKING pc=0x000001e474394402 sp=0x00000075baafd178 mode 2
Event: 2.089 Thread 0x000001e462413d80 Uncommon trap: trap_request=0xffffff45 fr.pc=0x000001e4749c9148 relative=0x0000000000003be8
Event: 2.089 Thread 0x000001e462413d80 Uncommon trap: reason=unstable_if action=reinterpret pc=0x000001e4749c9148 method=sun.net.www.protocol.jar.Handler.parseURL(Ljava/net/URL;Ljava/lang/String;II)V @ 116 c2
Event: 2.089 Thread 0x000001e462413d80 DEOPT PACKING pc=0x000001e4749c9148 sp=0x00000075baafcf20
Event: 2.089 Thread 0x000001e462413d80 DEOPT UNPACKING pc=0x000001e474394402 sp=0x00000075baafce08 mode 2

Classes loaded (20 events):
Event: 1.790 Loading class java/nio/file/AccessMode
Event: 1.790 Loading class java/nio/file/AccessMode done
Event: 1.790 Loading class sun/nio/fs/WindowsFileSystemProvider$1
Event: 1.790 Loading class sun/nio/fs/WindowsFileSystemProvider$1 done
Event: 1.791 Loading class sun/nio/ch/FileLockImpl
Event: 1.791 Loading class sun/nio/ch/FileLockImpl done
Event: 1.791 Loading class sun/nio/ch/FileLockTable
Event: 1.791 Loading class sun/nio/ch/FileLockTable done
Event: 1.791 Loading class sun/nio/ch/FileKey
Event: 1.791 Loading class sun/nio/ch/FileKey done
Event: 1.791 Loading class sun/nio/ch/FileLockTable$FileLockReference
Event: 1.791 Loading class sun/nio/ch/FileLockTable$FileLockReference done
Event: 1.792 Loading class java/util/AbstractMap$2
Event: 1.792 Loading class java/util/AbstractMap$2 done
Event: 1.792 Loading class java/util/AbstractMap$ValueIterator
Event: 1.792 Loading class java/util/AbstractMap$ValueIterator done
Event: 1.799 Loading class java/util/stream/Streams$RangeIntSpliterator
Event: 1.799 Loading class java/util/stream/Streams$RangeIntSpliterator done
Event: 2.040 Loading class sun/nio/cs/ISO_8859_1$Decoder
Event: 2.041 Loading class sun/nio/cs/ISO_8859_1$Decoder done

Classes unloaded (0 events):
No events

Classes redefined (0 events):
No events

Internal exceptions (20 events):
Event: 1.371 Thread 0x000001e462413d80 Exception <a 'java/lang/NoSuchMethodError'{0x0000000711affd00}: 'java.lang.Object java.lang.invoke.DirectMethodHandle$Holder.invokeStatic(java.lang.Object, java.lang.Object, java.lang.Object, java.lang.Object, int)'> (0x0000000711affd00) 
thrown [s\open\src\hotspot\share\interpreter\linkResolver.cpp, line 796]
Event: 1.371 Thread 0x000001e462413d80 Exception <a 'java/lang/NoSuchMethodError'{0x0000000711b08128}: 'java.lang.Object java.lang.invoke.DirectMethodHandle$Holder.invokeSpecial(java.lang.Object, java.lang.Object, java.lang.Object, java.lang.Object, long)'> (0x0000000711b08128) 
thrown [s\open\src\hotspot\share\interpreter\linkResolver.cpp, line 796]
Event: 1.372 Thread 0x000001e462413d80 Exception <a 'java/lang/NoSuchMethodError'{0x0000000711b13f40}: 'java.lang.Object java.lang.invoke.DirectMethodHandle$Holder.invokeSpecial(java.lang.Object, java.lang.Object, java.lang.Object, int, java.lang.Object)'> (0x0000000711b13f40) 
thrown [s\open\src\hotspot\share\interpreter\linkResolver.cpp, line 796]
Event: 1.375 Thread 0x000001e462413d80 Implicit null exception at 0x000001e474962fc0 to 0x000001e474963150
Event: 1.377 Thread 0x000001e462413d80 Exception <a 'java/lang/NoSuchMethodError'{0x0000000711b3d1e0}: 'java.lang.Object java.lang.invoke.Invokers$Holder.invokeExact_MT(java.lang.Object, int, java.lang.Object)'> (0x0000000711b3d1e0) 
thrown [s\open\src\hotspot\share\interpreter\linkResolver.cpp, line 796]
Event: 1.531 Thread 0x000001e462413d80 Exception <a 'java/lang/NoSuchMethodError'{0x0000000710e332f0}: 'void java.lang.invoke.Invokers$Holder.invokeExact_MT(java.lang.Object, java.lang.Object, java.lang.Object, java.lang.Object)'> (0x0000000710e332f0) 
thrown [s\open\src\hotspot\share\interpreter\linkResolver.cpp, line 796]
Event: 1.544 Thread 0x000001e462413d80 Exception <a 'java/lang/NoClassDefFoundError'{0x0000000710ec7700}: com/google/inject/servlet/ServletModuleTargetVisitor> (0x0000000710ec7700) 
thrown [s\open\src\hotspot\share\classfile\systemDictionary.cpp, line 302]
Event: 1.590 Thread 0x000001e462413d80 Exception <a 'java/lang/NoSuchMethodError'{0x0000000710d7a118}: 'void java.lang.invoke.DirectMethodHandle$Holder.invokeVirtual(java.lang.Object, java.lang.Object)'> (0x0000000710d7a118) 
thrown [s\open\src\hotspot\share\interpreter\linkResolver.cpp, line 796]
Event: 1.624 Thread 0x000001e462413d80 Exception <a 'java/lang/NoSuchMethodError'{0x0000000710a09950}: 'java.lang.Object java.lang.invoke.DirectMethodHandle$Holder.invokeStaticInit(java.lang.Object, int, int, int, int)'> (0x0000000710a09950) 
thrown [s\open\src\hotspot\share\interpreter\linkResolver.cpp, line 796]
Event: 1.723 Thread 0x000001e462413d80 Exception <a 'java/lang/NoSuchMethodError'{0x0000000710738160}: 'void java.lang.invoke.DirectMethodHandle$Holder.invokeSpecial(java.lang.Object, java.lang.Object, java.lang.Object, java.lang.Object, java.lang.Object)'> (0x0000000710738160) 
thrown [s\open\src\hotspot\share\interpreter\linkResolver.cpp, line 796]
Event: 1.725 Thread 0x000001e462413d80 Exception <a 'java/lang/NoSuchMethodError'{0x0000000710752890}: 'java.lang.Object java.lang.invoke.DirectMethodHandle$Holder.invokeVirtual(java.lang.Object, java.lang.Object, java.lang.Object)'> (0x0000000710752890) 
thrown [s\open\src\hotspot\share\interpreter\linkResolver.cpp, line 796]
Event: 1.726 Thread 0x000001e462413d80 Exception <a 'java/lang/NoSuchMethodError'{0x000000071075fcf8}: 'void java.lang.invoke.DirectMethodHandle$Holder.invokeSpecial(java.lang.Object, java.lang.Object, java.lang.Object, java.lang.Object, java.lang.Object, java.lang.Object)'> (0x000000071075fcf8) 
thrown [s\open\src\hotspot\share\interpreter\linkResolver.cpp, line 796]
Event: 1.756 Thread 0x000001e462413d80 Exception <a 'java/lang/NoSuchMethodError'{0x00000007104fd2e0}: 'void java.lang.invoke.DirectMethodHandle$Holder.invokeVirtual(java.lang.Object, java.lang.Object, int)'> (0x00000007104fd2e0) 
thrown [s\open\src\hotspot\share\interpreter\linkResolver.cpp, line 796]
Event: 1.757 Thread 0x000001e462413d80 Exception <a 'java/lang/NoSuchMethodError'{0x00000007105010f8}: 'void java.lang.invoke.DirectMethodHandle$Holder.invokeSpecial(java.lang.Object, java.lang.Object, java.lang.Object, int)'> (0x00000007105010f8) 
thrown [s\open\src\hotspot\share\interpreter\linkResolver.cpp, line 796]
Event: 1.757 Thread 0x000001e462413d80 Exception <a 'java/lang/NoSuchMethodError'{0x00000007105047e0}: 'void java.lang.invoke.DelegatingMethodHandle$Holder.reinvoke_L(java.lang.Object, java.lang.Object, int)'> (0x00000007105047e0) 
thrown [s\open\src\hotspot\share\interpreter\linkResolver.cpp, line 796]
Event: 1.898 Thread 0x000001e462413d80 Implicit null exception at 0x000001e4749c2795 to 0x000001e4749c40b0
Event: 1.898 Thread 0x000001e462413d80 Implicit null exception at 0x000001e4749ce88d to 0x000001e4749ceab8
Event: 1.898 Thread 0x000001e462413d80 Implicit null exception at 0x000001e4749dc400 to 0x000001e4749dccc4
Event: 1.974 Thread 0x000001e462413d80 Implicit null exception at 0x000001e4749b7f0d to 0x000001e4749b812c
Event: 1.988 Thread 0x000001e462413d80 Exception <a 'java/lang/NoSuchMethodError'{0x000000070f9199a8}: 'java.lang.Object java.lang.invoke.DirectMethodHandle$Holder.newInvokeSpecial(java.lang.Object, java.lang.Object, java.lang.Object, java.lang.Object, java.lang.Object, java.lang.Object, java.lang.Object)'> (0x000000070f9199a8) 
thrown [s\open\src\hotspot\share\interpreter\linkResolver.cpp, line 796]

VM Operations (20 events):
Event: 1.408 Executing VM operation: HandshakeAllThreads (Deoptimize)
Event: 1.408 Executing VM operation: HandshakeAllThreads (Deoptimize) done
Event: 1.409 Executing VM operation: HandshakeAllThreads (Deoptimize)
Event: 1.409 Executing VM operation: HandshakeAllThreads (Deoptimize) done
Event: 1.440 Executing VM operation: HandshakeAllThreads (Deoptimize)
Event: 1.440 Executing VM operation: HandshakeAllThreads (Deoptimize) done
Event: 1.527 Executing VM operation: HandshakeAllThreads (Deoptimize)
Event: 1.527 Executing VM operation: HandshakeAllThreads (Deoptimize) done
Event: 1.598 Executing VM operation: HandshakeAllThreads (Deoptimize)
Event: 1.598 Executing VM operation: HandshakeAllThreads (Deoptimize) done
Event: 1.635 Executing VM operation: HandshakeAllThreads (Deoptimize)
Event: 1.636 Executing VM operation: HandshakeAllThreads (Deoptimize) done
Event: 1.664 Executing VM operation: HandshakeAllThreads (Deoptimize)
Event: 1.664 Executing VM operation: HandshakeAllThreads (Deoptimize) done
Event: 1.676 Executing VM operation: HandshakeAllThreads (Deoptimize)
Event: 1.676 Executing VM operation: HandshakeAllThreads (Deoptimize) done
Event: 1.697 Executing VM operation: HandshakeAllThreads (Deoptimize)
Event: 1.697 Executing VM operation: HandshakeAllThreads (Deoptimize) done
Event: 1.697 Executing VM operation: HandshakeAllThreads (Deoptimize)
Event: 1.697 Executing VM operation: HandshakeAllThreads (Deoptimize) done

Memory protections (0 events):
No events

Nmethod flushes (0 events):
No events

Events (17 events):
Event: 0.027 Thread 0x000001e462413d80 Thread added: 0x000001e462413d80
Event: 0.040 Thread 0x000001e462413d80 Thread added: 0x000001e404105e80
Event: 0.040 Thread 0x000001e462413d80 Thread added: 0x000001e404106da0
Event: 0.040 Thread 0x000001e462413d80 Thread added: 0x000001e40410acd0
Event: 0.040 Thread 0x000001e462413d80 Thread added: 0x000001e40410b730
Event: 0.040 Thread 0x000001e462413d80 Thread added: 0x000001e40410c190
Event: 0.040 Thread 0x000001e462413d80 Thread added: 0x000001e40410cbf0
Event: 0.040 Thread 0x000001e462413d80 Thread added: 0x000001e40410d650
Event: 0.041 Thread 0x000001e462413d80 Thread added: 0x000001e40410ea50
Event: 0.064 Thread 0x000001e462413d80 Thread added: 0x000001e404247190
Event: 0.088 Thread 0x000001e40410ea50 Thread added: 0x000001e4043760a0
Event: 0.139 Thread 0x000001e462413d80 Thread added: 0x000001e4043f6280
Event: 0.139 Thread 0x000001e462413d80 Thread added: 0x000001e4043f68f0
Event: 0.270 Thread 0x000001e462413d80 Thread added: 0x000001e4045fbfc0
Event: 0.284 Thread 0x000001e4045fbfc0 Thread exited: 0x000001e4045fbfc0
Event: 0.739 Thread 0x000001e40410ea50 Thread added: 0x000001e44a279990
Event: 1.675 Thread 0x000001e462413d80 Thread added: 0x000001e44aa6f470


Dynamic libraries:
0x00007ff7588e0000 - 0x00007ff7588ee000 	C:\Users\MSI\.jdks\openjdk-23.0.2\bin\java.exe
0x00007ffca09d0000 - 0x00007ffca0bc8000 	C:\WINDOWS\SYSTEM32\ntdll.dll
0x00007ffc9ee40000 - 0x00007ffc9ef02000 	C:\WINDOWS\System32\KERNEL32.DLL
0x00007ffc9e4a0000 - 0x00007ffc9e79f000 	C:\WINDOWS\System32\KERNELBASE.dll
0x00007ffc9e180000 - 0x00007ffc9e280000 	C:\WINDOWS\System32\ucrtbase.dll
0x00007ffc77530000 - 0x00007ffc77547000 	C:\Users\MSI\.jdks\openjdk-23.0.2\bin\jli.dll
0x00007ffc774c0000 - 0x00007ffc774db000 	C:\Users\MSI\.jdks\openjdk-23.0.2\bin\VCRUNTIME140.dll
0x00007ffc9eff0000 - 0x00007ffc9f18d000 	C:\WINDOWS\System32\USER32.dll
0x00007ffc9e070000 - 0x00007ffc9e092000 	C:\WINDOWS\System32\win32u.dll
0x00007ffc894f0000 - 0x00007ffc8978a000 	C:\WINDOWS\WinSxS\amd64_microsoft.windows.common-controls_6595b64144ccf1df_6.0.19041.4355_none_60b8b9eb71f62e16\COMCTL32.dll
0x00007ffca0820000 - 0x00007ffca084b000 	C:\WINDOWS\System32\GDI32.dll
0x00007ffca08f0000 - 0x00007ffca098e000 	C:\WINDOWS\System32\msvcrt.dll
0x00007ffc9e840000 - 0x00007ffc9e95a000 	C:\WINDOWS\System32\gdi32full.dll
0x00007ffc9e7a0000 - 0x00007ffc9e83d000 	C:\WINDOWS\System32\msvcp_win.dll
0x00007ffca06d0000 - 0x00007ffca06ff000 	C:\WINDOWS\System32\IMM32.DLL
0x00007ffc94dc0000 - 0x00007ffc94dcc000 	C:\Users\MSI\.jdks\openjdk-23.0.2\bin\vcruntime140_1.dll
0x00007ffc04670000 - 0x00007ffc046fe000 	C:\Users\MSI\.jdks\openjdk-23.0.2\bin\msvcp140.dll
0x00007ffbfaf70000 - 0x00007ffbfbcc0000 	C:\Users\MSI\.jdks\openjdk-23.0.2\bin\server\jvm.dll
0x00007ffca0020000 - 0x00007ffca00cf000 	C:\WINDOWS\System32\ADVAPI32.dll
0x00007ffca0850000 - 0x00007ffca08ef000 	C:\WINDOWS\System32\sechost.dll
0x00007ffc9f270000 - 0x00007ffc9f393000 	C:\WINDOWS\System32\RPCRT4.dll
0x00007ffc9e0a0000 - 0x00007ffc9e0c7000 	C:\WINDOWS\System32\bcrypt.dll
0x00007ffca00d0000 - 0x00007ffca013b000 	C:\WINDOWS\System32\WS2_32.dll
0x00007ffc9d5b0000 - 0x00007ffc9d5fb000 	C:\WINDOWS\SYSTEM32\POWRPROF.dll
0x00007ffc9a3f0000 - 0x00007ffc9a3fa000 	C:\WINDOWS\SYSTEM32\VERSION.dll
0x00007ffc8c2e0000 - 0x00007ffc8c307000 	C:\WINDOWS\SYSTEM32\WINMM.dll
0x00007ffc9d470000 - 0x00007ffc9d482000 	C:\WINDOWS\SYSTEM32\UMPDC.dll
0x00007ffc9bef0000 - 0x00007ffc9bf02000 	C:\WINDOWS\SYSTEM32\kernel.appcore.dll
0x00007ffc89490000 - 0x00007ffc8949a000 	C:\Users\MSI\.jdks\openjdk-23.0.2\bin\jimage.dll
0x00007ffc8b970000 - 0x00007ffc8bb54000 	C:\WINDOWS\SYSTEM32\DBGHELP.DLL
0x00007ffc78a80000 - 0x00007ffc78ab4000 	C:\WINDOWS\SYSTEM32\dbgcore.DLL
0x00007ffc9e960000 - 0x00007ffc9e9e2000 	C:\WINDOWS\System32\bcryptPrimitives.dll
0x00007ffc84fe0000 - 0x00007ffc84fef000 	C:\Users\MSI\.jdks\openjdk-23.0.2\bin\instrument.dll
0x00007ffc6e240000 - 0x00007ffc6e25e000 	C:\Users\MSI\.jdks\openjdk-23.0.2\bin\java.dll
0x00007ffc9fef0000 - 0x00007ffca001b000 	C:\WINDOWS\System32\ole32.dll
0x00007ffc9fb90000 - 0x00007ffc9fee5000 	C:\WINDOWS\System32\combase.dll
0x00007ffc9f3b0000 - 0x00007ffc9fb1d000 	C:\WINDOWS\System32\SHELL32.dll
0x00007ffc9c0f0000 - 0x00007ffc9c894000 	C:\WINDOWS\SYSTEM32\windows.storage.dll
0x00007ffc9daa0000 - 0x00007ffc9dacf000 	C:\WINDOWS\SYSTEM32\Wldp.dll
0x00007ffc9ebc0000 - 0x00007ffc9ec8d000 	C:\WINDOWS\System32\OLEAUT32.dll
0x00007ffc9e9f0000 - 0x00007ffc9ea9d000 	C:\WINDOWS\System32\SHCORE.dll
0x00007ffca0670000 - 0x00007ffca06c5000 	C:\WINDOWS\System32\shlwapi.dll
0x00007ffc9dfa0000 - 0x00007ffc9dfc4000 	C:\WINDOWS\SYSTEM32\profapi.dll
0x00007ffbfe470000 - 0x00007ffbfe547000 	C:\Users\MSI\.jdks\openjdk-23.0.2\bin\jsvml.dll
0x00007ffc6c4b0000 - 0x00007ffc6c4c7000 	C:\Users\MSI\.jdks\openjdk-23.0.2\bin\zip.dll
0x00007ffc84630000 - 0x00007ffc84640000 	C:\Users\MSI\.jdks\openjdk-23.0.2\bin\net.dll
0x00007ffc9d800000 - 0x00007ffc9d86c000 	C:\WINDOWS\system32\mswsock.dll
0x00007ffc6c310000 - 0x00007ffc6c326000 	C:\Users\MSI\.jdks\openjdk-23.0.2\bin\nio.dll
0x00007ffc6c2f0000 - 0x00007ffc6c30a000 	C:\Program Files\JetBrains\IntelliJ IDEA 2024.3.3\bin\breakgen64.dll
0x00007ffc78bc0000 - 0x00007ffc78bc9000 	C:\Users\MSI\.jdks\openjdk-23.0.2\bin\extnet.dll
0x00007ffc69f30000 - 0x00007ffc69f54000 	C:\Users\MSI\AppData\Local\Temp\jansi-2.4.1-dd020e6cd082168f-jansi.dll
0x00007ffc77c40000 - 0x00007ffc77c50000 	C:\Users\MSI\.jdks\openjdk-23.0.2\bin\verify.dll

dbghelp: loaded successfully - version: 4.0.5 - missing functions: none
symbol engine: initialized successfully - sym options: 0x614 - pdb path: .;C:\Users\MSI\.jdks\openjdk-23.0.2\bin;C:\WINDOWS\SYSTEM32;C:\WINDOWS\WinSxS\amd64_microsoft.windows.common-controls_6595b64144ccf1df_6.0.19041.4355_none_60b8b9eb71f62e16;C:\Users\MSI\.jdks\openjdk-23.0.2\bin\server;C:\Program Files\JetBrains\IntelliJ IDEA 2024.3.3\bin;C:\Users\MSI\AppData\Local\Temp

VM Arguments:
jvm_args: -Dmaven.multiModuleProjectDirectory=C:\Users\MSI\Documents\versionmonsieur\pidev3A32_v1 -Djansi.passthrough=true -Dmaven.home=C:\Program Files\JetBrains\IntelliJ IDEA 2024.3.3\plugins\maven\lib\maven3 -Dclassworlds.conf=C:\Program Files\JetBrains\IntelliJ IDEA 2024.3.3\plugins\maven\lib\maven3\bin\m2.conf -Dmaven.ext.class.path=C:\Program Files\JetBrains\IntelliJ IDEA 2024.3.3\plugins\maven\lib\maven-event-listener.jar -javaagent:C:\Program Files\JetBrains\IntelliJ IDEA 2024.3.3\lib\idea_rt.jar=64236:C:\Program Files\JetBrains\IntelliJ IDEA 2024.3.3\bin -Dfile.encoding=UTF-8 -Dsun.stdout.encoding=UTF-8 -Dsun.stderr.encoding=UTF-8 
java_command: org.codehaus.classworlds.Launcher -Didea.version=2024.3.3 org.openjfx:javafx-maven-plugin:0.0.8:run
java_class_path (initial): C:\Program Files\JetBrains\IntelliJ IDEA 2024.3.3\plugins\maven\lib\maven3\boot\plexus-classworlds-2.8.0.jar;C:\Program Files\JetBrains\IntelliJ IDEA 2024.3.3\plugins\maven\lib\maven3\boot\plexus-classworlds.license
Launcher Type: SUN_STANDARD

[Global flags]
     intx CICompilerCount                          = 4                                         {product} {ergonomic}
     uint ConcGCThreads                            = 3                                         {product} {ergonomic}
     uint G1ConcRefinementThreads                  = 10                                        {product} {ergonomic}
   size_t G1HeapRegionSize                         = 2097152                                   {product} {ergonomic}
   size_t InitialHeapSize                          = 266338304                                 {product} {ergonomic}
   size_t MarkStackSize                            = 4194304                                   {product} {ergonomic}
   size_t MarkStackSizeMax                         = 536870912                                 {product} {ergonomic}
   size_t MaxHeapSize                              = 4248829952                                {product} {ergonomic}
   size_t MaxNewSize                               = 2548039680                                {product} {ergonomic}
   size_t MinHeapDeltaBytes                        = 2097152                                   {product} {ergonomic}
   size_t MinHeapSize                              = 8388608                                   {product} {ergonomic}
    uintx NonNMethodCodeHeapSize                   = 5832704                                {pd product} {ergonomic}
    uintx NonProfiledCodeHeapSize                  = 122945536                              {pd product} {ergonomic}
    uintx ProfiledCodeHeapSize                     = 122880000                              {pd product} {ergonomic}
    uintx ReservedCodeCacheSize                    = 251658240                              {pd product} {ergonomic}
     bool SegmentedCodeCache                       = true                                      {product} {ergonomic}
   size_t SoftMaxHeapSize                          = 4248829952                             {manageable} {ergonomic}
     bool UseCompressedOops                        = true                           {product lp64_product} {ergonomic}
     bool UseG1GC                                  = true                                      {product} {ergonomic}
     bool UseLargePagesIndividualAllocation        = false                                  {pd product} {ergonomic}

Logging:
Log output configuration:
 #0: stdout all=warning uptime,level,tags foldmultilines=false
 #1: stderr all=off uptime,level,tags foldmultilines=false

Environment Variables:
JAVA_HOME=C:\Program Files\Java\jdk-17
PATH=C:\oraclexe\app\oracle\product\11.2.0\server\bin;;C:\wamp64\bin\php\php8.2.0;C:\Program Files\Common Files\Oracle\Java\javapath;C:\oraclexe\app\oracle\product\11.2.0\server\bin;C:\Users\MSI\Desktop\Java\jdk1.8.0_311;C:\Program Files\Java\jdk-11.0.17;C:\Program Files\Java\jdk-17;C:\Windows;C:\Windows\System32\WindowsPowerShell\v1.0\;C:\Windows\System32\OpenSSH\;C:\Program Files (x86)\NVIDIA Corporation\PhysX\Common;C:\WINDOWS\system32;C:\WINDOWS;C:\WINDOWS\System32\Wbem;C:\WINDOWS\System32\WindowsPowerShell\v1.0\;C:\WINDOWS\System32\OpenSSH\;C:\Program Files (x86)\Microsoft SQL Server\160\Tools\Binn\;C:\Program Files\Microsoft SQL Server\160\Tools\Binn\;C:\Program Files\Microsoft SQL Server\Client SDK\ODBC\170\Tools\Binn\;C:\Program Files\Microsoft SQL Server\160\DTS\Binn\;C:\composer;C:\Program Files\FlutterFlow\flutterflow.exe;C:\Program Files\Git\cmd;C:\Users\MSI\AppData\Local\Programs\Python\Launcher\;C:\Users\MSI\scoop\shims;C:\Users\MSI\Desktop\javafx-sdk-21.0.2;C:\Users\MSI\Desktop\jdk-20;C:\Users\MSI\Desktop\Java\jdk-17.0.2;C:\Users\MSI\AppData\Local\Microsoft\WindowsApps;C:\Program Files\JetBrains\IntelliJ IDEA Community Edition 2023.3.4\bin;;C:\Program Files\JetBrains\IntelliJ IDEA 2024.3.3\bin;;C:\Users\MSI\AppData\Local\Programs\Microsoft VS Code\bin;C:\Users\MSI\AppData\Roaming\Composer\vendor\bin;C:\Users\MSI\AppData\Local\GitHubDesktop\bin
USERNAME=MSI
OS=Windows_NT
PROCESSOR_IDENTIFIER=Intel64 Family 6 Model 165 Stepping 2, GenuineIntel
TMP=C:\Users\MSI\AppData\Local\Temp
TEMP=C:\Users\MSI\AppData\Local\Temp




Periodic native trim disabled

---------------  S Y S T E M  ---------------

OS:
 Windows 10 , 64 bit Build 19041 (10.0.19041.5438)
OS uptime: 0 days 1:08 hours

CPU: total 12 (initial active 12) (6 cores per cpu, 2 threads per core) family 6 model 165 stepping 2 microcode 0xe2, cx8, cmov, fxsr, ht, mmx, 3dnowpref, sse, sse2, sse3, ssse3, sse4.1, sse4.2, popcnt, lzcnt, tsc, tscinvbit, avx, avx2, aes, erms, clmul, bmi1, bmi2, adx, fma, vzeroupper, clflush, clflushopt, rdtscp, f16c, pku
Processor Information for the first 12 processors :
  Max Mhz: 2592, Current Mhz: 2592, Mhz Limit: 2592

Memory: 4k page, system-wide physical 16205M (534M free)
TotalPageFile size 28331M (AvailPageFile size 5M)
current process WorkingSet (physical memory assigned to process): 157M, peak: 157M
current process commit charge ("private bytes"): 394M, peak: 394M

vm_info: OpenJDK 64-Bit Server VM (23.0.2+7-58) for windows-amd64 JRE (23.0.2+7-58), built on 2024-11-29T09:34:55Z with MS VC++ 17.6 (VS2022)

END.
