#
# There is insufficient memory for the Java Runtime Environment to continue.
# Native memory allocation (malloc) failed to allocate 32744 bytes for ChunkPool::allocate
# Possible reasons:
#   The system is out of physical RAM or swap space
#   The process is running with CompressedOops enabled, and the Java Heap may be blocking the growth of the native heap
# Possible solutions:
#   Reduce memory load on the system
#   Increase physical memory or swap space
#   Check if swap backing store is full
#   Decrease Java heap size (-Xmx/-Xms)
#   Decrease number of Java threads
#   Decrease Java thread stack sizes (-Xss)
#   Set larger code cache with -XX:ReservedCodeCacheSize=
#   JVM is running with Zero Based Compressed Oops mode in which the Java heap is
#     placed in the first 32GB address space. The Java Heap base address is the
#     maximum limit for the native heap growth. Please use -XX:HeapBaseMinAddress
#     to set the Java Heap base and to place the Java Heap above 32GB virtual address.
# This output file may be truncated or incomplete.
#
#  Out of Memory Error (arena.cpp:78), pid=9944, tid=6488
#
# JRE version: Java(TM) SE Runtime Environment (17.0+35) (build 17+35-LTS-2724)
# Java VM: Java HotSpot(TM) 64-Bit Server VM (17+35-LTS-2724, mixed mode, sharing, tiered, compressed oops, compressed class ptrs, g1 gc, windows-amd64)
# No core dump will be written. Minidumps are not enabled by default on client versions of Windows
#

---------------  S U M M A R Y ------------

Command Line: --module-path=C:\Users\MSI\.m2\repository\org\openjfx\javafx-base\21.0.2\javafx-base-21.0.2-win.jar;C:\Users\MSI\.m2\repository\org\openjfx\javafx-base\21.0.2\javafx-base-21.0.2.jar;C:\Users\MSI\.m2\repository\org\openjfx\javafx-controls\21.0.2\javafx-controls-21.0.2-win.jar;C:\Users\MSI\.m2\repository\org\openjfx\javafx-controls\21.0.2\javafx-controls-21.0.2.jar;C:\Users\MSI\.m2\repository\org\openjfx\javafx-fxml\21.0.2\javafx-fxml-21.0.2-win.jar;C:\Users\MSI\.m2\repository\org\openjfx\javafx-fxml\21.0.2\javafx-fxml-21.0.2.jar;C:\Users\MSI\.m2\repository\org\openjfx\javafx-graphics\21.0.2\javafx-graphics-21.0.2-win.jar;C:\Users\MSI\.m2\repository\org\openjfx\javafx-graphics\21.0.2\javafx-graphics-21.0.2.jar --add-modules=javafx.base,javafx.controls,javafx.fxml,javafx.graphics edu.emmapi.tests.mainFx

Host: Intel(R) Core(TM) i7-10750H CPU @ 2.60GHz, 12 cores, 15G,  Windows 10 , 64 bit Build 19041 (10.0.19041.5438)
Time: Tue Feb 18 11:59:09 2025 Afr. centrale Ouest elapsed time: 1.693603 seconds (0d 0h 0m 1s)

---------------  T H R E A D  ---------------

Current thread (0x000002aae83fdd60):  JavaThread "C2 CompilerThread1" daemon [_thread_in_native, id=6488, stack(0x000000bc49300000,0x000000bc49400000)]


Current CompileTask:
C2:   1693 1252   !   4       com.sun.javafx.css.ParsedValueImpl::readBinary (691 bytes)

Stack: [0x000000bc49300000,0x000000bc49400000]
Native frames: (J=compiled Java code, j=interpreted, Vv=VM code, C=native code)
V  [jvm.dll+0x66f8ea]
V  [jvm.dll+0x7ce224]
V  [jvm.dll+0x7cf9ce]
V  [jvm.dll+0x7d0033]
V  [jvm.dll+0x242bb5]
V  [jvm.dll+0xaa2a0]
V  [jvm.dll+0xaa5ec]
V  [jvm.dll+0x364bb2]
V  [jvm.dll+0x55ab39]
V  [jvm.dll+0x329f90]
V  [jvm.dll+0x32940a]
V  [jvm.dll+0x215ca1]
V  [jvm.dll+0x2150c1]
V  [jvm.dll+0x1a168d]
V  [jvm.dll+0x2248f8]
V  [jvm.dll+0x222a5c]
V  [jvm.dll+0x78422b]
V  [jvm.dll+0x77e7ea]
V  [jvm.dll+0x66e715]
C  [ucrtbase.dll+0x21bb2]
C  [KERNEL32.DLL+0x17374]
C  [ntdll.dll+0x4cc91]


---------------  P R O C E S S  ---------------

Threads class SMR info:
_java_thread_list=0x000002aae83f1c30, length=19, elements={
0x000002aabc94e2d0, 0x000002aae1a8a410, 0x000002aae1a8d290, 0x000002aae1aa3140,
0x000002aae1aa6000, 0x000002aae1aa69b0, 0x000002aae1aa7360, 0x000002aae1aab5f0,
0x000002aae2420140, 0x000002aae2421310, 0x000002aae1a77e00, 0x000002aae29661f0,
0x000002aae2a86c80, 0x000002aae2d416c0, 0x000002aae2d80ca0, 0x000002aae2f30e30,
0x000002aae2eaa090, 0x000002aae83fdd60, 0x000002aae8a76c50
}

Java Threads: ( => current thread )
  0x000002aabc94e2d0 JavaThread "main" [_thread_blocked, id=3900, stack(0x000000bc48200000,0x000000bc48300000)]
  0x000002aae1a8a410 JavaThread "Reference Handler" daemon [_thread_blocked, id=13440, stack(0x000000bc48900000,0x000000bc48a00000)]
  0x000002aae1a8d290 JavaThread "Finalizer" daemon [_thread_blocked, id=15772, stack(0x000000bc48a00000,0x000000bc48b00000)]
  0x000002aae1aa3140 JavaThread "Signal Dispatcher" daemon [_thread_blocked, id=16136, stack(0x000000bc48b00000,0x000000bc48c00000)]
  0x000002aae1aa6000 JavaThread "Attach Listener" daemon [_thread_blocked, id=7880, stack(0x000000bc48c00000,0x000000bc48d00000)]
  0x000002aae1aa69b0 JavaThread "Service Thread" daemon [_thread_blocked, id=1392, stack(0x000000bc48d00000,0x000000bc48e00000)]
  0x000002aae1aa7360 JavaThread "Monitor Deflation Thread" daemon [_thread_blocked, id=5500, stack(0x000000bc48e00000,0x000000bc48f00000)]
  0x000002aae1aab5f0 JavaThread "C2 CompilerThread0" daemon [_thread_in_native, id=10260, stack(0x000000bc48f00000,0x000000bc49000000)]
  0x000002aae2420140 JavaThread "C1 CompilerThread0" daemon [_thread_in_native, id=18532, stack(0x000000bc49000000,0x000000bc49100000)]
  0x000002aae2421310 JavaThread "Sweeper thread" daemon [_thread_blocked, id=7408, stack(0x000000bc49100000,0x000000bc49200000)]
  0x000002aae1a77e00 JavaThread "Common-Cleaner" daemon [_thread_blocked, id=10648, stack(0x000000bc49200000,0x000000bc49300000)]
  0x000002aae29661f0 JavaThread "Notification Thread" daemon [_thread_blocked, id=18720, stack(0x000000bc49500000,0x000000bc49600000)]
  0x000002aae2a86c80 JavaThread "QuantumRenderer-0" daemon [_thread_blocked, id=17016, stack(0x000000bc49700000,0x000000bc49800000)]
  0x000002aae2d416c0 JavaThread "InvokeLaterDispatcher" daemon [_thread_blocked, id=7292, stack(0x000000bc49800000,0x000000bc49900000)]
  0x000002aae2d80ca0 JavaThread "JavaFX Application Thread" [_thread_in_vm, id=3616, stack(0x000000bc49900000,0x000000bc49a00000)]
  0x000002aae2f30e30 JavaThread "JavaFX-Launcher" [_thread_blocked, id=11384, stack(0x000000bc49e00000,0x000000bc49f00000)]
  0x000002aae2eaa090 JavaThread "Thread-2" daemon [_thread_in_native, id=6080, stack(0x000000bc49d00000,0x000000bc49e00000)]
=>0x000002aae83fdd60 JavaThread "C2 CompilerThread1" daemon [_thread_in_native, id=6488, stack(0x000000bc49300000,0x000000bc49400000)]
  0x000002aae8a76c50 JavaThread "mysql-cj-abandoned-connection-cleanup" daemon [_thread_blocked, id=1560, stack(0x000000bc4a500000,0x000000bc4a600000)]

Other Threads:
  0x000002aae1a85810 VMThread "VM Thread" [stack: 0x000000bc48800000,0x000000bc48900000] [id=8496]
  0x000002aabead69b0 WatcherThread [stack: 0x000000bc49600000,0x000000bc49700000] [id=7988]
  0x000002aabeab5e90 GCTaskThread "GC Thread#0" [stack: 0x000000bc48300000,0x000000bc48400000] [id=5016]
  0x000002aae2f3ac90 GCTaskThread "GC Thread#1" [stack: 0x000000bc49400000,0x000000bc49500000] [id=18536]
  0x000002aae2ea9d70 GCTaskThread "GC Thread#2" [stack: 0x000000bc49f00000,0x000000bc4a000000] [id=5368]
  0x000002aae2ff9b10 GCTaskThread "GC Thread#3" [stack: 0x000000bc4a000000,0x000000bc4a100000] [id=11004]
  0x000002aae2dbfcd0 GCTaskThread "GC Thread#4" [stack: 0x000000bc4a100000,0x000000bc4a200000] [id=10588]
  0x000002aae2dbff80 GCTaskThread "GC Thread#5" [stack: 0x000000bc4a200000,0x000000bc4a300000] [id=7748]
  0x000002aae82ffff0 GCTaskThread "GC Thread#6" [stack: 0x000000bc4a400000,0x000000bc4a500000] [id=13044]
  0x000002aabeac6b10 ConcurrentGCThread "G1 Main Marker" [stack: 0x000000bc48400000,0x000000bc48500000] [id=12864]
  0x000002aabeac7cc0 ConcurrentGCThread "G1 Conc#0" [stack: 0x000000bc48500000,0x000000bc48600000] [id=292]
  0x000002aabeb3eae0 ConcurrentGCThread "G1 Refine#0" [stack: 0x000000bc48600000,0x000000bc48700000] [id=7428]
  0x000002aae193d670 ConcurrentGCThread "G1 Service" [stack: 0x000000bc48700000,0x000000bc48800000] [id=6668]

Threads with active compile tasks:
C2 CompilerThread0     1721 1435 %     4       java.lang.StringLatin1::indexOf @ 30 (121 bytes)
C1 CompilerThread0     1721 1426       3       java.net.URLStreamHandler::parseURL (1201 bytes)
C2 CompilerThread1     1721 1252   !   4       com.sun.javafx.css.ParsedValueImpl::readBinary (691 bytes)

VM state: not at safepoint (normal execution)

VM Mutex/Monitor currently owned by a thread: None

Heap address: 0x0000000702c00000, size: 4052 MB, Compressed Oops mode: Zero based, Oop shift amount: 3

CDS archive(s) mapped at: [0x0000000800000000-0x0000000800bc0000-0x0000000800bc0000), size 12320768, SharedBaseAddress: 0x0000000800000000, ArchiveRelocationMode: 0.
Compressed class space mapped at: 0x0000000800c00000-0x0000000840c00000, reserved size: 1073741824
Narrow klass base: 0x0000000800000000, Narrow klass shift: 0, Narrow klass range: 0x100000000

GC Precious Log:
 CPUs: 12 total, 12 available
 Memory: 16205M
 Large Page Support: Disabled
 NUMA Support: Disabled
 Compressed Oops: Enabled (Zero based)
 Heap Region Size: 2M
 Heap Min Capacity: 8M
 Heap Initial Capacity: 254M
 Heap Max Capacity: 4052M
 Pre-touch: Disabled
 Parallel Workers: 10
 Concurrent Workers: 3
 Concurrent Refinement Workers: 10
 Periodic GC: Disabled

Heap:
 garbage-first heap   total 260096K, used 159169K [0x0000000702c00000, 0x0000000800000000)
  region size 2048K, 10 young (20480K), 2 survivors (4096K)
 Metaspace       used 11286K, committed 11520K, reserved 1064960K
  class space    used 1487K, committed 1600K, reserved 1048576K

Heap Regions: E=young(eden), S=young(survivor), O=old, HS=humongous(starts), HC=humongous(continues), CS=collection set, F=free, OA=open archive, CA=closed archive, TAMS=top-at-mark-start (previous, next)
|   0|0x0000000702c00000, 0x0000000702e00000, 0x0000000702e00000|100%|HS|  |TAMS 0x0000000702c00000, 0x0000000702c00000| Complete 
|   1|0x0000000702e00000, 0x0000000703000000, 0x0000000703000000|100%|HC|  |TAMS 0x0000000702e00000, 0x0000000702e00000| Complete 
|   2|0x0000000703000000, 0x0000000703200000, 0x0000000703200000|100%|HC|  |TAMS 0x0000000703000000, 0x0000000703000000| Complete 
|   3|0x0000000703200000, 0x0000000703400000, 0x0000000703400000|100%|HC|  |TAMS 0x0000000703200000, 0x0000000703200000| Complete 
|   4|0x0000000703400000, 0x0000000703600000, 0x0000000703600000|100%|HC|  |TAMS 0x0000000703400000, 0x0000000703400000| Complete 
|   5|0x0000000703600000, 0x0000000703800000, 0x0000000703800000|100%|HC|  |TAMS 0x0000000703600000, 0x0000000703600000| Complete 
|   6|0x0000000703800000, 0x0000000703a00000, 0x0000000703a00000|100%|HC|  |TAMS 0x0000000703800000, 0x0000000703800000| Complete 
|   7|0x0000000703a00000, 0x0000000703c00000, 0x0000000703c00000|100%|HC|  |TAMS 0x0000000703a00000, 0x0000000703a00000| Complete 
|   8|0x0000000703c00000, 0x0000000703e00000, 0x0000000703e00000|100%|HC|  |TAMS 0x0000000703c00000, 0x0000000703c00000| Complete 
|   9|0x0000000703e00000, 0x0000000704000000, 0x0000000704000000|100%|HC|  |TAMS 0x0000000703e00000, 0x0000000703e00000| Complete 
|  10|0x0000000704000000, 0x0000000704200000, 0x0000000704200000|100%|HC|  |TAMS 0x0000000704000000, 0x0000000704000000| Complete 
|  11|0x0000000704200000, 0x0000000704400000, 0x0000000704400000|100%|HC|  |TAMS 0x0000000704200000, 0x0000000704200000| Complete 
|  12|0x0000000704400000, 0x0000000704600000, 0x0000000704600000|100%|HC|  |TAMS 0x0000000704400000, 0x0000000704400000| Complete 
|  13|0x0000000704600000, 0x0000000704800000, 0x0000000704800000|100%|HC|  |TAMS 0x0000000704600000, 0x0000000704600000| Complete 
|  14|0x0000000704800000, 0x0000000704a00000, 0x0000000704a00000|100%|HC|  |TAMS 0x0000000704800000, 0x0000000704800000| Complete 
|  15|0x0000000704a00000, 0x0000000704c00000, 0x0000000704c00000|100%|HC|  |TAMS 0x0000000704a00000, 0x0000000704a00000| Complete 
|  16|0x0000000704c00000, 0x0000000704e00000, 0x0000000704e00000|100%|HC|  |TAMS 0x0000000704c00000, 0x0000000704c00000| Complete 
|  17|0x0000000704e00000, 0x0000000705000000, 0x0000000705000000|100%|HC|  |TAMS 0x0000000704e00000, 0x0000000704e00000| Complete 
|  18|0x0000000705000000, 0x0000000705200000, 0x0000000705200000|100%|HC|  |TAMS 0x0000000705000000, 0x0000000705000000| Complete 
|  19|0x0000000705200000, 0x0000000705400000, 0x0000000705400000|100%|HC|  |TAMS 0x0000000705200000, 0x0000000705200000| Complete 
|  20|0x0000000705400000, 0x0000000705600000, 0x0000000705600000|100%|HC|  |TAMS 0x0000000705400000, 0x0000000705400000| Complete 
|  21|0x0000000705600000, 0x0000000705800000, 0x0000000705800000|100%|HC|  |TAMS 0x0000000705600000, 0x0000000705600000| Complete 
|  22|0x0000000705800000, 0x0000000705a00000, 0x0000000705a00000|100%|HC|  |TAMS 0x0000000705800000, 0x0000000705800000| Complete 
|  23|0x0000000705a00000, 0x0000000705c00000, 0x0000000705c00000|100%|HC|  |TAMS 0x0000000705a00000, 0x0000000705a00000| Complete 
|  24|0x0000000705c00000, 0x0000000705e00000, 0x0000000705e00000|100%|HC|  |TAMS 0x0000000705c00000, 0x0000000705c00000| Complete 
|  25|0x0000000705e00000, 0x0000000706000000, 0x0000000706000000|100%|HC|  |TAMS 0x0000000705e00000, 0x0000000705e00000| Complete 
|  26|0x0000000706000000, 0x0000000706200000, 0x0000000706200000|100%|HC|  |TAMS 0x0000000706000000, 0x0000000706000000| Complete 
|  27|0x0000000706200000, 0x0000000706400000, 0x0000000706400000|100%|HC|  |TAMS 0x0000000706200000, 0x0000000706200000| Complete 
|  28|0x0000000706400000, 0x0000000706600000, 0x0000000706600000|100%|HC|  |TAMS 0x0000000706400000, 0x0000000706400000| Complete 
|  29|0x0000000706600000, 0x0000000706800000, 0x0000000706800000|100%|HC|  |TAMS 0x0000000706600000, 0x0000000706600000| Complete 
|  30|0x0000000706800000, 0x0000000706a00000, 0x0000000706a00000|100%|HC|  |TAMS 0x0000000706800000, 0x0000000706800000| Complete 
|  31|0x0000000706a00000, 0x0000000706c00000, 0x0000000706c00000|100%|HC|  |TAMS 0x0000000706a00000, 0x0000000706a00000| Complete 
|  32|0x0000000706c00000, 0x0000000706e00000, 0x0000000706e00000|100%|HC|  |TAMS 0x0000000706c00000, 0x0000000706c00000| Complete 
|  33|0x0000000706e00000, 0x0000000707000000, 0x0000000707000000|100%|HC|  |TAMS 0x0000000706e00000, 0x0000000706e00000| Complete 
|  34|0x0000000707000000, 0x0000000707200000, 0x0000000707200000|100%|HC|  |TAMS 0x0000000707000000, 0x0000000707000000| Complete 
|  35|0x0000000707200000, 0x0000000707400000, 0x0000000707400000|100%|HC|  |TAMS 0x0000000707200000, 0x0000000707200000| Complete 
|  36|0x0000000707400000, 0x0000000707600000, 0x0000000707600000|100%|HC|  |TAMS 0x0000000707400000, 0x0000000707400000| Complete 
|  37|0x0000000707600000, 0x0000000707800000, 0x0000000707800000|100%|HC|  |TAMS 0x0000000707600000, 0x0000000707600000| Complete 
|  38|0x0000000707800000, 0x0000000707a00000, 0x0000000707a00000|100%|HC|  |TAMS 0x0000000707800000, 0x0000000707800000| Complete 
|  39|0x0000000707a00000, 0x0000000707c00000, 0x0000000707c00000|100%|HC|  |TAMS 0x0000000707a00000, 0x0000000707a00000| Complete 
|  40|0x0000000707c00000, 0x0000000707e00000, 0x0000000707e00000|100%|HC|  |TAMS 0x0000000707c00000, 0x0000000707c00000| Complete 
|  41|0x0000000707e00000, 0x0000000708000000, 0x0000000708000000|100%|HC|  |TAMS 0x0000000707e00000, 0x0000000707e00000| Complete 
|  42|0x0000000708000000, 0x0000000708200000, 0x0000000708200000|100%|HC|  |TAMS 0x0000000708000000, 0x0000000708000000| Complete 
|  43|0x0000000708200000, 0x0000000708400000, 0x0000000708400000|100%|HC|  |TAMS 0x0000000708200000, 0x0000000708200000| Complete 
|  44|0x0000000708400000, 0x0000000708600000, 0x0000000708600000|100%|HC|  |TAMS 0x0000000708400000, 0x0000000708400000| Complete 
|  45|0x0000000708600000, 0x0000000708800000, 0x0000000708800000|100%|HC|  |TAMS 0x0000000708600000, 0x0000000708600000| Complete 
|  46|0x0000000708800000, 0x0000000708a00000, 0x0000000708a00000|100%|HC|  |TAMS 0x0000000708800000, 0x0000000708800000| Complete 
|  47|0x0000000708a00000, 0x0000000708c00000, 0x0000000708c00000|100%|HC|  |TAMS 0x0000000708a00000, 0x0000000708a00000| Complete 
|  48|0x0000000708c00000, 0x0000000708e00000, 0x0000000708e00000|100%|HC|  |TAMS 0x0000000708c00000, 0x0000000708c00000| Complete 
|  49|0x0000000708e00000, 0x0000000709000000, 0x0000000709000000|100%|HC|  |TAMS 0x0000000708e00000, 0x0000000708e00000| Complete 
|  50|0x0000000709000000, 0x0000000709200000, 0x0000000709200000|100%|HC|  |TAMS 0x0000000709000000, 0x0000000709000000| Complete 
|  51|0x0000000709200000, 0x0000000709400000, 0x0000000709400000|100%|HC|  |TAMS 0x0000000709200000, 0x0000000709200000| Complete 
|  52|0x0000000709400000, 0x0000000709600000, 0x0000000709600000|100%|HC|  |TAMS 0x0000000709400000, 0x0000000709400000| Complete 
|  53|0x0000000709600000, 0x0000000709800000, 0x0000000709800000|100%|HC|  |TAMS 0x0000000709600000, 0x0000000709600000| Complete 
|  54|0x0000000709800000, 0x0000000709a00000, 0x0000000709a00000|100%|HC|  |TAMS 0x0000000709800000, 0x0000000709800000| Complete 
|  55|0x0000000709a00000, 0x0000000709c00000, 0x0000000709c00000|100%|HC|  |TAMS 0x0000000709a00000, 0x0000000709a00000| Complete 
|  56|0x0000000709c00000, 0x0000000709e00000, 0x0000000709e00000|100%|HC|  |TAMS 0x0000000709c00000, 0x0000000709c00000| Complete 
|  57|0x0000000709e00000, 0x000000070a000000, 0x000000070a000000|100%|HC|  |TAMS 0x0000000709e00000, 0x0000000709e00000| Complete 
|  58|0x000000070a000000, 0x000000070a200000, 0x000000070a200000|100%|HC|  |TAMS 0x000000070a000000, 0x000000070a000000| Complete 
|  59|0x000000070a200000, 0x000000070a400000, 0x000000070a400000|100%|HC|  |TAMS 0x000000070a200000, 0x000000070a200000| Complete 
|  60|0x000000070a400000, 0x000000070a600000, 0x000000070a600000|100%|HC|  |TAMS 0x000000070a400000, 0x000000070a400000| Complete 
|  61|0x000000070a600000, 0x000000070a800000, 0x000000070a800000|100%|HC|  |TAMS 0x000000070a600000, 0x000000070a600000| Complete 
|  62|0x000000070a800000, 0x000000070aa00000, 0x000000070aa00000|100%|HC|  |TAMS 0x000000070a800000, 0x000000070a800000| Complete 
|  63|0x000000070aa00000, 0x000000070ac00000, 0x000000070ac00000|100%|HC|  |TAMS 0x000000070aa00000, 0x000000070aa00000| Complete 
|  64|0x000000070ac00000, 0x000000070ae00000, 0x000000070ae00000|100%|HC|  |TAMS 0x000000070ac00000, 0x000000070ac00000| Complete 
|  65|0x000000070ae00000, 0x000000070b000000, 0x000000070b000000|100%|HC|  |TAMS 0x000000070ae00000, 0x000000070ae00000| Complete 
|  66|0x000000070b000000, 0x000000070b200000, 0x000000070b200000|100%|HC|  |TAMS 0x000000070b000000, 0x000000070b000000| Complete 
|  67|0x000000070b200000, 0x000000070b400000, 0x000000070b400000|100%|HC|  |TAMS 0x000000070b200000, 0x000000070b200000| Complete 
|  68|0x000000070b400000, 0x000000070b600000, 0x000000070b600000|100%|HC|  |TAMS 0x000000070b400000, 0x000000070b400000| Complete 
|  69|0x000000070b600000, 0x000000070b800000, 0x000000070b800000|100%|HC|  |TAMS 0x000000070b600000, 0x000000070b600000| Complete 
|  70|0x000000070b800000, 0x000000070b800000, 0x000000070ba00000|  0%| F|  |TAMS 0x000000070b800000, 0x000000070b800000| Untracked 
|  71|0x000000070ba00000, 0x000000070ba00000, 0x000000070bc00000|  0%| F|  |TAMS 0x000000070ba00000, 0x000000070ba00000| Untracked 
|  72|0x000000070bc00000, 0x000000070bc00000, 0x000000070be00000|  0%| F|  |TAMS 0x000000070bc00000, 0x000000070bc00000| Untracked 
|  73|0x000000070be00000, 0x000000070be00000, 0x000000070c000000|  0%| F|  |TAMS 0x000000070be00000, 0x000000070be00000| Untracked 
|  74|0x000000070c000000, 0x000000070c000000, 0x000000070c200000|  0%| F|  |TAMS 0x000000070c000000, 0x000000070c000000| Untracked 
|  75|0x000000070c200000, 0x000000070c200000, 0x000000070c400000|  0%| F|  |TAMS 0x000000070c200000, 0x000000070c200000| Untracked 
|  76|0x000000070c400000, 0x000000070c400000, 0x000000070c600000|  0%| F|  |TAMS 0x000000070c400000, 0x000000070c400000| Untracked 
|  77|0x000000070c600000, 0x000000070c600000, 0x000000070c800000|  0%| F|  |TAMS 0x000000070c600000, 0x000000070c600000| Untracked 
|  78|0x000000070c800000, 0x000000070c800000, 0x000000070ca00000|  0%| F|  |TAMS 0x000000070c800000, 0x000000070c800000| Untracked 
|  79|0x000000070ca00000, 0x000000070ca00000, 0x000000070cc00000|  0%| F|  |TAMS 0x000000070ca00000, 0x000000070ca00000| Untracked 
|  80|0x000000070cc00000, 0x000000070cc00000, 0x000000070ce00000|  0%| F|  |TAMS 0x000000070cc00000, 0x000000070cc00000| Untracked 
|  81|0x000000070ce00000, 0x000000070ce00000, 0x000000070d000000|  0%| F|  |TAMS 0x000000070ce00000, 0x000000070ce00000| Untracked 
|  82|0x000000070d000000, 0x000000070d000000, 0x000000070d200000|  0%| F|  |TAMS 0x000000070d000000, 0x000000070d000000| Untracked 
|  83|0x000000070d200000, 0x000000070d200000, 0x000000070d400000|  0%| F|  |TAMS 0x000000070d200000, 0x000000070d200000| Untracked 
|  84|0x000000070d400000, 0x000000070d400000, 0x000000070d600000|  0%| F|  |TAMS 0x000000070d400000, 0x000000070d400000| Untracked 
|  85|0x000000070d600000, 0x000000070d600000, 0x000000070d800000|  0%| F|  |TAMS 0x000000070d600000, 0x000000070d600000| Untracked 
|  86|0x000000070d800000, 0x000000070d800000, 0x000000070da00000|  0%| F|  |TAMS 0x000000070d800000, 0x000000070d800000| Untracked 
|  87|0x000000070da00000, 0x000000070da00000, 0x000000070dc00000|  0%| F|  |TAMS 0x000000070da00000, 0x000000070da00000| Untracked 
|  88|0x000000070dc00000, 0x000000070dc00000, 0x000000070de00000|  0%| F|  |TAMS 0x000000070dc00000, 0x000000070dc00000| Untracked 
|  89|0x000000070de00000, 0x000000070de00000, 0x000000070e000000|  0%| F|  |TAMS 0x000000070de00000, 0x000000070de00000| Untracked 
|  90|0x000000070e000000, 0x000000070e000000, 0x000000070e200000|  0%| F|  |TAMS 0x000000070e000000, 0x000000070e000000| Untracked 
|  91|0x000000070e200000, 0x000000070e200000, 0x000000070e400000|  0%| F|  |TAMS 0x000000070e200000, 0x000000070e200000| Untracked 
|  92|0x000000070e400000, 0x000000070e400000, 0x000000070e600000|  0%| F|  |TAMS 0x000000070e400000, 0x000000070e400000| Untracked 
|  93|0x000000070e600000, 0x000000070e600000, 0x000000070e800000|  0%| F|  |TAMS 0x000000070e600000, 0x000000070e600000| Untracked 
|  94|0x000000070e800000, 0x000000070e800000, 0x000000070ea00000|  0%| F|  |TAMS 0x000000070e800000, 0x000000070e800000| Untracked 
|  95|0x000000070ea00000, 0x000000070ea00000, 0x000000070ec00000|  0%| F|  |TAMS 0x000000070ea00000, 0x000000070ea00000| Untracked 
|  96|0x000000070ec00000, 0x000000070ec00000, 0x000000070ee00000|  0%| F|  |TAMS 0x000000070ec00000, 0x000000070ec00000| Untracked 
|  97|0x000000070ee00000, 0x000000070ee00000, 0x000000070f000000|  0%| F|  |TAMS 0x000000070ee00000, 0x000000070ee00000| Untracked 
|  98|0x000000070f000000, 0x000000070f000000, 0x000000070f200000|  0%| F|  |TAMS 0x000000070f000000, 0x000000070f000000| Untracked 
|  99|0x000000070f200000, 0x000000070f200000, 0x000000070f400000|  0%| F|  |TAMS 0x000000070f200000, 0x000000070f200000| Untracked 
| 100|0x000000070f400000, 0x000000070f400000, 0x000000070f600000|  0%| F|  |TAMS 0x000000070f400000, 0x000000070f400000| Untracked 
| 101|0x000000070f600000, 0x000000070f600000, 0x000000070f800000|  0%| F|  |TAMS 0x000000070f600000, 0x000000070f600000| Untracked 
| 102|0x000000070f800000, 0x000000070f800000, 0x000000070fa00000|  0%| F|  |TAMS 0x000000070f800000, 0x000000070f800000| Untracked 
| 103|0x000000070fa00000, 0x000000070fa00000, 0x000000070fc00000|  0%| F|  |TAMS 0x000000070fa00000, 0x000000070fa00000| Untracked 
| 104|0x000000070fc00000, 0x000000070fc00000, 0x000000070fe00000|  0%| F|  |TAMS 0x000000070fc00000, 0x000000070fc00000| Untracked 
| 105|0x000000070fe00000, 0x000000070fe00000, 0x0000000710000000|  0%| F|  |TAMS 0x000000070fe00000, 0x000000070fe00000| Untracked 
| 106|0x0000000710000000, 0x0000000710000000, 0x0000000710200000|  0%| F|  |TAMS 0x0000000710000000, 0x0000000710000000| Untracked 
| 107|0x0000000710200000, 0x0000000710200000, 0x0000000710400000|  0%| F|  |TAMS 0x0000000710200000, 0x0000000710200000| Untracked 
| 108|0x0000000710400000, 0x0000000710400000, 0x0000000710600000|  0%| F|  |TAMS 0x0000000710400000, 0x0000000710400000| Untracked 
| 109|0x0000000710600000, 0x0000000710600000, 0x0000000710800000|  0%| F|  |TAMS 0x0000000710600000, 0x0000000710600000| Untracked 
| 110|0x0000000710800000, 0x0000000710800000, 0x0000000710a00000|  0%| F|  |TAMS 0x0000000710800000, 0x0000000710800000| Untracked 
| 111|0x0000000710a00000, 0x0000000710a00000, 0x0000000710c00000|  0%| F|  |TAMS 0x0000000710a00000, 0x0000000710a00000| Untracked 
| 112|0x0000000710c00000, 0x0000000710c00000, 0x0000000710e00000|  0%| F|  |TAMS 0x0000000710c00000, 0x0000000710c00000| Untracked 
| 113|0x0000000710e00000, 0x0000000710e00000, 0x0000000711000000|  0%| F|  |TAMS 0x0000000710e00000, 0x0000000710e00000| Untracked 
| 114|0x0000000711000000, 0x0000000711000000, 0x0000000711200000|  0%| F|  |TAMS 0x0000000711000000, 0x0000000711000000| Untracked 
| 115|0x0000000711200000, 0x0000000711200000, 0x0000000711400000|  0%| F|  |TAMS 0x0000000711200000, 0x0000000711200000| Untracked 
| 116|0x0000000711400000, 0x0000000711400000, 0x0000000711600000|  0%| F|  |TAMS 0x0000000711400000, 0x0000000711400000| Untracked 
| 117|0x0000000711600000, 0x00000007117f4498, 0x0000000711800000| 97%| E|  |TAMS 0x0000000711600000, 0x0000000711600000| Complete 
| 118|0x0000000711800000, 0x0000000711a00000, 0x0000000711a00000|100%| E|CS|TAMS 0x0000000711800000, 0x0000000711800000| Complete 
| 119|0x0000000711a00000, 0x0000000711c00000, 0x0000000711c00000|100%| E|CS|TAMS 0x0000000711a00000, 0x0000000711a00000| Complete 
| 120|0x0000000711c00000, 0x0000000711e00000, 0x0000000711e00000|100%| E|CS|TAMS 0x0000000711c00000, 0x0000000711c00000| Complete 
| 121|0x0000000711e00000, 0x0000000711f707c0, 0x0000000712000000| 71%| S|CS|TAMS 0x0000000711e00000, 0x0000000711e00000| Complete 
| 122|0x0000000712000000, 0x0000000712200000, 0x0000000712200000|100%| S|CS|TAMS 0x0000000712000000, 0x0000000712000000| Complete 
| 123|0x0000000712200000, 0x0000000712400000, 0x0000000712400000|100%| E|CS|TAMS 0x0000000712200000, 0x0000000712200000| Complete 
| 124|0x0000000712400000, 0x0000000712600000, 0x0000000712600000|100%| E|CS|TAMS 0x0000000712400000, 0x0000000712400000| Complete 
| 125|0x0000000712600000, 0x0000000712800000, 0x0000000712800000|100%| E|  |TAMS 0x0000000712600000, 0x0000000712600000| Complete 
| 126|0x0000000712800000, 0x0000000712a00000, 0x0000000712a00000|100%| E|CS|TAMS 0x0000000712800000, 0x0000000712800000| Complete 

Card table byte_map: [0x000002aad5fb0000,0x000002aad67a0000] _byte_map_base: 0x000002aad279a000

Marking Bits (Prev, Next): (CMBitMap*) 0x000002aabeab64a0, (CMBitMap*) 0x000002aabeab64e0
 Prev Bits: [0x000002aad6f90000, 0x000002aadaee0000)
 Next Bits: [0x000002aadaee0000, 0x000002aadee30000)

Polling page: 0x000002aabc9f0000

Metaspace:

Usage:
  Non-class:      9.59 MB used.
      Class:      1.45 MB used.
       Both:     11.04 MB used.

Virtual space:
  Non-class space:       16.00 MB reserved,       9.69 MB ( 61%) committed,  2 nodes.
      Class space:        1.00 GB reserved,       1.56 MB ( <1%) committed,  1 nodes.
             Both:        1.02 GB reserved,      11.25 MB (  1%) committed. 

Chunk freelists:
   Non-Class:  1.50 MB
       Class:  2.39 MB
        Both:  3.89 MB

MaxMetaspaceSize: unlimited
CompressedClassSpaceSize: 1.00 GB
Initial GC threshold: 21.00 MB
Current GC threshold: 21.00 MB
CDS: on
MetaspaceReclaimPolicy: balanced
 - commit_granule_bytes: 65536.
 - commit_granule_words: 8192.
 - virtual_space_node_default_size: 1048576.
 - enlarge_chunks_in_place: 1.
 - new_chunks_are_fully_committed: 0.
 - uncommit_free_chunks: 1.
 - use_allocation_guard: 0.
 - handle_deallocations: 1.


Internal statistics:

num_allocs_failed_limit: 0.
num_arena_births: 152.
num_arena_deaths: 0.
num_vsnodes_births: 3.
num_vsnodes_deaths: 0.
num_space_committed: 180.
num_space_uncommitted: 0.
num_chunks_returned_to_freelist: 0.
num_chunks_taken_from_freelist: 504.
num_chunk_merges: 0.
num_chunk_splits: 345.
num_chunks_enlarged: 269.
num_purges: 0.
num_inconsistent_stats: 0.

CodeHeap 'non-profiled nmethods': size=120000Kb used=532Kb max_used=532Kb free=119467Kb
 bounds [0x000002aacdd40000, 0x000002aacdfb0000, 0x000002aad5270000]
CodeHeap 'profiled nmethods': size=120000Kb used=2416Kb max_used=2416Kb free=117583Kb
 bounds [0x000002aac6810000, 0x000002aac6a80000, 0x000002aacdd40000]
CodeHeap 'non-nmethods': size=5760Kb used=1275Kb max_used=1294Kb free=4484Kb
 bounds [0x000002aac6270000, 0x000002aac64e0000, 0x000002aac6810000]
 total_blobs=2026 nmethods=1424 adapters=515
 compilation: enabled
              stopped_count=0, restarted_count=0
 full_count=0

Compilation events (20 events):
Event: 1.683 Thread 0x000002aae2420140 nmethod 1393 0x000002aac6a57190 code [0x000002aac6a57340, 0x000002aac6a57548]
Event: 1.685 Thread 0x000002aae2420140 1394       3       java.util.LinkedHashMap::get (29 bytes)
Event: 1.686 Thread 0x000002aae2420140 nmethod 1394 0x000002aac6a57610 code [0x000002aac6a577c0, 0x000002aac6a57a78]
Event: 1.686 Thread 0x000002aae2420140 1395       3       java.net.URL::isBuiltinStreamHandler (32 bytes)
Event: 1.687 Thread 0x000002aae2420140 nmethod 1395 0x000002aac6a57b90 code [0x000002aac6a57e60, 0x000002aac6a58ef8]
Event: 1.687 Thread 0x000002aae2420140 1396       3       java.net.URL::isBuiltinStreamHandler (8 bytes)
Event: 1.687 Thread 0x000002aae2420140 nmethod 1396 0x000002aac6a59490 code [0x000002aac6a59640, 0x000002aac6a59808]
Event: 1.687 Thread 0x000002aae2420140 1397       3       java.net.URLStreamHandler::setURL (73 bytes)
Event: 1.688 Thread 0x000002aae2420140 nmethod 1397 0x000002aac6a59910 code [0x000002aac6a59be0, 0x000002aac6a5aa78]
Event: 1.688 Thread 0x000002aae2420140 1398  s!   3       jdk.internal.loader.URLClassPath::getLoader (194 bytes)
Event: 1.689 Thread 0x000002aae2420140 nmethod 1398 0x000002aac6a5af90 code [0x000002aac6a5b280, 0x000002aac6a5c7c8]
Event: 1.689 Thread 0x000002aae2420140 1399       3       java.lang.String::indexOf (18 bytes)
Event: 1.689 Thread 0x000002aae2420140 nmethod 1399 0x000002aac6a5cf90 code [0x000002aac6a5d160, 0x000002aac6a5d428]
Event: 1.689 Thread 0x000002aae2420140 1400       3       java.lang.String::indexOf (113 bytes)
Event: 1.689 Thread 0x000002aae2420140 nmethod 1400 0x000002aac6a5d590 code [0x000002aac6a5d7c0, 0x000002aac6a5dde8]
Event: 1.689 Thread 0x000002aae2420140 1401       1       java.lang.NamedPackage::module (5 bytes)
Event: 1.689 Thread 0x000002aae2420140 nmethod 1401 0x000002aacddbe690 code [0x000002aacddbe820, 0x000002aacddbe8f8]
Event: 1.690 Thread 0x000002aae2420140 1403       3       java.lang.AbstractStringBuilder::checkRange (63 bytes)
Event: 1.691 Thread 0x000002aae2420140 nmethod 1403 0x000002aac6a5df90 code [0x000002aac6a5e220, 0x000002aac6a5eb78]
Event: 1.692 Thread 0x000002aae2420140 1404       3       java.lang.AbstractStringBuilder::append (63 bytes)

GC Heap History (4 events):
Event: 0.673 GC heap before
{Heap before GC invocations=0 (full 0):
 garbage-first heap   total 260096K, used 20480K [0x0000000702c00000, 0x0000000800000000)
  region size 2048K, 11 young (22528K), 0 survivors (0K)
 Metaspace       used 5483K, committed 5632K, reserved 1056768K
  class space    used 623K, committed 704K, reserved 1048576K
}
Event: 0.676 GC heap after
{Heap after GC invocations=1 (full 0):
 garbage-first heap   total 260096K, used 3156K [0x0000000702c00000, 0x0000000800000000)
  region size 2048K, 2 young (4096K), 2 survivors (4096K)
 Metaspace       used 5483K, committed 5632K, reserved 1056768K
  class space    used 623K, committed 704K, reserved 1048576K
}
Event: 0.749 GC heap before
{Heap before GC invocations=1 (full 0):
 garbage-first heap   total 260096K, used 9300K [0x0000000702c00000, 0x0000000800000000)
  region size 2048K, 6 young (12288K), 2 survivors (4096K)
 Metaspace       used 7129K, committed 7296K, reserved 1056768K
  class space    used 879K, committed 960K, reserved 1048576K
}
Event: 0.751 GC heap after
{Heap after GC invocations=2 (full 0):
 garbage-first heap   total 260096K, used 3521K [0x0000000702c00000, 0x0000000800000000)
  region size 2048K, 2 young (4096K), 2 survivors (4096K)
 Metaspace       used 7129K, committed 7296K, reserved 1056768K
  class space    used 879K, committed 960K, reserved 1048576K
}

Deoptimization events (20 events):
Event: 1.593 Thread 0x000002aae2d80ca0 DEOPT PACKING pc=0x000002aacdd96ccc sp=0x000000bc499fda00
Event: 1.593 Thread 0x000002aae2d80ca0 DEOPT UNPACKING pc=0x000002aac62c23a3 sp=0x000000bc499fd9a0 mode 2
Event: 1.620 Thread 0x000002aae2d80ca0 Uncommon trap: trap_request=0xffffffde fr.pc=0x000002aacdda9af0 relative=0x0000000000001090
Event: 1.620 Thread 0x000002aae2d80ca0 Uncommon trap: reason=class_check action=maybe_recompile pc=0x000002aacdda9af0 method=java.io.BufferedInputStream.read1([BII)I @ 39 c2
Event: 1.620 Thread 0x000002aae2d80ca0 DEOPT PACKING pc=0x000002aacdda9af0 sp=0x000000bc499fdf90
Event: 1.620 Thread 0x000002aae2d80ca0 DEOPT UNPACKING pc=0x000002aac62c23a3 sp=0x000000bc499fdf18 mode 2
Event: 1.625 Thread 0x000002aae2d80ca0 Uncommon trap: trap_request=0xffffffc6 fr.pc=0x000002aacddadf80 relative=0x00000000000004c0
Event: 1.625 Thread 0x000002aae2d80ca0 Uncommon trap: reason=bimorphic_or_optimized_type_check action=maybe_recompile pc=0x000002aacddadf80 method=java.util.HashMap.getNode(Ljava/lang/Object;)Ljava/util/HashMap$Node; @ 128 c2
Event: 1.625 Thread 0x000002aae2d80ca0 DEOPT PACKING pc=0x000002aacddadf80 sp=0x000000bc499fcc50
Event: 1.625 Thread 0x000002aae2d80ca0 DEOPT UNPACKING pc=0x000002aac62c23a3 sp=0x000000bc499fcb68 mode 2
Event: 1.652 Thread 0x000002aae2d80ca0 Uncommon trap: trap_request=0xffffff45 fr.pc=0x000002aacdd5001c relative=0x00000000000000fc
Event: 1.652 Thread 0x000002aae2d80ca0 Uncommon trap: reason=unstable_if action=reinterpret pc=0x000002aacdd5001c method=java.lang.StringLatin1.lastIndexOf([BI[BII)I @ 86 c2
Event: 1.652 Thread 0x000002aae2d80ca0 DEOPT PACKING pc=0x000002aacdd5001c sp=0x000000bc499faa80
Event: 1.652 Thread 0x000002aae2d80ca0 DEOPT UNPACKING pc=0x000002aac62c23a3 sp=0x000000bc499fa9d8 mode 2
Event: 1.652 Thread 0x000002aae2d80ca0 Uncommon trap: trap_request=0xffffffc6 fr.pc=0x000002aacddadf80 relative=0x00000000000004c0
Event: 1.652 Thread 0x000002aae2d80ca0 Uncommon trap: reason=bimorphic_or_optimized_type_check action=maybe_recompile pc=0x000002aacddadf80 method=java.util.HashMap.getNode(Ljava/lang/Object;)Ljava/util/HashMap$Node; @ 128 c2
Event: 1.652 Thread 0x000002aae2d80ca0 DEOPT PACKING pc=0x000002aacddadf80 sp=0x000000bc499fa4a0
Event: 1.653 Thread 0x000002aae2d80ca0 DEOPT UNPACKING pc=0x000002aac62c23a3 sp=0x000000bc499fa3b8 mode 2
Event: 1.690 Thread 0x000002aae2d80ca0 DEOPT PACKING pc=0x000002aac68f1cbe sp=0x000000bc499fba50
Event: 1.690 Thread 0x000002aae2d80ca0 DEOPT UNPACKING pc=0x000002aac62c2b43 sp=0x000000bc499faec8 mode 0

Classes unloaded (0 events):
No events

Classes redefined (0 events):
No events

Internal exceptions (20 events):
Event: 0.235 Thread 0x000002aabc94e2d0 Exception <a 'java/lang/NoSuchMethodError'{0x00000007122f8990}: 'java.lang.Object java.lang.invoke.DirectMethodHandle$Holder.invokeStaticInit(java.lang.Object)'> (0x00000007122f8990) 
thrown [t:\workspace\open\src\hotspot\share\interpreter\linkResolver.cpp, line 766]
Event: 0.239 Thread 0x000002aabc94e2d0 Exception <a 'java/lang/NoSuchMethodError'{0x0000000712300580}: 'void java.lang.invoke.DirectMethodHandle$Holder.invokeStatic(java.lang.Object, java.lang.Object)'> (0x0000000712300580) 
thrown [t:\workspace\open\src\hotspot\share\interpreter\linkResolver.cpp, line 766]
Event: 0.517 Thread 0x000002aabc94e2d0 Exception <a 'java/lang/NoSuchMethodError'{0x0000000711cf24a0}: 'void java.lang.invoke.DirectMethodHandle$Holder.invokeSpecial(java.lang.Object, java.lang.Object, java.lang.Object)'> (0x0000000711cf24a0) 
thrown [t:\workspace\open\src\hotspot\share\interpreter\linkResolver.cpp, line 766]
Event: 0.525 Thread 0x000002aabc94e2d0 Exception <a 'java/lang/NoSuchMethodError'{0x0000000711d2b238}: 'void java.lang.invoke.DirectMethodHandle$Holder.invokeStatic(java.lang.Object, java.lang.Object, java.lang.Object)'> (0x0000000711d2b238) 
thrown [t:\workspace\open\src\hotspot\share\interpreter\linkResolver.cpp, line 766]
Event: 0.547 Thread 0x000002aabc94e2d0 Exception <a 'java/lang/NoSuchMethodError'{0x0000000711d47e10}: 'int java.lang.invoke.DirectMethodHandle$Holder.invokeStaticInit(java.lang.Object, java.lang.Object, java.lang.Object)'> (0x0000000711d47e10) 
thrown [t:\workspace\open\src\hotspot\share\interpreter\linkResolver.cpp, line 766]
Event: 0.563 Thread 0x000002aabc94e2d0 Exception <a 'java/lang/NoSuchMethodError'{0x0000000711ae7e40}: 'java.lang.Object java.lang.invoke.DirectMethodHandle$Holder.newInvokeSpecial(java.lang.Object, java.lang.Object, int, java.lang.Object)'> (0x0000000711ae7e40) 
thrown [t:\workspace\open\src\hotspot\share\interpreter\linkResolver.cpp, line 766]
Event: 0.563 Thread 0x000002aabc94e2d0 Exception <a 'java/lang/NoSuchMethodError'{0x0000000711aec220}: 'java.lang.Object java.lang.invoke.DirectMethodHandle$Holder.invokeSpecial(java.lang.Object, java.lang.Object, java.lang.Object, int, java.lang.Object)'> (0x0000000711aec220) 
thrown [t:\workspace\open\src\hotspot\share\interpreter\linkResolver.cpp, line 766]
Event: 0.601 Thread 0x000002aae2d80ca0 Exception <a 'java/lang/NoSuchMethodError'{0x0000000711977f98}: 'void java.lang.invoke.DirectMethodHandle$Holder.invokeStaticInit(java.lang.Object)'> (0x0000000711977f98) 
thrown [t:\workspace\open\src\hotspot\share\interpreter\linkResolver.cpp, line 766]
Event: 0.603 Thread 0x000002aabc94e2d0 Exception <a 'java/lang/NoSuchMethodError'{0x0000000711b012b0}: 'java.lang.Object java.lang.invoke.DirectMethodHandle$Holder.newInvokeSpecial(java.lang.Object, java.lang.Object, java.lang.Object, java.lang.Object, java.lang.Object, java.lang.Object)'> (0x0000000711b012b0) 
thrown [t:\workspace\open\src\hotspot\share\interpreter\linkResolver.cpp, line 766]
Event: 0.607 Thread 0x000002aabc94e2d0 Exception <a 'java/lang/NoSuchMethodError'{0x0000000711b31c60}: 'java.lang.Object java.lang.invoke.DirectMethodHandle$Holder.newInvokeSpecial(java.lang.Object, java.lang.Object, java.lang.Object, java.lang.Object, java.lang.Object)'> (0x0000000711b31c60) 
thrown [t:\workspace\open\src\hotspot\share\interpreter\linkResolver.cpp, line 766]
Event: 0.608 Thread 0x000002aae2f30e30 Exception <a 'java/lang/NoSuchMethodError'{0x00000007119cb188}: 'void java.lang.invoke.DirectMethodHandle$Holder.invokeStatic(java.lang.Object, java.lang.Object, java.lang.Object, java.lang.Object)'> (0x00000007119cb188) 
thrown [t:\workspace\open\src\hotspot\share\interpreter\linkResolver.cpp, line 766]
Event: 0.697 Thread 0x000002aae2d80ca0 Exception <a 'java/lang/NoSuchMethodError'{0x00000007127169e8}: 'java.lang.Object java.lang.invoke.DirectMethodHandle$Holder.invokeStaticInit(java.lang.Object, java.lang.Object, java.lang.Object, java.lang.Object)'> (0x00000007127169e8) 
thrown [t:\workspace\open\src\hotspot\share\interpreter\linkResolver.cpp, line 766]
Event: 0.698 Thread 0x000002aae2d80ca0 Exception <a 'java/lang/NullPointerException'{0x00000007127226b0}> (0x00000007127226b0) 
thrown [t:\workspace\open\src\hotspot\share\interpreter\linkResolver.cpp, line 1357]
Event: 1.503 Thread 0x000002aae2d80ca0 Exception <a 'java/lang/ClassNotFoundException'{0x000000071296be60}: com/sun/glass/ui/win/themes> (0x000000071296be60) 
thrown [t:\workspace\open\src\hotspot\share\prims\jni.cpp, line 535]
Event: 1.505 Thread 0x000002aae2d80ca0 Exception <a 'java/lang/ClassNotFoundException'{0x0000000712978298}: com/sun/glass/ui/win/themes_fr> (0x0000000712978298) 
thrown [t:\workspace\open\src\hotspot\share\prims\jni.cpp, line 535]
Event: 1.505 Thread 0x000002aae2d80ca0 Exception <a 'java/lang/ClassNotFoundException'{0x0000000712980360}: com/sun/glass/ui/win/themes_fr_FR> (0x0000000712980360) 
thrown [t:\workspace\open\src\hotspot\share\prims\jni.cpp, line 535]
Event: 1.567 Thread 0x000002aae2d80ca0 Exception <a 'java/lang/NoSuchMethodError'{0x00000007122d81c8}: 'void java.lang.invoke.DirectMethodHandle$Holder.invokeStaticInit(java.lang.Object, java.lang.Object)'> (0x00000007122d81c8) 
thrown [t:\workspace\open\src\hotspot\share\interpreter\linkResolver.cpp, line 766]
Event: 1.610 Thread 0x000002aae2d80ca0 Exception <a 'java/lang/NoSuchMethodError'{0x0000000711d8dad0}: 'void java.lang.invoke.DirectMethodHandle$Holder.invokeSpecial(java.lang.Object, java.lang.Object, java.lang.Object, java.lang.Object, java.lang.Object)'> (0x0000000711d8dad0) 
thrown [t:\workspace\open\src\hotspot\share\interpreter\linkResolver.cpp, line 766]
Event: 1.646 Thread 0x000002aae2d80ca0 Exception <a 'java/lang/NoSuchMethodError'{0x0000000711b7a448}: 'java.lang.Object java.lang.invoke.DirectMethodHandle$Holder.invokeInterface(java.lang.Object, java.lang.Object)'> (0x0000000711b7a448) 
thrown [t:\workspace\open\src\hotspot\share\interpreter\linkResolver.cpp, line 766]
Event: 1.667 Thread 0x000002aae2d80ca0 Exception <a 'java/lang/NoSuchMethodError'{0x0000000711801940}: 'java.lang.Object java.lang.invoke.DirectMethodHandle$Holder.invokeVirtual(java.lang.Object, java.lang.Object, java.lang.Object)'> (0x0000000711801940) 
thrown [t:\workspace\open\src\hotspot\share\interpreter\linkResolver.cpp, line 766]

VM Operations (20 events):
Event: 0.554 Executing VM operation: HandshakeAllThreads
Event: 0.554 Executing VM operation: HandshakeAllThreads done
Event: 0.673 Executing VM operation: G1CollectForAllocation
Event: 0.676 Executing VM operation: G1CollectForAllocation done
Event: 0.734 Executing VM operation: HandshakeAllThreads
Event: 0.734 Executing VM operation: HandshakeAllThreads done
Event: 0.749 Executing VM operation: G1TryInitiateConcMark
Event: 0.751 Executing VM operation: G1TryInitiateConcMark done
Event: 1.527 Executing VM operation: HandshakeAllThreads
Event: 1.527 Executing VM operation: HandshakeAllThreads done
Event: 1.625 Executing VM operation: HandshakeAllThreads
Event: 1.625 Executing VM operation: HandshakeAllThreads done
Event: 1.630 Executing VM operation: HandshakeAllThreads
Event: 1.630 Executing VM operation: HandshakeAllThreads done
Event: 1.633 Executing VM operation: HandshakeAllThreads
Event: 1.633 Executing VM operation: HandshakeAllThreads done
Event: 1.647 Executing VM operation: HandshakeAllThreads
Event: 1.647 Executing VM operation: HandshakeAllThreads done
Event: 1.665 Executing VM operation: HandshakeAllThreads
Event: 1.666 Executing VM operation: HandshakeAllThreads done

Events (20 events):
Event: 1.651 loading class java/util/stream/SpinedBuffer done
Event: 1.651 loading class java/util/stream/Nodes$SpinedNodeBuilder done
Event: 1.651 loading class java/util/zip/ZipFile$ZipEntryIterator
Event: 1.652 loading class java/util/zip/ZipFile$ZipEntryIterator done
Event: 1.652 loading class java/util/ResourceBundle$Control$2
Event: 1.652 loading class java/util/ResourceBundle$Control$2 done
Event: 1.661 loading class java/text/MessageFormat
Event: 1.662 loading class java/text/MessageFormat done
Event: 1.663 loading class jdk/internal/math/FDBigInteger
Event: 1.663 loading class jdk/internal/math/FDBigInteger done
Event: 1.664 loading class java/math/MathContext
Event: 1.664 loading class java/math/MathContext done
Event: 1.665 loading class java/util/Collections$UnmodifiableMap$UnmodifiableEntrySet
Event: 1.665 loading class java/util/Collections$UnmodifiableMap$UnmodifiableEntrySet done
Event: 1.666 loading class java/util/Collections$UnmodifiableMap$UnmodifiableEntrySet$UnmodifiableEntrySetSpliterator
Event: 1.666 loading class java/util/Collections$UnmodifiableMap$UnmodifiableEntrySet$UnmodifiableEntrySetSpliterator done
Event: 1.666 loading class java/util/HashMap$EntrySpliterator
Event: 1.666 loading class java/util/HashMap$EntrySpliterator done
Event: 1.666 loading class java/lang/invoke/DirectMethodHandle$Special
Event: 1.666 loading class java/lang/invoke/DirectMethodHandle$Special done


Dynamic libraries:
0x00007ff6170c0000 - 0x00007ff6170d0000 	C:\Program Files\Java\jdk-17\bin\java.exe
0x00007ffca09d0000 - 0x00007ffca0bc8000 	C:\WINDOWS\SYSTEM32\ntdll.dll
0x00007ffc9ee40000 - 0x00007ffc9ef02000 	C:\WINDOWS\System32\KERNEL32.DLL
0x00007ffc9e4a0000 - 0x00007ffc9e79f000 	C:\WINDOWS\System32\KERNELBASE.dll
0x00007ffc9e180000 - 0x00007ffc9e280000 	C:\WINDOWS\System32\ucrtbase.dll
0x00007ffc6bf80000 - 0x00007ffc6bf9a000 	C:\Program Files\Java\jdk-17\bin\VCRUNTIME140.dll
0x00007ffc60e10000 - 0x00007ffc60e28000 	C:\Program Files\Java\jdk-17\bin\jli.dll
0x00007ffca0020000 - 0x00007ffca00cf000 	C:\WINDOWS\System32\ADVAPI32.dll
0x00007ffca08f0000 - 0x00007ffca098e000 	C:\WINDOWS\System32\msvcrt.dll
0x00007ffca0850000 - 0x00007ffca08ef000 	C:\WINDOWS\System32\sechost.dll
0x00007ffc9f270000 - 0x00007ffc9f393000 	C:\WINDOWS\System32\RPCRT4.dll
0x00007ffc9e0a0000 - 0x00007ffc9e0c7000 	C:\WINDOWS\System32\bcrypt.dll
0x00007ffc9eff0000 - 0x00007ffc9f18d000 	C:\WINDOWS\System32\USER32.dll
0x00007ffc9e070000 - 0x00007ffc9e092000 	C:\WINDOWS\System32\win32u.dll
0x00007ffc894f0000 - 0x00007ffc8978a000 	C:\WINDOWS\WinSxS\amd64_microsoft.windows.common-controls_6595b64144ccf1df_6.0.19041.4355_none_60b8b9eb71f62e16\COMCTL32.dll
0x00007ffca0820000 - 0x00007ffca084b000 	C:\WINDOWS\System32\GDI32.dll
0x00007ffc9e840000 - 0x00007ffc9e95a000 	C:\WINDOWS\System32\gdi32full.dll
0x00007ffc9e7a0000 - 0x00007ffc9e83d000 	C:\WINDOWS\System32\msvcp_win.dll
0x00007ffc9a3f0000 - 0x00007ffc9a3fa000 	C:\WINDOWS\SYSTEM32\VERSION.dll
0x00007ffca06d0000 - 0x00007ffca06ff000 	C:\WINDOWS\System32\IMM32.DLL
0x00007ffc6c6b0000 - 0x00007ffc6c6bc000 	C:\Program Files\Java\jdk-17\bin\vcruntime140_1.dll
0x00007ffbfe3e0000 - 0x00007ffbfe46d000 	C:\Program Files\Java\jdk-17\bin\msvcp140.dll
0x00007ffbfa3b0000 - 0x00007ffbfaf6e000 	C:\Program Files\Java\jdk-17\bin\server\jvm.dll
0x00007ffc9eb90000 - 0x00007ffc9eb98000 	C:\WINDOWS\System32\PSAPI.DLL
0x00007ffc8c2e0000 - 0x00007ffc8c307000 	C:\WINDOWS\SYSTEM32\WINMM.dll
0x00007ffc87cb0000 - 0x00007ffc87cb9000 	C:\WINDOWS\SYSTEM32\WSOCK32.dll
0x00007ffca00d0000 - 0x00007ffca013b000 	C:\WINDOWS\System32\WS2_32.dll
0x00007ffc9bef0000 - 0x00007ffc9bf02000 	C:\WINDOWS\SYSTEM32\kernel.appcore.dll
0x00007ffc6c2e0000 - 0x00007ffc6c2ea000 	C:\Program Files\Java\jdk-17\bin\jimage.dll
0x00007ffc8b970000 - 0x00007ffc8bb54000 	C:\WINDOWS\SYSTEM32\DBGHELP.DLL
0x00007ffc78a80000 - 0x00007ffc78ab4000 	C:\WINDOWS\SYSTEM32\dbgcore.DLL
0x00007ffc9e960000 - 0x00007ffc9e9e2000 	C:\WINDOWS\System32\bcryptPrimitives.dll
0x00007ffc60970000 - 0x00007ffc60995000 	C:\Program Files\Java\jdk-17\bin\java.dll
0x00007ffbfe300000 - 0x00007ffbfe3d6000 	C:\Program Files\Java\jdk-17\bin\svml.dll
0x00007ffc9f3b0000 - 0x00007ffc9fb1d000 	C:\WINDOWS\System32\SHELL32.dll
0x00007ffc9c0f0000 - 0x00007ffc9c894000 	C:\WINDOWS\SYSTEM32\windows.storage.dll
0x00007ffc9fb90000 - 0x00007ffc9fee5000 	C:\WINDOWS\System32\combase.dll
0x00007ffc9daa0000 - 0x00007ffc9dacf000 	C:\WINDOWS\SYSTEM32\Wldp.dll
0x00007ffc9ebc0000 - 0x00007ffc9ec8d000 	C:\WINDOWS\System32\OLEAUT32.dll
0x00007ffc9e9f0000 - 0x00007ffc9ea9d000 	C:\WINDOWS\System32\SHCORE.dll
0x00007ffca0670000 - 0x00007ffca06c5000 	C:\WINDOWS\System32\shlwapi.dll
0x00007ffc9dfa0000 - 0x00007ffc9dfc4000 	C:\WINDOWS\SYSTEM32\profapi.dll
0x00007ffc60950000 - 0x00007ffc60969000 	C:\Program Files\Java\jdk-17\bin\net.dll
0x00007ffc97bb0000 - 0x00007ffc97cba000 	C:\WINDOWS\SYSTEM32\WINHTTP.dll
0x00007ffc9d800000 - 0x00007ffc9d86c000 	C:\WINDOWS\system32\mswsock.dll
0x00007ffc60680000 - 0x00007ffc60695000 	C:\Program Files\Java\jdk-17\bin\nio.dll
0x00007ffc60660000 - 0x00007ffc60678000 	C:\Program Files\Java\jdk-17\bin\zip.dll
0x000002aabea10000 - 0x000002aabea13000 	C:\Users\MSI\.openjfx\cache\21.0.2+5\amd64\api-ms-win-core-console-l1-1-0.dll
0x000002aabea20000 - 0x000002aabea23000 	C:\Users\MSI\.openjfx\cache\21.0.2+5\amd64\api-ms-win-core-console-l1-2-0.dll
0x000002aabea30000 - 0x000002aabea33000 	C:\Users\MSI\.openjfx\cache\21.0.2+5\amd64\api-ms-win-core-datetime-l1-1-0.dll
0x000002aae3000000 - 0x000002aae3003000 	C:\Users\MSI\.openjfx\cache\21.0.2+5\amd64\api-ms-win-core-debug-l1-1-0.dll
0x000002aae3010000 - 0x000002aae3013000 	C:\Users\MSI\.openjfx\cache\21.0.2+5\amd64\api-ms-win-core-errorhandling-l1-1-0.dll
0x000002aae3020000 - 0x000002aae3024000 	C:\Users\MSI\.openjfx\cache\21.0.2+5\amd64\api-ms-win-core-file-l1-1-0.dll
0x000002aae3030000 - 0x000002aae3033000 	C:\Users\MSI\.openjfx\cache\21.0.2+5\amd64\api-ms-win-core-file-l1-2-0.dll
0x000002aae3040000 - 0x000002aae3043000 	C:\Users\MSI\.openjfx\cache\21.0.2+5\amd64\api-ms-win-core-file-l2-1-0.dll
0x000002aae3050000 - 0x000002aae3053000 	C:\Users\MSI\.openjfx\cache\21.0.2+5\amd64\api-ms-win-core-handle-l1-1-0.dll
0x000002aae3060000 - 0x000002aae3063000 	C:\Users\MSI\.openjfx\cache\21.0.2+5\amd64\api-ms-win-core-heap-l1-1-0.dll
0x000002aae3070000 - 0x000002aae3073000 	C:\Users\MSI\.openjfx\cache\21.0.2+5\amd64\api-ms-win-core-interlocked-l1-1-0.dll
0x000002aae3080000 - 0x000002aae3083000 	C:\Users\MSI\.openjfx\cache\21.0.2+5\amd64\api-ms-win-core-libraryloader-l1-1-0.dll
0x000002aae3090000 - 0x000002aae3093000 	C:\Users\MSI\.openjfx\cache\21.0.2+5\amd64\api-ms-win-core-localization-l1-2-0.dll
0x000002aae30a0000 - 0x000002aae30a3000 	C:\Users\MSI\.openjfx\cache\21.0.2+5\amd64\api-ms-win-core-memory-l1-1-0.dll
0x000002aae30b0000 - 0x000002aae30b3000 	C:\Users\MSI\.openjfx\cache\21.0.2+5\amd64\api-ms-win-core-namedpipe-l1-1-0.dll
0x000002aae30c0000 - 0x000002aae30c3000 	C:\Users\MSI\.openjfx\cache\21.0.2+5\amd64\api-ms-win-core-processenvironment-l1-1-0.dll
0x000002aae30d0000 - 0x000002aae30d3000 	C:\Users\MSI\.openjfx\cache\21.0.2+5\amd64\api-ms-win-core-processthreads-l1-1-0.dll
0x000002aae30e0000 - 0x000002aae30e3000 	C:\Users\MSI\.openjfx\cache\21.0.2+5\amd64\api-ms-win-core-processthreads-l1-1-1.dll
0x000002aae30f0000 - 0x000002aae30f3000 	C:\Users\MSI\.openjfx\cache\21.0.2+5\amd64\api-ms-win-core-profile-l1-1-0.dll
0x000002aae3100000 - 0x000002aae3103000 	C:\Users\MSI\.openjfx\cache\21.0.2+5\amd64\api-ms-win-core-rtlsupport-l1-1-0.dll
0x000002aae3110000 - 0x000002aae3113000 	C:\Users\MSI\.openjfx\cache\21.0.2+5\amd64\api-ms-win-core-string-l1-1-0.dll
0x000002aae3120000 - 0x000002aae3123000 	C:\Users\MSI\.openjfx\cache\21.0.2+5\amd64\api-ms-win-core-synch-l1-1-0.dll
0x000002aae3130000 - 0x000002aae3133000 	C:\Users\MSI\.openjfx\cache\21.0.2+5\amd64\api-ms-win-core-synch-l1-2-0.dll
0x000002aae3140000 - 0x000002aae3143000 	C:\Users\MSI\.openjfx\cache\21.0.2+5\amd64\api-ms-win-core-sysinfo-l1-1-0.dll
0x000002aae3150000 - 0x000002aae3153000 	C:\Users\MSI\.openjfx\cache\21.0.2+5\amd64\api-ms-win-core-timezone-l1-1-0.dll
0x000002aae3160000 - 0x000002aae3163000 	C:\Users\MSI\.openjfx\cache\21.0.2+5\amd64\api-ms-win-core-util-l1-1-0.dll
0x000002aae3170000 - 0x000002aae3173000 	C:\Users\MSI\.openjfx\cache\21.0.2+5\amd64\api-ms-win-crt-conio-l1-1-0.dll
0x000002aae3180000 - 0x000002aae3184000 	C:\Users\MSI\.openjfx\cache\21.0.2+5\amd64\api-ms-win-crt-convert-l1-1-0.dll
0x000002aae3190000 - 0x000002aae3193000 	C:\Users\MSI\.openjfx\cache\21.0.2+5\amd64\api-ms-win-crt-environment-l1-1-0.dll
0x000002aae31a0000 - 0x000002aae31a3000 	C:\Users\MSI\.openjfx\cache\21.0.2+5\amd64\api-ms-win-crt-filesystem-l1-1-0.dll
0x000002aae31b0000 - 0x000002aae31b3000 	C:\Users\MSI\.openjfx\cache\21.0.2+5\amd64\api-ms-win-crt-heap-l1-1-0.dll
0x000002aae31c0000 - 0x000002aae31c3000 	C:\Users\MSI\.openjfx\cache\21.0.2+5\amd64\api-ms-win-crt-locale-l1-1-0.dll
0x000002aae31d0000 - 0x000002aae31d5000 	C:\Users\MSI\.openjfx\cache\21.0.2+5\amd64\api-ms-win-crt-math-l1-1-0.dll
0x000002aae31e0000 - 0x000002aae31e5000 	C:\Users\MSI\.openjfx\cache\21.0.2+5\amd64\api-ms-win-crt-multibyte-l1-1-0.dll
0x000002aae31f0000 - 0x000002aae3200000 	C:\Users\MSI\.openjfx\cache\21.0.2+5\amd64\api-ms-win-crt-private-l1-1-0.dll
0x000002aae3200000 - 0x000002aae3203000 	C:\Users\MSI\.openjfx\cache\21.0.2+5\amd64\api-ms-win-crt-process-l1-1-0.dll
0x000002aae3210000 - 0x000002aae3214000 	C:\Users\MSI\.openjfx\cache\21.0.2+5\amd64\api-ms-win-crt-runtime-l1-1-0.dll
0x000002aae3220000 - 0x000002aae3224000 	C:\Users\MSI\.openjfx\cache\21.0.2+5\amd64\api-ms-win-crt-stdio-l1-1-0.dll
0x000002aae3230000 - 0x000002aae3234000 	C:\Users\MSI\.openjfx\cache\21.0.2+5\amd64\api-ms-win-crt-string-l1-1-0.dll
0x000002aae3240000 - 0x000002aae3243000 	C:\Users\MSI\.openjfx\cache\21.0.2+5\amd64\api-ms-win-crt-time-l1-1-0.dll
0x000002aae3250000 - 0x000002aae3253000 	C:\Users\MSI\.openjfx\cache\21.0.2+5\amd64\api-ms-win-crt-utility-l1-1-0.dll
0x00007ffbfd660000 - 0x00007ffbfd75c000 	C:\Users\MSI\.openjfx\cache\21.0.2+5\amd64\ucrtbase.dll
0x00007ffc51fc0000 - 0x00007ffc51fdb000 	C:\Users\MSI\.openjfx\cache\21.0.2+5\amd64\vcruntime140.dll
0x00007ffc6bf70000 - 0x00007ffc6bf7c000 	C:\Users\MSI\.openjfx\cache\21.0.2+5\amd64\vcruntime140_1.dll
0x00007ffbfe270000 - 0x00007ffbfe2fe000 	C:\Users\MSI\.openjfx\cache\21.0.2+5\amd64\msvcp140.dll
0x00007ffc6bc10000 - 0x00007ffc6bc19000 	C:\Users\MSI\.openjfx\cache\21.0.2+5\amd64\msvcp140_1.dll
0x00007ffc51e70000 - 0x00007ffc51eb1000 	C:\Users\MSI\.openjfx\cache\21.0.2+5\amd64\msvcp140_2.dll
0x00007ffc068a0000 - 0x00007ffc068d0000 	C:\Users\MSI\.openjfx\cache\21.0.2+5\amd64\prism_d3d.dll
0x00007ffc92a90000 - 0x00007ffc92c61000 	C:\WINDOWS\system32\d3d9.dll
0x00007ffc9bd10000 - 0x00007ffc9bd3f000 	C:\WINDOWS\SYSTEM32\dwmapi.dll
0x00007ffc9b960000 - 0x00007ffc9b9fe000 	C:\WINDOWS\system32\uxtheme.dll
0x00007ffc94280000 - 0x00007ffc9442f000 	C:\WINDOWS\System32\DriverStore\FileRepository\iigd_dch.inf_amd64_51f685305808e3a5\igdumdim64.dll
0x00007ffc9fef0000 - 0x00007ffca001b000 	C:\WINDOWS\System32\ole32.dll
0x00007ffc5d240000 - 0x00007ffc602e3000 	C:\WINDOWS\System32\DriverStore\FileRepository\iigd_dch.inf_amd64_51f685305808e3a5\igd9dxva64.dll
0x00007ffca0140000 - 0x00007ffca05b1000 	C:\WINDOWS\System32\SETUPAPI.dll
0x00007ffc9e3e0000 - 0x00007ffc9e42e000 	C:\WINDOWS\System32\cfgmgr32.dll
0x00007ffc92660000 - 0x00007ffc92a69000 	C:\WINDOWS\System32\DriverStore\FileRepository\iigd_dch.inf_amd64_51f685305808e3a5\igdgmm64.dll
0x00007ffc04080000 - 0x00007ffc040c2000 	C:\Users\MSI\.openjfx\cache\21.0.2+5\amd64\glass.dll
0x00007ffc9f190000 - 0x00007ffc9f26a000 	C:\WINDOWS\System32\COMDLG32.dll
0x00007ffca0700000 - 0x00007ffca0815000 	C:\WINDOWS\System32\MSCTF.dll
0x00007ffc98a00000 - 0x00007ffc98a27000 	C:\WINDOWS\System32\DriverStore\FileRepository\iigd_dch.inf_amd64_51f685305808e3a5\igdinfo64.dll
0x00007ffc8eec0000 - 0x00007ffc92654000 	C:\WINDOWS\System32\DriverStore\FileRepository\iigd_dch.inf_amd64_51f685305808e3a5\igc64.dll
0x00007ffc94c40000 - 0x00007ffc94c7b000 	C:\WINDOWS\SYSTEM32\dxcore.dll
0x00007ffc94160000 - 0x00007ffc94174000 	C:\Users\MSI\.openjfx\cache\21.0.2+5\amd64\javafx_font.dll

dbghelp: loaded successfully - version: 4.0.5 - missing functions: none
symbol engine: initialized successfully - sym options: 0x614 - pdb path: .;C:\Program Files\Java\jdk-17\bin;C:\WINDOWS\SYSTEM32;C:\WINDOWS\WinSxS\amd64_microsoft.windows.common-controls_6595b64144ccf1df_6.0.19041.4355_none_60b8b9eb71f62e16;C:\Program Files\Java\jdk-17\bin\server;C:\Users\MSI\.openjfx\cache\21.0.2+5\amd64;C:\WINDOWS\System32\DriverStore\FileRepository\iigd_dch.inf_amd64_51f685305808e3a5

VM Arguments:
jvm_args: --module-path=C:\Users\MSI\.m2\repository\org\openjfx\javafx-base\21.0.2\javafx-base-21.0.2-win.jar;C:\Users\MSI\.m2\repository\org\openjfx\javafx-base\21.0.2\javafx-base-21.0.2.jar;C:\Users\MSI\.m2\repository\org\openjfx\javafx-controls\21.0.2\javafx-controls-21.0.2-win.jar;C:\Users\MSI\.m2\repository\org\openjfx\javafx-controls\21.0.2\javafx-controls-21.0.2.jar;C:\Users\MSI\.m2\repository\org\openjfx\javafx-fxml\21.0.2\javafx-fxml-21.0.2-win.jar;C:\Users\MSI\.m2\repository\org\openjfx\javafx-fxml\21.0.2\javafx-fxml-21.0.2.jar;C:\Users\MSI\.m2\repository\org\openjfx\javafx-graphics\21.0.2\javafx-graphics-21.0.2-win.jar;C:\Users\MSI\.m2\repository\org\openjfx\javafx-graphics\21.0.2\javafx-graphics-21.0.2.jar --add-modules=javafx.base,javafx.controls,javafx.fxml,javafx.graphics 
java_command: edu.emmapi.tests.mainFx
java_class_path (initial): C:\Users\MSI\Documents\versionmonsieur\pidev3A32_v1\target\classes;C:\Users\MSI\.m2\repository\com\google\protobuf\protobuf-java\3.11.4\protobuf-java-3.11.4.jar;C:\Users\MSI\.m2\repository\mysql\mysql-connector-java\8.0.28\mysql-connector-java-8.0.28.jar
Launcher Type: SUN_STANDARD

[Global flags]
     intx CICompilerCount                          = 4                                         {product} {ergonomic}
     uint ConcGCThreads                            = 3                                         {product} {ergonomic}
     uint G1ConcRefinementThreads                  = 10                                        {product} {ergonomic}
   size_t G1HeapRegionSize                         = 2097152                                   {product} {ergonomic}
    uintx GCDrainStackTargetSize                   = 64                                        {product} {ergonomic}
   size_t InitialHeapSize                          = 266338304                                 {product} {ergonomic}
   size_t MarkStackSize                            = 4194304                                   {product} {ergonomic}
   size_t MaxHeapSize                              = 4248829952                                {product} {ergonomic}
   size_t MaxNewSize                               = 2548039680                                {product} {ergonomic}
   size_t MinHeapDeltaBytes                        = 2097152                                   {product} {ergonomic}
   size_t MinHeapSize                              = 8388608                                   {product} {ergonomic}
    uintx NonNMethodCodeHeapSize                   = 5839372                                {pd product} {ergonomic}
    uintx NonProfiledCodeHeapSize                  = 122909434                              {pd product} {ergonomic}
    uintx ProfiledCodeHeapSize                     = 122909434                              {pd product} {ergonomic}
    uintx ReservedCodeCacheSize                    = 251658240                              {pd product} {ergonomic}
     bool SegmentedCodeCache                       = true                                      {product} {ergonomic}
   size_t SoftMaxHeapSize                          = 4248829952                             {manageable} {ergonomic}
     bool UseCompressedClassPointers               = true                           {product lp64_product} {ergonomic}
     bool UseCompressedOops                        = true                           {product lp64_product} {ergonomic}
     bool UseG1GC                                  = true                                      {product} {ergonomic}
     bool UseLargePagesIndividualAllocation        = false                                  {pd product} {ergonomic}

Logging:
Log output configuration:
 #0: stdout all=warning uptime,level,tags
 #1: stderr all=off uptime,level,tags

Environment Variables:
JAVA_HOME=C:\Program Files\Java\jdk-17
PATH=C:\oraclexe\app\oracle\product\11.2.0\server\bin;;C:\wamp64\bin\php\php8.2.0;C:\Program Files\Common Files\Oracle\Java\javapath;C:\oraclexe\app\oracle\product\11.2.0\server\bin;C:\Users\MSI\Desktop\Java\jdk1.8.0_311;C:\Program Files\Java\jdk-11.0.17;C:\Program Files\Java\jdk-17;C:\Windows;C:\Windows\System32\WindowsPowerShell\v1.0\;C:\Windows\System32\OpenSSH\;C:\Program Files (x86)\NVIDIA Corporation\PhysX\Common;C:\WINDOWS\system32;C:\WINDOWS;C:\WINDOWS\System32\Wbem;C:\WINDOWS\System32\WindowsPowerShell\v1.0\;C:\WINDOWS\System32\OpenSSH\;C:\Program Files (x86)\Microsoft SQL Server\160\Tools\Binn\;C:\Program Files\Microsoft SQL Server\160\Tools\Binn\;C:\Program Files\Microsoft SQL Server\Client SDK\ODBC\170\Tools\Binn\;C:\Program Files\Microsoft SQL Server\160\DTS\Binn\;C:\composer;C:\Program Files\FlutterFlow\flutterflow.exe;C:\Program Files\Git\cmd;C:\Users\MSI\AppData\Local\Programs\Python\Launcher\;C:\Users\MSI\scoop\shims;C:\Users\MSI\Desktop\javafx-sdk-21.0.2;C:\Users\MSI\Desktop\jdk-20;C:\Users\MSI\Desktop\Java\jdk-17.0.2;C:\Users\MSI\AppData\Local\Microsoft\WindowsApps;C:\Program Files\JetBrains\IntelliJ IDEA Community Edition 2023.3.4\bin;;C:\Program Files\JetBrains\IntelliJ IDEA 2024.3.3\bin;;C:\Users\MSI\AppData\Local\Programs\Microsoft VS Code\bin;C:\Users\MSI\AppData\Roaming\Composer\vendor\bin;C:\Users\MSI\AppData\Local\GitHubDesktop\bin
USERNAME=MSI
OS=Windows_NT
PROCESSOR_IDENTIFIER=Intel64 Family 6 Model 165 Stepping 2, GenuineIntel



---------------  S Y S T E M  ---------------

OS:
 Windows 10 , 64 bit Build 19041 (10.0.19041.5438)
OS uptime: 0 days 1:03 hours

CPU: total 12 (initial active 12) (6 cores per cpu, 2 threads per core) family 6 model 165 stepping 2 microcode 0xe2, cx8, cmov, fxsr, ht, mmx, 3dnowpref, sse, sse2, sse3, ssse3, sse4.1, sse4.2, popcnt, lzcnt, tsc, tscinvbit, avx, avx2, aes, erms, clmul, bmi1, bmi2, adx, fma, vzeroupper, clflush, clflushopt

Memory: 4k page, system-wide physical 16205M (378M free)
TotalPageFile size 27888M (AvailPageFile size 0M)
current process WorkingSet (physical memory assigned to process): 274M, peak: 274M
current process commit charge ("private bytes"): 413M, peak: 413M

vm_info: Java HotSpot(TM) 64-Bit Server VM (17+35-LTS-2724) for windows-amd64 JRE (17+35-LTS-2724), built on Aug  5 2021 23:28:28 by "mach5one" with MS VC++ 16.8 (VS2019)

END.
