#
# There is insufficient memory for the Java Runtime Environment to continue.
# Native memory allocation (malloc) failed to allocate 1037376 bytes. Error detail: Chunk::new
# Possible reasons:
#   The system is out of physical RAM or swap space
#   This process is running with CompressedOops enabled, and the Java Heap may be blocking the growth of the native heap
# Possible solutions:
#   Reduce memory load on the system
#   Increase physical memory or swap space
#   Check if swap backing store is full
#   Decrease Java heap size (-Xmx/-Xms)
#   Decrease number of Java threads
#   Decrease Java thread stack sizes (-Xss)
#   Set larger code cache with -XX:ReservedCodeCacheSize=
#   JVM is running with Zero Based Compressed Oops mode in which the Java heap is
#     placed in the first 32GB address space. The Java Heap base address is the
#     maximum limit for the native heap growth. Please use -XX:HeapBaseMinAddress
#     to set the Java Heap base and to place the Java Heap above 32GB virtual address.
# This output file may be truncated or incomplete.
#
#  Out of Memory Error (arena.cpp:149), pid=1876, tid=20016
#
# JRE version: OpenJDK Runtime Environment (23.0.2+7) (build 23.0.2+7-58)
# Java VM: OpenJDK 64-Bit Server VM (23.0.2+7-58, mixed mode, sharing, tiered, compressed oops, compressed class ptrs, g1 gc, windows-amd64)
# No core dump will be written. Minidumps are not enabled by default on client versions of Windows
#

---------------  S U M M A R Y ------------

Command Line: -Dmaven.multiModuleProjectDirectory=C:\Users\MSI\Documents\versionmonsieur\pidev3A32_v1 -Djansi.passthrough=true -Dmaven.home=C:\Program Files\JetBrains\IntelliJ IDEA 2024.3.3\plugins\maven\lib\maven3 -Dclassworlds.conf=C:\Program Files\JetBrains\IntelliJ IDEA 2024.3.3\plugins\maven\lib\maven3\bin\m2.conf -Dmaven.ext.class.path=C:\Program Files\JetBrains\IntelliJ IDEA 2024.3.3\plugins\maven\lib\maven-event-listener.jar -javaagent:C:\Program Files\JetBrains\IntelliJ IDEA 2024.3.3\lib\idea_rt.jar=55864:C:\Program Files\JetBrains\IntelliJ IDEA 2024.3.3\bin -Dfile.encoding=UTF-8 -Dsun.stdout.encoding=UTF-8 -Dsun.stderr.encoding=UTF-8 org.codehaus.classworlds.Launcher -Didea.version=2024.3.3 org.openjfx:javafx-maven-plugin:0.0.8:run

Host: Intel(R) Core(TM) i7-10750H CPU @ 2.60GHz, 12 cores, 15G,  Windows 10 , 64 bit Build 19041 (10.0.19041.5438)
Time: Tue Feb 18 23:35:52 2025 Afr. centrale Ouest elapsed time: 9.968736 seconds (0d 0h 0m 9s)

---------------  T H R E A D  ---------------

Current thread (0x0000023ac7d28600):  JavaThread "C2 CompilerThread1" daemon [_thread_in_native, id=20016, stack(0x0000004302300000,0x0000004302400000) (1024K)]


Current CompileTask:
C2:9968 7253   !   4       com.google.inject.spi.InjectionPoint::getInjectionPoints (491 bytes)

Stack: [0x0000004302300000,0x0000004302400000]
Native frames: (J=compiled Java code, j=interpreted, Vv=VM code, C=native code)
V  [jvm.dll+0x6e0b99]  (no source info available)
V  [jvm.dll+0x87e2b3]  (no source info available)
V  [jvm.dll+0x88073e]  (no source info available)
V  [jvm.dll+0x880e13]  (no source info available)
V  [jvm.dll+0x27b006]  (no source info available)
V  [jvm.dll+0xbc06f]  (no source info available)
V  [jvm.dll+0xbc2cb]  (no source info available)
V  [jvm.dll+0x2eea6d]  (no source info available)
V  [jvm.dll+0x606669]  (no source info available)
V  [jvm.dll+0x24def2]  (no source info available)
V  [jvm.dll+0x24e2d5]  (no source info available)
V  [jvm.dll+0x246c54]  (no source info available)
V  [jvm.dll+0x243e04]  (no source info available)
V  [jvm.dll+0x1c34b0]  (no source info available)
V  [jvm.dll+0x253df1]  (no source info available)
V  [jvm.dll+0x2520aa]  (no source info available)
V  [jvm.dll+0x3ee226]  (no source info available)
V  [jvm.dll+0x8254cb]  (no source info available)
V  [jvm.dll+0x6df345]  (no source info available)
C  [ucrtbase.dll+0x21bb2]  (no source info available)
C  [KERNEL32.DLL+0x17374]  (no source info available)
C  [ntdll.dll+0x4cc91]  (no source info available)

Lock stack of current Java thread (top to bottom):


---------------  P R O C E S S  ---------------

Threads class SMR info:
_java_thread_list=0x0000023ac7ca4ba0, length=14, elements={
0x0000023ad6ce4320, 0x0000023af88b45e0, 0x0000023af88b5500, 0x0000023af88b9360,
0x0000023af88b9dc0, 0x0000023af88ba820, 0x0000023af88bb280, 0x0000023af88c6030,
0x0000023af88ec000, 0x0000023ac50dee50, 0x0000023ac521f360, 0x0000023ac52239e0,
0x0000023ac69247b0, 0x0000023ac7d28600
}

Java Threads: ( => current thread )
  0x0000023ad6ce4320 JavaThread "main"                              [_thread_blocked, id=5336, stack(0x0000004300400000,0x0000004300500000) (1024K)]
  0x0000023af88b45e0 JavaThread "Reference Handler"          daemon [_thread_blocked, id=16088, stack(0x0000004300c00000,0x0000004300d00000) (1024K)]
  0x0000023af88b5500 JavaThread "Finalizer"                  daemon [_thread_blocked, id=10972, stack(0x0000004300d00000,0x0000004300e00000) (1024K)]
  0x0000023af88b9360 JavaThread "Signal Dispatcher"          daemon [_thread_blocked, id=16020, stack(0x0000004300e00000,0x0000004300f00000) (1024K)]
  0x0000023af88b9dc0 JavaThread "Attach Listener"            daemon [_thread_blocked, id=17680, stack(0x0000004300f00000,0x0000004301000000) (1024K)]
  0x0000023af88ba820 JavaThread "Service Thread"             daemon [_thread_blocked, id=18420, stack(0x0000004301000000,0x0000004301100000) (1024K)]
  0x0000023af88bb280 JavaThread "Monitor Deflation Thread"   daemon [_thread_blocked, id=7572, stack(0x0000004301100000,0x0000004301200000) (1024K)]
  0x0000023af88c6030 JavaThread "C2 CompilerThread0"         daemon [_thread_blocked, id=19120, stack(0x0000004301200000,0x0000004301300000) (1024K)]
  0x0000023af88ec000 JavaThread "C1 CompilerThread0"         daemon [_thread_blocked, id=19068, stack(0x0000004301300000,0x0000004301400000) (1024K)]
  0x0000023ac50dee50 JavaThread "Common-Cleaner"             daemon [_thread_blocked, id=12668, stack(0x0000004301400000,0x0000004301500000) (1024K)]
  0x0000023ac521f360 JavaThread "Monitor Ctrl-Break"         daemon [_thread_in_native, id=17132, stack(0x0000004301500000,0x0000004301600000) (1024K)]
  0x0000023ac52239e0 JavaThread "Notification Thread"        daemon [_thread_blocked, id=11904, stack(0x0000004301600000,0x0000004301700000) (1024K)]
  0x0000023ac69247b0 JavaThread "Thread-1"                   daemon [_thread_blocked, id=19420, stack(0x0000004302200000,0x0000004302300000) (1024K)]
=>0x0000023ac7d28600 JavaThread "C2 CompilerThread1"         daemon [_thread_in_native, id=20016, stack(0x0000004302300000,0x0000004302400000) (1024K)]
Total: 14

Other Threads:
  0x0000023af88969b0 VMThread "VM Thread"                           [id=6616, stack(0x0000004300b00000,0x0000004300c00000) (1024K)]
  0x0000023af8886790 WatcherThread "VM Periodic Task Thread"        [id=18068, stack(0x0000004300a00000,0x0000004300b00000) (1024K)]
  0x0000023ad8f6b910 WorkerThread "GC Thread#0"                     [id=5408, stack(0x0000004300500000,0x0000004300600000) (1024K)]
  0x0000023ac634e6d0 WorkerThread "GC Thread#1"                     [id=20360, stack(0x0000004301900000,0x0000004301a00000) (1024K)]
  0x0000023ac56760a0 WorkerThread "GC Thread#2"                     [id=19632, stack(0x0000004301a00000,0x0000004301b00000) (1024K)]
  0x0000023ac5676450 WorkerThread "GC Thread#3"                     [id=15028, stack(0x0000004301b00000,0x0000004301c00000) (1024K)]
  0x0000023ac648d5c0 WorkerThread "GC Thread#4"                     [id=7096, stack(0x0000004301c00000,0x0000004301d00000) (1024K)]
  0x0000023ac648dd80 WorkerThread "GC Thread#5"                     [id=11496, stack(0x0000004301d00000,0x0000004301e00000) (1024K)]
  0x0000023ac63f82b0 WorkerThread "GC Thread#6"                     [id=6488, stack(0x0000004301e00000,0x0000004301f00000) (1024K)]
  0x0000023ac633fb60 WorkerThread "GC Thread#7"                     [id=19672, stack(0x0000004301f00000,0x0000004302000000) (1024K)]
  0x0000023ac6343f20 WorkerThread "GC Thread#8"                     [id=19576, stack(0x0000004302000000,0x0000004302100000) (1024K)]
  0x0000023ac641d120 WorkerThread "GC Thread#9"                     [id=20440, stack(0x0000004302100000,0x0000004302200000) (1024K)]
  0x0000023ad8f806b0 ConcurrentGCThread "G1 Main Marker"            [id=13724, stack(0x0000004300600000,0x0000004300700000) (1024K)]
  0x0000023ad8f810d0 WorkerThread "G1 Conc#0"                       [id=10056, stack(0x0000004300700000,0x0000004300800000) (1024K)]
  0x0000023ac67f2430 WorkerThread "G1 Conc#1"                       [id=16456, stack(0x0000004301700000,0x0000004301800000) (1024K)]
  0x0000023ac67f2f40 WorkerThread "G1 Conc#2"                       [id=4592, stack(0x0000004301800000,0x0000004301900000) (1024K)]
  0x0000023af875a9d0 ConcurrentGCThread "G1 Refine#0"               [id=20324, stack(0x0000004300800000,0x0000004300900000) (1024K)]
  0x0000023af875d220 ConcurrentGCThread "G1 Service"                [id=10268, stack(0x0000004300900000,0x0000004300a00000) (1024K)]
Total: 18

Threads with active compile tasks:
C2 CompilerThread1  10042 7253   !   4       com.google.inject.spi.InjectionPoint::getInjectionPoints (491 bytes)
Total: 1

VM state: not at safepoint (normal execution)

VM Mutex/Monitor currently owned by a thread: None

Heap address: 0x0000000702c00000, size: 4052 MB, Compressed Oops mode: Zero based, Oop shift amount: 3

CDS archive(s) mapped at: [0x0000023a80000000-0x0000023a80d70000-0x0000023a80d70000), size 14090240, SharedBaseAddress: 0x0000023a80000000, ArchiveRelocationMode: 1.
Compressed class space mapped at: 0x0000023a81000000-0x0000023ac1000000, reserved size: 1073741824
Narrow klass base: 0x0000023a80000000, Narrow klass shift: 0, Narrow klass range: 0x41000000

GC Precious Log:
 CardTable entry size: 512
 Card Set container configuration: InlinePtr #cards 4 size 8 Array Of Cards #cards 16 size 48 Howl #buckets 8 coarsen threshold 3686 Howl Bitmap #cards 512 size 80 coarsen threshold 460 Card regions per heap region 1 cards per card region 4096
 CPUs: 12 total, 12 available
 Memory: 16205M
 Large Page Support: Disabled
 NUMA Support: Disabled
 Compressed Oops: Enabled (Zero based)
 Heap Region Size: 2M
 Heap Min Capacity: 8M
 Heap Initial Capacity: 254M
 Heap Max Capacity: 4052M
 Pre-touch: Disabled
 Parallel Workers: 10
 Concurrent Workers: 3
 Concurrent Refinement Workers: 10
 Periodic GC: Disabled

Heap:
 garbage-first heap   total reserved 4149248K, committed 159744K, used 46293K [0x0000000702c00000, 0x0000000800000000)
  region size 2048K, 14 young (28672K), 2 survivors (4096K)
 Metaspace       used 30460K, committed 30848K, reserved 1114112K
  class space    used 3632K, committed 3776K, reserved 1048576K

Heap Regions: E=young(eden), S=young(survivor), O=old, HS=humongous(starts), HC=humongous(continues), CS=collection set, F=free, TAMS=top-at-mark-start, PB=parsable bottom
|   0|0x0000000702c00000, 0x0000000702e00000, 0x0000000702e00000|100%| O|  |TAMS 0x0000000702c00000| PB 0x0000000702c00000| Untracked |  0
|   1|0x0000000702e00000, 0x0000000703000000, 0x0000000703000000|100%| O|  |TAMS 0x0000000702e00000| PB 0x0000000702e00000| Untracked |  0
|   2|0x0000000703000000, 0x0000000703200000, 0x0000000703200000|100%| O|  |TAMS 0x0000000703000000| PB 0x0000000703000000| Untracked |  0
|   3|0x0000000703200000, 0x0000000703400000, 0x0000000703400000|100%| O|  |TAMS 0x0000000703200000| PB 0x0000000703200000| Untracked |  0
|   4|0x0000000703400000, 0x0000000703600000, 0x0000000703600000|100%| O|  |TAMS 0x0000000703400000| PB 0x0000000703400000| Untracked |  0
|   5|0x0000000703600000, 0x0000000703612500, 0x0000000703800000|  3%| O|  |TAMS 0x0000000703600000| PB 0x0000000703600000| Untracked |  0
|   6|0x0000000703800000, 0x0000000703a00000, 0x0000000703a00000|100%| O|  |TAMS 0x0000000703800000| PB 0x0000000703800000| Untracked |  0
|   7|0x0000000703a00000, 0x0000000703c00000, 0x0000000703c00000|100%| O|  |TAMS 0x0000000703a00000| PB 0x0000000703a00000| Untracked |  0
|   8|0x0000000703c00000, 0x0000000703e00000, 0x0000000703e00000|100%| O|  |TAMS 0x0000000703c00000| PB 0x0000000703c00000| Untracked |  0
|   9|0x0000000703e00000, 0x0000000704000000, 0x0000000704000000|100%| O|  |TAMS 0x0000000703e00000| PB 0x0000000703e00000| Untracked |  0
|  10|0x0000000704000000, 0x0000000704200000, 0x0000000704200000|100%| O|  |TAMS 0x0000000704000000| PB 0x0000000704000000| Untracked |  0
|  11|0x0000000704200000, 0x0000000704200000, 0x0000000704400000|  0%| F|  |TAMS 0x0000000704200000| PB 0x0000000704200000| Untracked |  0
|  12|0x0000000704400000, 0x0000000704400000, 0x0000000704600000|  0%| F|  |TAMS 0x0000000704400000| PB 0x0000000704400000| Untracked |  0
|  13|0x0000000704600000, 0x0000000704800000, 0x0000000704800000|100%| O|  |TAMS 0x0000000704600000| PB 0x0000000704600000| Untracked |  0
|  14|0x0000000704800000, 0x0000000704800000, 0x0000000704a00000|  0%| F|  |TAMS 0x0000000704800000| PB 0x0000000704800000| Untracked |  0
|  15|0x0000000704a00000, 0x0000000704b23298, 0x0000000704c00000| 56%| S|CS|TAMS 0x0000000704a00000| PB 0x0000000704a00000| Complete |  0
|  16|0x0000000704c00000, 0x0000000704e00000, 0x0000000704e00000|100%| S|CS|TAMS 0x0000000704c00000| PB 0x0000000704c00000| Complete |  0
|  17|0x0000000704e00000, 0x0000000704e00000, 0x0000000705000000|  0%| F|  |TAMS 0x0000000704e00000| PB 0x0000000704e00000| Untracked |  0
|  18|0x0000000705000000, 0x0000000705000000, 0x0000000705200000|  0%| F|  |TAMS 0x0000000705000000| PB 0x0000000705000000| Untracked |  0
|  19|0x0000000705200000, 0x0000000705200000, 0x0000000705400000|  0%| F|  |TAMS 0x0000000705200000| PB 0x0000000705200000| Untracked |  0
|  20|0x0000000705400000, 0x0000000705400000, 0x0000000705600000|  0%| F|  |TAMS 0x0000000705400000| PB 0x0000000705400000| Untracked |  0
|  21|0x0000000705600000, 0x0000000705600000, 0x0000000705800000|  0%| F|  |TAMS 0x0000000705600000| PB 0x0000000705600000| Untracked |  0
|  22|0x0000000705800000, 0x0000000705800000, 0x0000000705a00000|  0%| F|  |TAMS 0x0000000705800000| PB 0x0000000705800000| Untracked |  0
|  23|0x0000000705a00000, 0x0000000705a00000, 0x0000000705c00000|  0%| F|  |TAMS 0x0000000705a00000| PB 0x0000000705a00000| Untracked |  0
|  24|0x0000000705c00000, 0x0000000705c00000, 0x0000000705e00000|  0%| F|  |TAMS 0x0000000705c00000| PB 0x0000000705c00000| Untracked |  0
|  25|0x0000000705e00000, 0x0000000705e00000, 0x0000000706000000|  0%| F|  |TAMS 0x0000000705e00000| PB 0x0000000705e00000| Untracked |  0
|  26|0x0000000706000000, 0x0000000706000000, 0x0000000706200000|  0%| F|  |TAMS 0x0000000706000000| PB 0x0000000706000000| Untracked |  0
|  27|0x0000000706200000, 0x0000000706200000, 0x0000000706400000|  0%| F|  |TAMS 0x0000000706200000| PB 0x0000000706200000| Untracked |  0
|  28|0x0000000706400000, 0x0000000706400000, 0x0000000706600000|  0%| F|  |TAMS 0x0000000706400000| PB 0x0000000706400000| Untracked |  0
|  29|0x0000000706600000, 0x0000000706600000, 0x0000000706800000|  0%| F|  |TAMS 0x0000000706600000| PB 0x0000000706600000| Untracked |  0
|  30|0x0000000706800000, 0x0000000706800000, 0x0000000706a00000|  0%| F|  |TAMS 0x0000000706800000| PB 0x0000000706800000| Untracked |  0
|  31|0x0000000706a00000, 0x0000000706a00000, 0x0000000706c00000|  0%| F|  |TAMS 0x0000000706a00000| PB 0x0000000706a00000| Untracked |  0
|  32|0x0000000706c00000, 0x0000000706c00000, 0x0000000706e00000|  0%| F|  |TAMS 0x0000000706c00000| PB 0x0000000706c00000| Untracked |  0
|  33|0x0000000706e00000, 0x0000000706e00000, 0x0000000707000000|  0%| F|  |TAMS 0x0000000706e00000| PB 0x0000000706e00000| Untracked |  0
|  34|0x0000000707000000, 0x0000000707000000, 0x0000000707200000|  0%| F|  |TAMS 0x0000000707000000| PB 0x0000000707000000| Untracked |  0
|  35|0x0000000707200000, 0x0000000707200000, 0x0000000707400000|  0%| F|  |TAMS 0x0000000707200000| PB 0x0000000707200000| Untracked |  0
|  36|0x0000000707400000, 0x0000000707400000, 0x0000000707600000|  0%| F|  |TAMS 0x0000000707400000| PB 0x0000000707400000| Untracked |  0
|  37|0x0000000707600000, 0x0000000707600000, 0x0000000707800000|  0%| F|  |TAMS 0x0000000707600000| PB 0x0000000707600000| Untracked |  0
|  38|0x0000000707800000, 0x0000000707800000, 0x0000000707a00000|  0%| F|  |TAMS 0x0000000707800000| PB 0x0000000707800000| Untracked |  0
|  39|0x0000000707a00000, 0x0000000707a00000, 0x0000000707c00000|  0%| F|  |TAMS 0x0000000707a00000| PB 0x0000000707a00000| Untracked |  0
|  40|0x0000000707c00000, 0x0000000707c00000, 0x0000000707e00000|  0%| F|  |TAMS 0x0000000707c00000| PB 0x0000000707c00000| Untracked |  0
|  41|0x0000000707e00000, 0x0000000707e00000, 0x0000000708000000|  0%| F|  |TAMS 0x0000000707e00000| PB 0x0000000707e00000| Untracked |  0
|  42|0x0000000708000000, 0x0000000708000000, 0x0000000708200000|  0%| F|  |TAMS 0x0000000708000000| PB 0x0000000708000000| Untracked |  0
|  43|0x0000000708200000, 0x0000000708200000, 0x0000000708400000|  0%| F|  |TAMS 0x0000000708200000| PB 0x0000000708200000| Untracked |  0
|  44|0x0000000708400000, 0x0000000708400000, 0x0000000708600000|  0%| F|  |TAMS 0x0000000708400000| PB 0x0000000708400000| Untracked |  0
|  45|0x0000000708600000, 0x0000000708600000, 0x0000000708800000|  0%| F|  |TAMS 0x0000000708600000| PB 0x0000000708600000| Untracked |  0
|  46|0x0000000708800000, 0x0000000708800000, 0x0000000708a00000|  0%| F|  |TAMS 0x0000000708800000| PB 0x0000000708800000| Untracked |  0
|  47|0x0000000708a00000, 0x0000000708a00000, 0x0000000708c00000|  0%| F|  |TAMS 0x0000000708a00000| PB 0x0000000708a00000| Untracked |  0
|  48|0x0000000708c00000, 0x0000000708c00000, 0x0000000708e00000|  0%| F|  |TAMS 0x0000000708c00000| PB 0x0000000708c00000| Untracked |  0
|  49|0x0000000708e00000, 0x0000000708e00000, 0x0000000709000000|  0%| F|  |TAMS 0x0000000708e00000| PB 0x0000000708e00000| Untracked |  0
|  50|0x0000000709000000, 0x0000000709000000, 0x0000000709200000|  0%| F|  |TAMS 0x0000000709000000| PB 0x0000000709000000| Untracked |  0
|  51|0x0000000709200000, 0x0000000709200000, 0x0000000709400000|  0%| F|  |TAMS 0x0000000709200000| PB 0x0000000709200000| Untracked |  0
|  52|0x0000000709400000, 0x0000000709400000, 0x0000000709600000|  0%| F|  |TAMS 0x0000000709400000| PB 0x0000000709400000| Untracked |  0
|  53|0x0000000709600000, 0x0000000709600000, 0x0000000709800000|  0%| F|  |TAMS 0x0000000709600000| PB 0x0000000709600000| Untracked |  0
|  54|0x0000000709800000, 0x0000000709800000, 0x0000000709a00000|  0%| F|  |TAMS 0x0000000709800000| PB 0x0000000709800000| Untracked |  0
|  55|0x0000000709a00000, 0x0000000709a00000, 0x0000000709c00000|  0%| F|  |TAMS 0x0000000709a00000| PB 0x0000000709a00000| Untracked |  0
|  56|0x0000000709c00000, 0x0000000709c00000, 0x0000000709e00000|  0%| F|  |TAMS 0x0000000709c00000| PB 0x0000000709c00000| Untracked |  0
|  57|0x0000000709e00000, 0x0000000709e00000, 0x000000070a000000|  0%| F|  |TAMS 0x0000000709e00000| PB 0x0000000709e00000| Untracked |  0
|  58|0x000000070a000000, 0x000000070a000000, 0x000000070a200000|  0%| F|  |TAMS 0x000000070a000000| PB 0x000000070a000000| Untracked |  0
|  59|0x000000070a200000, 0x000000070a200000, 0x000000070a400000|  0%| F|  |TAMS 0x000000070a200000| PB 0x000000070a200000| Untracked |  0
|  60|0x000000070a400000, 0x000000070a400000, 0x000000070a600000|  0%| F|  |TAMS 0x000000070a400000| PB 0x000000070a400000| Untracked |  0
|  61|0x000000070a600000, 0x000000070a600000, 0x000000070a800000|  0%| F|  |TAMS 0x000000070a600000| PB 0x000000070a600000| Untracked |  0
|  62|0x000000070a800000, 0x000000070a800000, 0x000000070aa00000|  0%| F|  |TAMS 0x000000070a800000| PB 0x000000070a800000| Untracked |  0
|  63|0x000000070aa00000, 0x000000070aa00000, 0x000000070ac00000|  0%| F|  |TAMS 0x000000070aa00000| PB 0x000000070aa00000| Untracked |  0
|  64|0x000000070ac00000, 0x000000070ac00000, 0x000000070ae00000|  0%| F|  |TAMS 0x000000070ac00000| PB 0x000000070ac00000| Untracked |  0
|  65|0x000000070ae00000, 0x000000070ae00000, 0x000000070b000000|  0%| F|  |TAMS 0x000000070ae00000| PB 0x000000070ae00000| Untracked |  0
|  66|0x000000070b000000, 0x000000070b0fa758, 0x000000070b200000| 48%| E|  |TAMS 0x000000070b000000| PB 0x000000070b000000| Complete |  0
|  67|0x000000070b200000, 0x000000070b400000, 0x000000070b400000|100%| E|CS|TAMS 0x000000070b200000| PB 0x000000070b200000| Complete |  0
|  68|0x000000070b400000, 0x000000070b600000, 0x000000070b600000|100%| E|  |TAMS 0x000000070b400000| PB 0x000000070b400000| Complete |  0
|  69|0x000000070b600000, 0x000000070b800000, 0x000000070b800000|100%| E|CS|TAMS 0x000000070b600000| PB 0x000000070b600000| Complete |  0
|  70|0x000000070b800000, 0x000000070ba00000, 0x000000070ba00000|100%| E|CS|TAMS 0x000000070b800000| PB 0x000000070b800000| Complete |  0
|  71|0x000000070ba00000, 0x000000070bc00000, 0x000000070bc00000|100%| E|CS|TAMS 0x000000070ba00000| PB 0x000000070ba00000| Complete |  0
|  72|0x000000070bc00000, 0x000000070be00000, 0x000000070be00000|100%| E|CS|TAMS 0x000000070bc00000| PB 0x000000070bc00000| Complete |  0
|  73|0x000000070be00000, 0x000000070c000000, 0x000000070c000000|100%| E|CS|TAMS 0x000000070be00000| PB 0x000000070be00000| Complete |  0
|  74|0x000000070c000000, 0x000000070c200000, 0x000000070c200000|100%| E|CS|TAMS 0x000000070c000000| PB 0x000000070c000000| Complete |  0
|  75|0x000000070c200000, 0x000000070c400000, 0x000000070c400000|100%| E|CS|TAMS 0x000000070c200000| PB 0x000000070c200000| Complete |  0
| 120|0x0000000711c00000, 0x0000000711e00000, 0x0000000711e00000|100%| E|CS|TAMS 0x0000000711c00000| PB 0x0000000711c00000| Complete |  0
| 126|0x0000000712800000, 0x0000000712a00000, 0x0000000712a00000|100%| E|CS|TAMS 0x0000000712800000| PB 0x0000000712800000| Complete |  0

Card table byte_map: [0x0000023af1490000,0x0000023af1c80000] _byte_map_base: 0x0000023aedc7a000

Marking Bits: (CMBitMap*) 0x0000023ad8f6bf30
 Bits: [0x0000023af1c80000, 0x0000023af5bd0000)

Polling page: 0x0000023ad6f50000

Metaspace:

Usage:
  Non-class:     26.20 MB used.
      Class:      3.55 MB used.
       Both:     29.75 MB used.

Virtual space:
  Non-class space:       64.00 MB reserved,      26.44 MB ( 41%) committed,  1 nodes.
      Class space:        1.00 GB reserved,       3.69 MB ( <1%) committed,  1 nodes.
             Both:        1.06 GB reserved,      30.12 MB (  3%) committed. 

Chunk freelists:
   Non-Class:  5.11 MB
       Class:  12.31 MB
        Both:  17.42 MB

MaxMetaspaceSize: unlimited
CompressedClassSpaceSize: 1.00 GB
Initial GC threshold: 21.00 MB
Current GC threshold: 35.12 MB
CDS: on
 - commit_granule_bytes: 65536.
 - commit_granule_words: 8192.
 - virtual_space_node_default_size: 8388608.
 - enlarge_chunks_in_place: 1.
 - use_allocation_guard: 0.


Internal statistics:

num_allocs_failed_limit: 3.
num_arena_births: 320.
num_arena_deaths: 0.
num_vsnodes_births: 2.
num_vsnodes_deaths: 0.
num_space_committed: 482.
num_space_uncommitted: 0.
num_chunks_returned_to_freelist: 3.
num_chunks_taken_from_freelist: 1394.
num_chunk_merges: 3.
num_chunk_splits: 973.
num_chunks_enlarged: 762.
num_inconsistent_stats: 0.

CodeHeap 'non-profiled nmethods': size=120064Kb used=2923Kb max_used=2923Kb free=117140Kb
 bounds [0x0000023ae9100000, 0x0000023ae93e0000, 0x0000023af0640000]
CodeHeap 'profiled nmethods': size=120000Kb used=12723Kb max_used=12723Kb free=107276Kb
 bounds [0x0000023ae1640000, 0x0000023ae22b0000, 0x0000023ae8b70000]
CodeHeap 'non-nmethods': size=5696Kb used=1471Kb max_used=1557Kb free=4225Kb
 bounds [0x0000023ae8b70000, 0x0000023ae8de0000, 0x0000023ae9100000]
CodeCache: size=245760Kb, used=17117Kb, max_used=17203Kb, free=228641Kb
 total_blobs=7961, nmethods=7399, adapters=467, full_count=0
Compilation: enabled, stopped_count=0, restarted_count=0

Compilation events (20 events):
Event: 9.886 Thread 0x0000023af88ec000 7353       3       java.lang.invoke.AbstractValidatingLambdaMetafactory::isAdaptableToAsReturnStrict (34 bytes)
Event: 9.886 Thread 0x0000023af88ec000 nmethod 7353 0x0000023ae229b208 code [0x0000023ae229b360, 0x0000023ae229b8c0]
Event: 9.886 Thread 0x0000023af88ec000 7354       3       java.lang.invoke.InnerClassLambdaMetafactory::spinInnerClass (124 bytes)
Event: 9.886 Thread 0x0000023af88ec000 nmethod 7354 0x0000023ae229b908 code [0x0000023ae229ba60, 0x0000023ae229bdf8]
Event: 9.886 Thread 0x0000023af88ec000 7355       3       java.lang.invoke.LambdaProxyClassArchive::find (47 bytes)
Event: 9.887 Thread 0x0000023af88ec000 nmethod 7355 0x0000023ae229be88 code [0x0000023ae229c020, 0x0000023ae229c738]
Event: 9.887 Thread 0x0000023af88ec000 7356       3       java.lang.invoke.LambdaProxyClassArchive::loadedByBuiltinLoader (22 bytes)
Event: 9.887 Thread 0x0000023af88ec000 nmethod 7356 0x0000023ae229c788 code [0x0000023ae229c8c0, 0x0000023ae229cc80]
Event: 9.887 Thread 0x0000023af88ec000 7357       3       java.lang.invoke.MethodHandles$Lookup::findConstructor (61 bytes)
Event: 9.887 Thread 0x0000023af88ec000 nmethod 7357 0x0000023ae229cd08 code [0x0000023ae229cf00, 0x0000023ae229d718]
Event: 9.887 Thread 0x0000023af88ec000 7358       3       java.lang.invoke.MethodHandles$Lookup::getDirectConstructor (10 bytes)
Event: 9.887 Thread 0x0000023af88ec000 nmethod 7358 0x0000023ae229d788 code [0x0000023ae229d8a0, 0x0000023ae229d9e0]
Event: 9.887 Thread 0x0000023af88ec000 7360       3       java.lang.invoke.LambdaForm$DMH/0x0000023a811f0000::invokeStatic (31 bytes)
Event: 9.888 Thread 0x0000023af88ec000 nmethod 7360 0x0000023ae229da88 code [0x0000023ae229dbc0, 0x0000023ae229e010]
Event: 9.888 Thread 0x0000023af88ec000 7361       3       java.lang.invoke.SimpleMethodHandle::copyWithExtendL (7 bytes)
Event: 9.888 Thread 0x0000023af88ec000 nmethod 7361 0x0000023ae229e088 code [0x0000023ae229e1c0, 0x0000023ae229e358]
Event: 9.888 Thread 0x0000023af88ec000 7362       3       java.util.concurrent.ConcurrentHashMap::getOrDefault (16 bytes)
Event: 9.888 Thread 0x0000023af88ec000 nmethod 7362 0x0000023ae229e388 code [0x0000023ae229e4c0, 0x0000023ae229e660]
Event: 9.890 Thread 0x0000023af88ec000 7363       3       jdk.internal.misc.Blocker::begin (38 bytes)
Event: 9.890 Thread 0x0000023af88ec000 nmethod 7363 0x0000023ae229e688 code [0x0000023ae229e800, 0x0000023ae229eef0]

GC Heap History (16 events):
Event: 3.243 GC heap before
{Heap before GC invocations=0 (full 0):
 garbage-first heap   total reserved 4149248K, committed 260096K, used 24576K [0x0000000702c00000, 0x0000000800000000)
  region size 2048K, 12 young (24576K), 0 survivors (0K)
 Metaspace       used 6289K, committed 6464K, reserved 1114112K
  class space    used 763K, committed 832K, reserved 1048576K
}
Event: 3.247 GC heap after
{Heap after GC invocations=1 (full 0):
 garbage-first heap   total reserved 4149248K, committed 260096K, used 4069K [0x0000000702c00000, 0x0000000800000000)
  region size 2048K, 2 young (4096K), 2 survivors (4096K)
 Metaspace       used 6289K, committed 6464K, reserved 1114112K
  class space    used 763K, committed 832K, reserved 1048576K
}
Event: 3.539 GC heap before
{Heap before GC invocations=1 (full 0):
 garbage-first heap   total reserved 4149248K, committed 260096K, used 26597K [0x0000000702c00000, 0x0000000800000000)
  region size 2048K, 13 young (26624K), 2 survivors (4096K)
 Metaspace       used 8491K, committed 8640K, reserved 1114112K
  class space    used 1017K, committed 1088K, reserved 1048576K
}
Event: 3.543 GC heap after
{Heap after GC invocations=2 (full 0):
 garbage-first heap   total reserved 4149248K, committed 260096K, used 4980K [0x0000000702c00000, 0x0000000800000000)
  region size 2048K, 1 young (2048K), 1 survivors (2048K)
 Metaspace       used 8491K, committed 8640K, reserved 1114112K
  class space    used 1017K, committed 1088K, reserved 1048576K
}
Event: 5.537 GC heap before
{Heap before GC invocations=2 (full 0):
 garbage-first heap   total reserved 4149248K, committed 260096K, used 72564K [0x0000000702c00000, 0x0000000800000000)
  region size 2048K, 34 young (69632K), 1 survivors (2048K)
 Metaspace       used 17324K, committed 17600K, reserved 1114112K
  class space    used 2122K, committed 2240K, reserved 1048576K
}
Event: 5.541 GC heap after
{Heap after GC invocations=3 (full 0):
 garbage-first heap   total reserved 4149248K, committed 260096K, used 10482K [0x0000000702c00000, 0x0000000800000000)
  region size 2048K, 4 young (8192K), 4 survivors (8192K)
 Metaspace       used 17324K, committed 17600K, reserved 1114112K
  class space    used 2122K, committed 2240K, reserved 1048576K
}
Event: 6.281 GC heap before
{Heap before GC invocations=3 (full 0):
 garbage-first heap   total reserved 4149248K, committed 260096K, used 20722K [0x0000000702c00000, 0x0000000800000000)
  region size 2048K, 10 young (20480K), 4 survivors (8192K)
 Metaspace       used 21167K, committed 21504K, reserved 1114112K
  class space    used 2592K, committed 2752K, reserved 1048576K
}
Event: 6.286 GC heap after
{Heap after GC invocations=4 (full 0):
 garbage-first heap   total reserved 4149248K, committed 260096K, used 11903K [0x0000000702c00000, 0x0000000800000000)
  region size 2048K, 1 young (2048K), 1 survivors (2048K)
 Metaspace       used 21167K, committed 21504K, reserved 1114112K
  class space    used 2592K, committed 2752K, reserved 1048576K
}
Event: 6.930 GC heap before
{Heap before GC invocations=5 (full 0):
 garbage-first heap   total reserved 4149248K, committed 49152K, used 46719K [0x0000000702c00000, 0x0000000800000000)
  region size 2048K, 18 young (36864K), 1 survivors (2048K)
 Metaspace       used 26297K, committed 26688K, reserved 1114112K
  class space    used 3174K, committed 3328K, reserved 1048576K
}
Event: 6.939 GC heap after
{Heap after GC invocations=6 (full 0):
 garbage-first heap   total reserved 4149248K, committed 59392K, used 19906K [0x0000000702c00000, 0x0000000800000000)
  region size 2048K, 5 young (10240K), 5 survivors (10240K)
 Metaspace       used 26297K, committed 26688K, reserved 1114112K
  class space    used 3174K, committed 3328K, reserved 1048576K
}
Event: 7.279 GC heap before
{Heap before GC invocations=6 (full 0):
 garbage-first heap   total reserved 4149248K, committed 59392K, used 42434K [0x0000000702c00000, 0x0000000800000000)
  region size 2048K, 16 young (32768K), 5 survivors (10240K)
 Metaspace       used 27847K, committed 28160K, reserved 1114112K
  class space    used 3342K, committed 3456K, reserved 1048576K
}
Event: 7.291 GC heap after
{Heap after GC invocations=7 (full 0):
 garbage-first heap   total reserved 4149248K, committed 59392K, used 23044K [0x0000000702c00000, 0x0000000800000000)
  region size 2048K, 2 young (4096K), 2 survivors (4096K)
 Metaspace       used 27847K, committed 28160K, reserved 1114112K
  class space    used 3342K, committed 3456K, reserved 1048576K
}
Event: 7.718 GC heap before
{Heap before GC invocations=7 (full 0):
 garbage-first heap   total reserved 4149248K, committed 59392K, used 43524K [0x0000000702c00000, 0x0000000800000000)
  region size 2048K, 12 young (24576K), 2 survivors (4096K)
 Metaspace       used 28704K, committed 29056K, reserved 1114112K
  class space    used 3415K, committed 3584K, reserved 1048576K
}
Event: 7.726 GC heap after
{Heap after GC invocations=8 (full 0):
 garbage-first heap   total reserved 4149248K, committed 59392K, used 24649K [0x0000000702c00000, 0x0000000800000000)
  region size 2048K, 1 young (2048K), 1 survivors (2048K)
 Metaspace       used 28704K, committed 29056K, reserved 1114112K
  class space    used 3415K, committed 3584K, reserved 1048576K
}
Event: 8.519 GC heap before
{Heap before GC invocations=8 (full 0):
 garbage-first heap   total reserved 4149248K, committed 59392K, used 47177K [0x0000000702c00000, 0x0000000800000000)
  region size 2048K, 12 young (24576K), 1 survivors (2048K)
 Metaspace       used 28906K, committed 29312K, reserved 1114112K
  class space    used 3416K, committed 3648K, reserved 1048576K
}
Event: 8.524 GC heap after
{Heap after GC invocations=9 (full 0):
 garbage-first heap   total reserved 4149248K, committed 159744K, used 25813K [0x0000000702c00000, 0x0000000800000000)
  region size 2048K, 2 young (4096K), 2 survivors (4096K)
 Metaspace       used 28906K, committed 29312K, reserved 1114112K
  class space    used 3416K, committed 3648K, reserved 1048576K
}

Dll operation events (12 events):
Event: 0.039 Loaded shared library C:\Users\MSI\.jdks\openjdk-23.0.2\bin\java.dll
Event: 0.074 Loaded shared library C:\Users\MSI\.jdks\openjdk-23.0.2\bin\jsvml.dll
Event: 0.104 Loaded shared library C:\Users\MSI\.jdks\openjdk-23.0.2\bin\zip.dll
Event: 0.106 Loaded shared library C:\Users\MSI\.jdks\openjdk-23.0.2\bin\instrument.dll
Event: 0.109 Loaded shared library C:\Users\MSI\.jdks\openjdk-23.0.2\bin\net.dll
Event: 0.110 Loaded shared library C:\Users\MSI\.jdks\openjdk-23.0.2\bin\nio.dll
Event: 0.125 Loaded shared library C:\Users\MSI\.jdks\openjdk-23.0.2\bin\zip.dll
Event: 0.147 Loaded shared library C:\Program Files\JetBrains\IntelliJ IDEA 2024.3.3\bin\breakgen64.dll
Event: 0.153 Loaded shared library C:\Users\MSI\.jdks\openjdk-23.0.2\bin\extnet.dll
Event: 2.568 Loaded shared library C:\Users\MSI\.jdks\openjdk-23.0.2\bin\jimage.dll
Event: 2.608 Loaded shared library C:\Users\MSI\AppData\Local\Temp\jansi-2.4.1-5fc97b0c8d22d729-jansi.dll
Event: 2.627 Loaded shared library C:\Users\MSI\.jdks\openjdk-23.0.2\bin\verify.dll

Deoptimization events (20 events):
Event: 9.858 Thread 0x0000023ad6ce4320 Uncommon trap: trap_request=0xffffffc6 fr.pc=0x0000023ae9244384 relative=0x00000000000005e4
Event: 9.858 Thread 0x0000023ad6ce4320 Uncommon trap: reason=bimorphic_or_optimized_type_check action=maybe_recompile pc=0x0000023ae9244384 method=java.util.regex.Pattern$BmpCharPropertyGreedy.match(Ljava/util/regex/Matcher;ILjava/lang/CharSequence;)Z @ 26 c2
Event: 9.858 Thread 0x0000023ad6ce4320 DEOPT PACKING pc=0x0000023ae9244384 sp=0x00000043004fde90
Event: 9.858 Thread 0x0000023ad6ce4320 DEOPT UNPACKING pc=0x0000023ae8bc4402 sp=0x00000043004fde28 mode 2
Event: 9.865 Thread 0x0000023ad6ce4320 Uncommon trap: trap_request=0xffffffec fr.pc=0x0000023ae91c9ca8 relative=0x0000000000000088
Event: 9.865 Thread 0x0000023ad6ce4320 Uncommon trap: reason=null_assert_or_unreached0 action=make_not_entrant pc=0x0000023ae91c9ca8 method=java.util.jar.JarFile.maybeInstantiateVerifier()V @ 4 c2
Event: 9.865 Thread 0x0000023ad6ce4320 DEOPT PACKING pc=0x0000023ae91c9ca8 sp=0x00000043004fdf80
Event: 9.865 Thread 0x0000023ad6ce4320 DEOPT UNPACKING pc=0x0000023ae8bc4402 sp=0x00000043004fdf10 mode 2
Event: 9.866 Thread 0x0000023ad6ce4320 Uncommon trap: trap_request=0xffffff45 fr.pc=0x0000023ae91924d4 relative=0x0000000000000054
Event: 9.866 Thread 0x0000023ad6ce4320 Uncommon trap: reason=unstable_if action=reinterpret pc=0x0000023ae91924d4 method=jdk.internal.module.ModuleReferenceImpl.hashCode()I @ 6 c2
Event: 9.866 Thread 0x0000023ad6ce4320 DEOPT PACKING pc=0x0000023ae91924d4 sp=0x00000043004fdf90
Event: 9.866 Thread 0x0000023ad6ce4320 DEOPT UNPACKING pc=0x0000023ae8bc4402 sp=0x00000043004fdf20 mode 2
Event: 9.879 Thread 0x0000023ad6ce4320 Uncommon trap: trap_request=0xffffffbe fr.pc=0x0000023ae91de008 relative=0x0000000000001268
Event: 9.879 Thread 0x0000023ad6ce4320 Uncommon trap: reason=profile_predicate action=maybe_recompile pc=0x0000023ae91de008 method=java.util.TimSort.binarySort([Ljava/lang/Object;IIILjava/util/Comparator;)V @ 34 c2
Event: 9.879 Thread 0x0000023ad6ce4320 DEOPT PACKING pc=0x0000023ae91de008 sp=0x00000043004fde60
Event: 9.879 Thread 0x0000023ad6ce4320 DEOPT UNPACKING pc=0x0000023ae8bc4402 sp=0x00000043004fde30 mode 2
Event: 9.879 Thread 0x0000023ad6ce4320 Uncommon trap: trap_request=0xffffffbe fr.pc=0x0000023ae91de008 relative=0x0000000000001268
Event: 9.879 Thread 0x0000023ad6ce4320 Uncommon trap: reason=profile_predicate action=maybe_recompile pc=0x0000023ae91de008 method=java.util.TimSort.binarySort([Ljava/lang/Object;IIILjava/util/Comparator;)V @ 34 c2
Event: 9.879 Thread 0x0000023ad6ce4320 DEOPT PACKING pc=0x0000023ae91de008 sp=0x00000043004fde60
Event: 9.879 Thread 0x0000023ad6ce4320 DEOPT UNPACKING pc=0x0000023ae8bc4402 sp=0x00000043004fde30 mode 2

Classes loaded (20 events):
Event: 9.887 Loading class jdk/internal/logger/LazyLoggers
Event: 9.887 Loading class jdk/internal/logger/LazyLoggers done
Event: 9.887 Loading class jdk/internal/logger/LazyLoggers$1
Event: 9.887 Loading class jdk/internal/logger/LazyLoggers$1 done
Event: 9.887 Loading class jdk/internal/logger/LazyLoggers$LazyLoggerFactories
Event: 9.887 Loading class jdk/internal/logger/LazyLoggers$LazyLoggerFactories done
Event: 9.887 Loading class jdk/internal/logger/LoggerFinderLoader
Event: 9.888 Loading class jdk/internal/logger/LoggerFinderLoader done
Event: 9.888 Loading class jdk/internal/logger/LoggerFinderLoader$TemporaryLoggerFinder
Event: 9.888 Loading class jdk/internal/logger/LoggerFinderLoader$TemporaryLoggerFinder done
Event: 9.888 Loading class sun/util/logging/internal/LoggingProviderImpl$JULWrapper
Event: 9.888 Loading class sun/util/logging/PlatformLogger$ConfigurableBridge$LoggerConfiguration
Event: 9.888 Loading class sun/util/logging/PlatformLogger$ConfigurableBridge$LoggerConfiguration done
Event: 9.888 Loading class sun/util/logging/internal/LoggingProviderImpl$JULWrapper done
Event: 9.888 Loading class java/lang/System$Logger$Level
Event: 9.888 Loading class java/lang/System$Logger$Level done
Event: 9.889 Loading class java/io/PipedOutputStream
Event: 9.889 Loading class java/io/PipedOutputStream done
Event: 9.890 Loading class jdk/internal/event/ThreadSleepEvent
Event: 9.890 Loading class jdk/internal/event/ThreadSleepEvent done

Classes unloaded (0 events):
No events

Classes redefined (0 events):
No events

Internal exceptions (20 events):
Event: 7.371 Thread 0x0000023ad6ce4320 Exception <a 'sun/nio/fs/WindowsException'{0x0000000711d8a6b0}> (0x0000000711d8a6b0) 
thrown [s\open\src\hotspot\share\prims\jni.cpp, line 520]
Event: 7.387 Thread 0x0000023ad6ce4320 Exception <a 'sun/nio/fs/WindowsException'{0x000000070601c218}> (0x000000070601c218) 
thrown [s\open\src\hotspot\share\prims\jni.cpp, line 520]
Event: 7.397 Thread 0x0000023ad6ce4320 Exception <a 'sun/nio/fs/WindowsException'{0x000000070605f118}> (0x000000070605f118) 
thrown [s\open\src\hotspot\share\prims\jni.cpp, line 520]
Event: 7.467 Thread 0x0000023ad6ce4320 Exception <a 'sun/nio/fs/WindowsException'{0x0000000705cc7280}> (0x0000000705cc7280) 
thrown [s\open\src\hotspot\share\prims\jni.cpp, line 520]
Event: 7.469 Thread 0x0000023ad6ce4320 Exception <a 'sun/nio/fs/WindowsException'{0x0000000705cd0c18}> (0x0000000705cd0c18) 
thrown [s\open\src\hotspot\share\prims\jni.cpp, line 520]
Event: 7.472 Thread 0x0000023ad6ce4320 Exception <a 'sun/nio/fs/WindowsException'{0x0000000705ceec58}> (0x0000000705ceec58) 
thrown [s\open\src\hotspot\share\prims\jni.cpp, line 520]
Event: 7.494 Thread 0x0000023ad6ce4320 Exception <a 'sun/nio/fs/WindowsException'{0x0000000705a41db0}> (0x0000000705a41db0) 
thrown [s\open\src\hotspot\share\prims\jni.cpp, line 520]
Event: 7.562 Thread 0x0000023ad6ce4320 Exception <a 'java/lang/NoSuchMethodError'{0x0000000705770e60}: 'java.lang.Object java.lang.invoke.DirectMethodHandle$Holder.invokeStatic(java.lang.Object, int, java.lang.Object, java.lang.Object)'> (0x0000000705770e60) 
thrown [s\open\src\hotspot\share\interpreter\linkResolver.cpp, line 796]
Event: 7.562 Thread 0x0000023ad6ce4320 Exception <a 'java/lang/NoSuchMethodError'{0x0000000705775300}: 'java.lang.Object java.lang.invoke.DirectMethodHandle$Holder.invokeSpecial(java.lang.Object, java.lang.Object, int, java.lang.Object, java.lang.Object)'> (0x0000000705775300) 
thrown [s\open\src\hotspot\share\interpreter\linkResolver.cpp, line 796]
Event: 7.562 Thread 0x0000023ad6ce4320 Exception <a 'java/lang/NoSuchMethodError'{0x00000007057791f8}: 'java.lang.Object java.lang.invoke.DelegatingMethodHandle$Holder.delegate(java.lang.Object, int, java.lang.Object, java.lang.Object)'> (0x00000007057791f8) 
thrown [s\open\src\hotspot\share\interpreter\linkResolver.cpp, line 796]
Event: 7.564 Thread 0x0000023ad6ce4320 Exception <a 'java/lang/NoSuchMethodError'{0x0000000705789210}: 'int java.lang.invoke.Invokers$Holder.linkToTargetMethod(java.lang.Object, java.lang.Object, java.lang.Object)'> (0x0000000705789210) 
thrown [s\open\src\hotspot\share\interpreter\linkResolver.cpp, line 796]
Event: 9.851 Thread 0x0000023ad6ce4320 Exception <a 'sun/nio/fs/WindowsException'{0x000000070b792198}> (0x000000070b792198) 
thrown [s\open\src\hotspot\share\prims\jni.cpp, line 520]
Event: 9.851 Thread 0x0000023ad6ce4320 Exception <a 'sun/nio/fs/WindowsException'{0x000000070b7929a0}> (0x000000070b7929a0) 
thrown [s\open\src\hotspot\share\prims\jni.cpp, line 520]
Event: 9.853 Thread 0x0000023ad6ce4320 Exception <a 'sun/nio/fs/WindowsException'{0x000000070b7b19f8}> (0x000000070b7b19f8) 
thrown [s\open\src\hotspot\share\prims\jni.cpp, line 520]
Event: 9.854 Thread 0x0000023ad6ce4320 Exception <a 'sun/nio/fs/WindowsException'{0x000000070b7b6a98}> (0x000000070b7b6a98) 
thrown [s\open\src\hotspot\share\prims\jni.cpp, line 520]
Event: 9.854 Thread 0x0000023ad6ce4320 Exception <a 'sun/nio/fs/WindowsException'{0x000000070b7b9b98}> (0x000000070b7b9b98) 
thrown [s\open\src\hotspot\share\prims\jni.cpp, line 520]
Event: 9.883 Thread 0x0000023ad6ce4320 Exception <a 'java/lang/NoSuchMethodError'{0x000000070b2696f8}: 'void java.lang.invoke.DirectMethodHandle$Holder.invokeStatic(java.lang.Object, long)'> (0x000000070b2696f8) 
thrown [s\open\src\hotspot\share\interpreter\linkResolver.cpp, line 796]
Event: 9.883 Thread 0x0000023ad6ce4320 Exception <a 'java/lang/NoSuchMethodError'{0x000000070b26e590}: 'java.lang.Object java.lang.invoke.DirectMethodHandle$Holder.newInvokeSpecial(java.lang.Object, long)'> (0x000000070b26e590) 
thrown [s\open\src\hotspot\share\interpreter\linkResolver.cpp, line 796]
Event: 9.884 Thread 0x0000023ad6ce4320 Exception <a 'java/lang/NoSuchMethodError'{0x000000070b275398}: 'java.lang.Object java.lang.invoke.DirectMethodHandle$Holder.invokeStatic(java.lang.Object, long, java.lang.Object)'> (0x000000070b275398) 
thrown [s\open\src\hotspot\share\interpreter\linkResolver.cpp, line 796]
Event: 9.884 Thread 0x0000023ad6ce4320 Exception <a 'java/lang/NoSuchMethodError'{0x000000070b278b68}: 'java.lang.Object java.lang.invoke.DirectMethodHandle$Holder.invokeStaticInit(java.lang.Object, long, java.lang.Object)'> (0x000000070b278b68) 
thrown [s\open\src\hotspot\share\interpreter\linkResolver.cpp, line 796]

VM Operations (20 events):
Event: 7.043 Executing VM operation: HandshakeAllThreads (Deoptimize)
Event: 7.043 Executing VM operation: HandshakeAllThreads (Deoptimize) done
Event: 7.046 Executing VM operation: HandshakeAllThreads (Deoptimize)
Event: 7.047 Executing VM operation: HandshakeAllThreads (Deoptimize) done
Event: 7.259 Executing VM operation: HandshakeAllThreads (Deoptimize)
Event: 7.259 Executing VM operation: HandshakeAllThreads (Deoptimize) done
Event: 7.259 Executing VM operation: HandshakeAllThreads (Deoptimize)
Event: 7.259 Executing VM operation: HandshakeAllThreads (Deoptimize) done
Event: 7.279 Executing VM operation: G1CollectForAllocation (G1 Evacuation Pause)
Event: 7.291 Executing VM operation: G1CollectForAllocation (G1 Evacuation Pause) done
Event: 7.395 Executing VM operation: HandshakeAllThreads (Deoptimize)
Event: 7.395 Executing VM operation: HandshakeAllThreads (Deoptimize) done
Event: 7.718 Executing VM operation: G1CollectForAllocation (G1 Evacuation Pause)
Event: 7.726 Executing VM operation: G1CollectForAllocation (G1 Evacuation Pause) done
Event: 8.519 Executing VM operation: G1CollectForAllocation (G1 Evacuation Pause)
Event: 8.524 Executing VM operation: G1CollectForAllocation (G1 Evacuation Pause) done
Event: 9.789 Executing VM operation: HandshakeAllThreads (Deoptimize)
Event: 9.789 Executing VM operation: HandshakeAllThreads (Deoptimize) done
Event: 9.796 Executing VM operation: HandshakeAllThreads (Deoptimize)
Event: 9.796 Executing VM operation: HandshakeAllThreads (Deoptimize) done

Memory protections (0 events):
No events

Nmethod flushes (0 events):
No events

Events (20 events):
Event: 2.760 Thread 0x0000023ac55764a0 Thread exited: 0x0000023ac55764a0
Event: 2.999 Thread 0x0000023af88ec000 Thread added: 0x0000023ac5672a40
Event: 3.221 Thread 0x0000023af88ec000 Thread added: 0x0000023ac5a6f250
Event: 4.095 Thread 0x0000023ad6ce4320 Thread added: 0x0000023ac69247b0
Event: 4.521 Thread 0x0000023ac5672a40 Thread exited: 0x0000023ac5672a40
Event: 4.521 Thread 0x0000023ac5a6f250 Thread exited: 0x0000023ac5a6f250
Event: 4.748 Thread 0x0000023af88ec000 Thread added: 0x0000023ac6738cc0
Event: 5.195 Thread 0x0000023ac6738cc0 Thread exited: 0x0000023ac6738cc0
Event: 5.213 Thread 0x0000023af88ec000 Thread added: 0x0000023ac6738cc0
Event: 5.832 Thread 0x0000023ac6738cc0 Thread exited: 0x0000023ac6738cc0
Event: 6.446 Thread 0x0000023af88ec000 Thread added: 0x0000023ac766e420
Event: 6.446 Thread 0x0000023af88ec000 Thread added: 0x0000023ac7805fb0
Event: 7.876 Thread 0x0000023ac7805fb0 Thread exited: 0x0000023ac7805fb0
Event: 7.963 Thread 0x0000023ac766e420 Thread exited: 0x0000023ac766e420
Event: 9.755 Thread 0x0000023af88c6030 Thread added: 0x0000023ac7d28600
Event: 9.890 Thread 0x0000023ad6ce4320 Thread added: 0x0000023ac7e7b9b0
Event: 9.890 Thread 0x0000023ad6ce4320 Thread added: 0x0000023ac7e7e350
Event: 9.890 Thread 0x0000023ad6ce4320 Thread added: 0x0000023ac893ed90
Event: 9.966 Thread 0x0000023ac7e7b9b0 Thread exited: 0x0000023ac7e7b9b0
Event: 9.966 Thread 0x0000023ac7e7e350 Thread exited: 0x0000023ac7e7e350


Dynamic libraries:
0x00007ff612c60000 - 0x00007ff612c6e000 	C:\Users\MSI\.jdks\openjdk-23.0.2\bin\java.exe
0x00007fffe1ff0000 - 0x00007fffe21e8000 	C:\WINDOWS\SYSTEM32\ntdll.dll
0x00007fffe0010000 - 0x00007fffe00d2000 	C:\WINDOWS\System32\KERNEL32.DLL
0x00007fffdfbc0000 - 0x00007fffdfebf000 	C:\WINDOWS\System32\KERNELBASE.dll
0x00007fffdfac0000 - 0x00007fffdfbc0000 	C:\WINDOWS\System32\ucrtbase.dll
0x00007fffc4d50000 - 0x00007fffc4d67000 	C:\Users\MSI\.jdks\openjdk-23.0.2\bin\jli.dll
0x00007fffdb9c0000 - 0x00007fffdb9db000 	C:\Users\MSI\.jdks\openjdk-23.0.2\bin\VCRUNTIME140.dll
0x00007fffe0d90000 - 0x00007fffe0f2d000 	C:\WINDOWS\System32\USER32.dll
0x00007fffdf8b0000 - 0x00007fffdf8d2000 	C:\WINDOWS\System32\win32u.dll
0x00007fffca260000 - 0x00007fffca4fa000 	C:\WINDOWS\WinSxS\amd64_microsoft.windows.common-controls_6595b64144ccf1df_6.0.19041.4355_none_60b8b9eb71f62e16\COMCTL32.dll
0x00007fffe1bc0000 - 0x00007fffe1beb000 	C:\WINDOWS\System32\GDI32.dll
0x00007fffe0fe0000 - 0x00007fffe107e000 	C:\WINDOWS\System32\msvcrt.dll
0x00007fffdf9a0000 - 0x00007fffdfaba000 	C:\WINDOWS\System32\gdi32full.dll
0x00007fffdff70000 - 0x00007fffe000d000 	C:\WINDOWS\System32\msvcp_win.dll
0x00007fffe1410000 - 0x00007fffe143f000 	C:\WINDOWS\System32\IMM32.DLL
0x00007fffdb6b0000 - 0x00007fffdb6bc000 	C:\Users\MSI\.jdks\openjdk-23.0.2\bin\vcruntime140_1.dll
0x00007fffa4400000 - 0x00007fffa448e000 	C:\Users\MSI\.jdks\openjdk-23.0.2\bin\msvcp140.dll
0x00007fff3f9f0000 - 0x00007fff40740000 	C:\Users\MSI\.jdks\openjdk-23.0.2\bin\server\jvm.dll
0x00007fffe0f30000 - 0x00007fffe0fdf000 	C:\WINDOWS\System32\ADVAPI32.dll
0x00007fffe1d30000 - 0x00007fffe1dcf000 	C:\WINDOWS\System32\sechost.dll
0x00007fffe18c0000 - 0x00007fffe19e3000 	C:\WINDOWS\System32\RPCRT4.dll
0x00007fffdf8e0000 - 0x00007fffdf907000 	C:\WINDOWS\System32\bcrypt.dll
0x00007fffe1bf0000 - 0x00007fffe1c5b000 	C:\WINDOWS\System32\WS2_32.dll
0x00007fffdec20000 - 0x00007fffdec6b000 	C:\WINDOWS\SYSTEM32\POWRPROF.dll
0x00007fffdb7f0000 - 0x00007fffdb7fa000 	C:\WINDOWS\SYSTEM32\VERSION.dll
0x00007fffcd7b0000 - 0x00007fffcd7d7000 	C:\WINDOWS\SYSTEM32\WINMM.dll
0x00007fffdea90000 - 0x00007fffdeaa2000 	C:\WINDOWS\SYSTEM32\UMPDC.dll
0x00007fffdd510000 - 0x00007fffdd522000 	C:\WINDOWS\SYSTEM32\kernel.appcore.dll
0x00007fffd9250000 - 0x00007fffd925a000 	C:\Users\MSI\.jdks\openjdk-23.0.2\bin\jimage.dll
0x00007fffcce30000 - 0x00007fffcd014000 	C:\WINDOWS\SYSTEM32\DBGHELP.DLL
0x00007fffba0c0000 - 0x00007fffba0f4000 	C:\WINDOWS\SYSTEM32\dbgcore.DLL
0x00007fffdf910000 - 0x00007fffdf992000 	C:\WINDOWS\System32\bcryptPrimitives.dll
0x00007fffc6590000 - 0x00007fffc659f000 	C:\Users\MSI\.jdks\openjdk-23.0.2\bin\instrument.dll
0x00007fffc15b0000 - 0x00007fffc15ce000 	C:\Users\MSI\.jdks\openjdk-23.0.2\bin\java.dll
0x00007fffe1dd0000 - 0x00007fffe1efb000 	C:\WINDOWS\System32\ole32.dll
0x00007fffe1440000 - 0x00007fffe1795000 	C:\WINDOWS\System32\combase.dll
0x00007fffe05c0000 - 0x00007fffe0d2d000 	C:\WINDOWS\System32\SHELL32.dll
0x00007fffdd710000 - 0x00007fffddeb4000 	C:\WINDOWS\SYSTEM32\windows.storage.dll
0x00007fffdf0c0000 - 0x00007fffdf0ef000 	C:\WINDOWS\SYSTEM32\Wldp.dll
0x00007fffe1c60000 - 0x00007fffe1d2d000 	C:\WINDOWS\System32\OLEAUT32.dll
0x00007fffe17a0000 - 0x00007fffe184d000 	C:\WINDOWS\System32\SHCORE.dll
0x00007fffe0560000 - 0x00007fffe05b5000 	C:\WINDOWS\System32\shlwapi.dll
0x00007fffdf5c0000 - 0x00007fffdf5e4000 	C:\WINDOWS\SYSTEM32\profapi.dll
0x00007fffa40e0000 - 0x00007fffa41b7000 	C:\Users\MSI\.jdks\openjdk-23.0.2\bin\jsvml.dll
0x00007fffbb2e0000 - 0x00007fffbb2f7000 	C:\Users\MSI\.jdks\openjdk-23.0.2\bin\zip.dll
0x00007fffc62e0000 - 0x00007fffc62f0000 	C:\Users\MSI\.jdks\openjdk-23.0.2\bin\net.dll
0x00007fffdee20000 - 0x00007fffdee8c000 	C:\WINDOWS\system32\mswsock.dll
0x00007fffb8460000 - 0x00007fffb8476000 	C:\Users\MSI\.jdks\openjdk-23.0.2\bin\nio.dll
0x00007fffb8440000 - 0x00007fffb845a000 	C:\Program Files\JetBrains\IntelliJ IDEA 2024.3.3\bin\breakgen64.dll
0x00007fffc6000000 - 0x00007fffc6009000 	C:\Users\MSI\.jdks\openjdk-23.0.2\bin\extnet.dll
0x00007fffa1d00000 - 0x00007fffa1d24000 	C:\Users\MSI\AppData\Local\Temp\jansi-2.4.1-5fc97b0c8d22d729-jansi.dll
0x00007fffc15a0000 - 0x00007fffc15b0000 	C:\Users\MSI\.jdks\openjdk-23.0.2\bin\verify.dll

dbghelp: loaded successfully - version: 4.0.5 - missing functions: none
symbol engine: initialized successfully - sym options: 0x614 - pdb path: .;C:\Users\MSI\.jdks\openjdk-23.0.2\bin;C:\WINDOWS\SYSTEM32;C:\WINDOWS\WinSxS\amd64_microsoft.windows.common-controls_6595b64144ccf1df_6.0.19041.4355_none_60b8b9eb71f62e16;C:\Users\MSI\.jdks\openjdk-23.0.2\bin\server;C:\Program Files\JetBrains\IntelliJ IDEA 2024.3.3\bin;C:\Users\MSI\AppData\Local\Temp

VM Arguments:
jvm_args: -Dmaven.multiModuleProjectDirectory=C:\Users\MSI\Documents\versionmonsieur\pidev3A32_v1 -Djansi.passthrough=true -Dmaven.home=C:\Program Files\JetBrains\IntelliJ IDEA 2024.3.3\plugins\maven\lib\maven3 -Dclassworlds.conf=C:\Program Files\JetBrains\IntelliJ IDEA 2024.3.3\plugins\maven\lib\maven3\bin\m2.conf -Dmaven.ext.class.path=C:\Program Files\JetBrains\IntelliJ IDEA 2024.3.3\plugins\maven\lib\maven-event-listener.jar -javaagent:C:\Program Files\JetBrains\IntelliJ IDEA 2024.3.3\lib\idea_rt.jar=55864:C:\Program Files\JetBrains\IntelliJ IDEA 2024.3.3\bin -Dfile.encoding=UTF-8 -Dsun.stdout.encoding=UTF-8 -Dsun.stderr.encoding=UTF-8 
java_command: org.codehaus.classworlds.Launcher -Didea.version=2024.3.3 org.openjfx:javafx-maven-plugin:0.0.8:run
java_class_path (initial): C:\Program Files\JetBrains\IntelliJ IDEA 2024.3.3\plugins\maven\lib\maven3\boot\plexus-classworlds-2.8.0.jar;C:\Program Files\JetBrains\IntelliJ IDEA 2024.3.3\plugins\maven\lib\maven3\boot\plexus-classworlds.license
Launcher Type: SUN_STANDARD

[Global flags]
     intx CICompilerCount                          = 4                                         {product} {ergonomic}
     uint ConcGCThreads                            = 3                                         {product} {ergonomic}
     uint G1ConcRefinementThreads                  = 10                                        {product} {ergonomic}
   size_t G1HeapRegionSize                         = 2097152                                   {product} {ergonomic}
   size_t InitialHeapSize                          = 266338304                                 {product} {ergonomic}
   size_t MarkStackSize                            = 4194304                                   {product} {ergonomic}
   size_t MarkStackSizeMax                         = 536870912                                 {product} {ergonomic}
   size_t MaxHeapSize                              = 4248829952                                {product} {ergonomic}
   size_t MaxNewSize                               = 2548039680                                {product} {ergonomic}
   size_t MinHeapDeltaBytes                        = 2097152                                   {product} {ergonomic}
   size_t MinHeapSize                              = 8388608                                   {product} {ergonomic}
    uintx NonNMethodCodeHeapSize                   = 5832704                                {pd product} {ergonomic}
    uintx NonProfiledCodeHeapSize                  = 122945536                              {pd product} {ergonomic}
    uintx ProfiledCodeHeapSize                     = 122880000                              {pd product} {ergonomic}
    uintx ReservedCodeCacheSize                    = 251658240                              {pd product} {ergonomic}
     bool SegmentedCodeCache                       = true                                      {product} {ergonomic}
   size_t SoftMaxHeapSize                          = 4248829952                             {manageable} {ergonomic}
     bool UseCompressedOops                        = true                           {product lp64_product} {ergonomic}
     bool UseG1GC                                  = true                                      {product} {ergonomic}
     bool UseLargePagesIndividualAllocation        = false                                  {pd product} {ergonomic}

Logging:
Log output configuration:
 #0: stdout all=warning uptime,level,tags foldmultilines=false
 #1: stderr all=off uptime,level,tags foldmultilines=false

Environment Variables:
JAVA_HOME=C:\Program Files\Java\jdk-17
PATH=C:\oraclexe\app\oracle\product\11.2.0\server\bin;;C:\wamp64\bin\php\php8.2.0;C:\Program Files\Common Files\Oracle\Java\javapath;C:\oraclexe\app\oracle\product\11.2.0\server\bin;C:\Users\MSI\Desktop\Java\jdk1.8.0_311;C:\Program Files\Java\jdk-11.0.17;C:\Program Files\Java\jdk-17;C:\Windows;C:\Windows\System32\WindowsPowerShell\v1.0\;C:\Windows\System32\OpenSSH\;C:\Program Files (x86)\NVIDIA Corporation\PhysX\Common;C:\WINDOWS\system32;C:\WINDOWS;C:\WINDOWS\System32\Wbem;C:\WINDOWS\System32\WindowsPowerShell\v1.0\;C:\WINDOWS\System32\OpenSSH\;C:\Program Files (x86)\Microsoft SQL Server\160\Tools\Binn\;C:\Program Files\Microsoft SQL Server\160\Tools\Binn\;C:\Program Files\Microsoft SQL Server\Client SDK\ODBC\170\Tools\Binn\;C:\Program Files\Microsoft SQL Server\160\DTS\Binn\;C:\composer;C:\Program Files\FlutterFlow\flutterflow.exe;C:\Program Files\Git\cmd;C:\Users\MSI\AppData\Local\Programs\Python\Launcher\;C:\Users\MSI\scoop\shims;C:\Users\MSI\Desktop\javafx-sdk-21.0.2;C:\Users\MSI\Desktop\jdk-20;C:\Users\MSI\Desktop\Java\jdk-17.0.2;C:\Users\MSI\AppData\Local\Microsoft\WindowsApps;C:\Program Files\JetBrains\IntelliJ IDEA Community Edition 2023.3.4\bin;;C:\Program Files\JetBrains\IntelliJ IDEA 2024.3.3\bin;;C:\Users\MSI\AppData\Local\Programs\Microsoft VS Code\bin;C:\Users\MSI\AppData\Roaming\Composer\vendor\bin;C:\Users\MSI\AppData\Local\GitHubDesktop\bin
USERNAME=MSI
OS=Windows_NT
PROCESSOR_IDENTIFIER=Intel64 Family 6 Model 165 Stepping 2, GenuineIntel
TMP=C:\Users\MSI\AppData\Local\Temp
TEMP=C:\Users\MSI\AppData\Local\Temp




Periodic native trim disabled

---------------  S Y S T E M  ---------------

OS:
 Windows 10 , 64 bit Build 19041 (10.0.19041.5438)
OS uptime: 0 days 6:01 hours

CPU: total 12 (initial active 12) (6 cores per cpu, 2 threads per core) family 6 model 165 stepping 2 microcode 0xe2, cx8, cmov, fxsr, ht, mmx, 3dnowpref, sse, sse2, sse3, ssse3, sse4.1, sse4.2, popcnt, lzcnt, tsc, tscinvbit, avx, avx2, aes, erms, clmul, bmi1, bmi2, adx, fma, vzeroupper, clflush, clflushopt, rdtscp, f16c, pku
Processor Information for the first 12 processors :
  Max Mhz: 2592, Current Mhz: 2592, Mhz Limit: 2592

Memory: 4k page, system-wide physical 16205M (568M free)
TotalPageFile size 25375M (AvailPageFile size 340M)
current process WorkingSet (physical memory assigned to process): 223M, peak: 223M
current process commit charge ("private bytes"): 341M, peak: 401M

vm_info: OpenJDK 64-Bit Server VM (23.0.2+7-58) for windows-amd64 JRE (23.0.2+7-58), built on 2024-11-29T09:34:55Z with MS VC++ 17.6 (VS2022)

END.
